2016-12-18 00:03:30,765 [Thread-7:14368] [django.db.backends:89] [utils:execute] [DEBUG]- (0.001) SET SQL_AUTO_IS_NULL = 0; args=None
2016-12-18 00:03:30,768 [Thread-7:14368] [django.db.backends:89] [utils:execute] [DEBUG]- (0.000) SET SQL_AUTO_IS_NULL = 0; args=None
2016-12-18 00:03:30,770 [Thread-7:14368] [django.db.backends:89] [utils:execute] [DEBUG]- (0.001) SELECT `autoo_user`.`id`, `autoo_user`.`password`, `autoo_user`.`last_login`, `autoo_user`.`is_superuser`, `autoo_user`.`username`, `autoo_user`.`first_name`, `autoo_user`.`last_name`, `autoo_user`.`email`, `autoo_user`.`is_staff`, `autoo_user`.`is_active`, `autoo_user`.`date_joined`, `autoo_user`.`user_phone`, `autoo_user`.`user_role_name_id`, `autoo_user`.`user_describe`, `autoo_user`.`user_avatar`, `autoo_user`.`user_register_time` FROM `autoo_user` WHERE `autoo_user`.`username` = 'xzxzxz'; args=('xzxzxz',)
2016-12-18 00:03:30,788 [Thread-7:14368] [django.db.backends:89] [utils:execute] [DEBUG]- (0.001) SELECT `django_session`.`session_key`, `django_session`.`session_data`, `django_session`.`expire_date` FROM `django_session` WHERE (`django_session`.`expire_date` > '2016-12-17 16:03:30' AND `django_session`.`session_key` = '7wzdn2tyararvmseae59f7cxj0g8vlw1'); args=('2016-12-17 16:03:30', '7wzdn2tyararvmseae59f7cxj0g8vlw1')
2016-12-18 00:03:30,790 [Thread-7:14368] [django.db.backends:89] [utils:execute] [DEBUG]- (0.001) UPDATE `autoo_user` SET `last_login` = '2016-12-17 16:03:30' WHERE `autoo_user`.`id` = 13; args=('2016-12-17 16:03:30', 13)
2016-12-18 00:03:31,275 [Thread-7:14368] [django.db.backends:89] [utils:execute] [DEBUG]- (0.001) UPDATE `django_session` SET `session_data` = 'OWJkMjNmYjhmZTNlMzkzZjVhZDcxZDVlYWE2OGNjNjQ0MGM4Y2FkMTp7InVzZXJuYW1lIjoieHp4enh6IiwiX2F1dGhfdXNlcl9iYWNrZW5kIjoiZGphbmdvLmNvbnRyaWIuYXV0aC5iYWNrZW5kcy5Nb2RlbEJhY2tlbmQiLCJfYXV0aF91c2VyX2lkIjoiMTMiLCJfYXV0aF91c2VyX2hhc2giOiI2ODE0YmI0ZDRiOWNiYWYyMmJmNjU0N2M2MGU1NmM0NWFmYmUxNjc5In0=', `expire_date` = '2016-12-31 16:03:31' WHERE `django_session`.`session_key` = '7wzdn2tyararvmseae59f7cxj0g8vlw1'; args=('OWJkMjNmYjhmZTNlMzkzZjVhZDcxZDVlYWE2OGNjNjQ0MGM4Y2FkMTp7InVzZXJuYW1lIjoieHp4enh6IiwiX2F1dGhfdXNlcl9iYWNrZW5kIjoiZGphbmdvLmNvbnRyaWIuYXV0aC5iYWNrZW5kcy5Nb2RlbEJhY2tlbmQiLCJfYXV0aF91c2VyX2lkIjoiMTMiLCJfYXV0aF91c2VyX2hhc2giOiI2ODE0YmI0ZDRiOWNiYWYyMmJmNjU0N2M2MGU1NmM0NWFmYmUxNjc5In0=', '2016-12-31 16:03:31', '7wzdn2tyararvmseae59f7cxj0g8vlw1')
2016-12-18 00:03:31,286 [Thread-9:15120] [django.db.backends:89] [utils:execute] [DEBUG]- (0.000) SET SQL_AUTO_IS_NULL = 0; args=None
2016-12-18 00:03:31,291 [Thread-9:15120] [django.db.backends:89] [utils:execute] [DEBUG]- (0.000) SET SQL_AUTO_IS_NULL = 0; args=None
2016-12-18 00:03:31,292 [Thread-9:15120] [django.db.backends:89] [utils:execute] [DEBUG]- (0.001) SELECT `django_session`.`session_key`, `django_session`.`session_data`, `django_session`.`expire_date` FROM `django_session` WHERE (`django_session`.`expire_date` > '2016-12-17 16:03:31' AND `django_session`.`session_key` = '7wzdn2tyararvmseae59f7cxj0g8vlw1'); args=('2016-12-17 16:03:31', '7wzdn2tyararvmseae59f7cxj0g8vlw1')
2016-12-18 00:03:31,294 [Thread-9:15120] [django.db.backends:89] [utils:execute] [DEBUG]- (0.001) SELECT `autoo_user`.`id`, `autoo_user`.`password`, `autoo_user`.`last_login`, `autoo_user`.`is_superuser`, `autoo_user`.`username`, `autoo_user`.`first_name`, `autoo_user`.`last_name`, `autoo_user`.`email`, `autoo_user`.`is_staff`, `autoo_user`.`is_active`, `autoo_user`.`date_joined`, `autoo_user`.`user_phone`, `autoo_user`.`user_role_name_id`, `autoo_user`.`user_describe`, `autoo_user`.`user_avatar`, `autoo_user`.`user_register_time` FROM `autoo_user` WHERE `autoo_user`.`id` = 13; args=(13,)
2016-12-18 00:03:31,295 [Thread-9:15120] [django.db.backends:89] [utils:execute] [DEBUG]- (0.001) SELECT `autoo_user`.`id`, `autoo_user`.`password`, `autoo_user`.`last_login`, `autoo_user`.`is_superuser`, `autoo_user`.`username`, `autoo_user`.`first_name`, `autoo_user`.`last_name`, `autoo_user`.`email`, `autoo_user`.`is_staff`, `autoo_user`.`is_active`, `autoo_user`.`date_joined`, `autoo_user`.`user_phone`, `autoo_user`.`user_role_name_id`, `autoo_user`.`user_describe`, `autoo_user`.`user_avatar`, `autoo_user`.`user_register_time` FROM `autoo_user` WHERE `autoo_user`.`username` = 'xzxzxz'; args=('xzxzxz',)
2016-12-18 00:03:31,297 [Thread-9:15120] [django.db.backends:89] [utils:execute] [DEBUG]- (0.001) SELECT `autoo_role`.`id`, `autoo_role`.`role_name`, `autoo_role`.`role_power_id` FROM `autoo_role` WHERE `autoo_role`.`id` = 2; args=(2,)
2016-12-18 00:03:31,315 [Thread-9:15120] [autoo.views:177] [views:manager] [ERROR]- Invalid block tag on line 295: 'elseif', expected 'else' or 'endifequal'. Did you forget to register or load this tag?
2016-12-18 00:04:51,414 [Dummy-1:736] [django.db.backends:89] [utils:execute] [DEBUG]- (0.001) SET SQL_AUTO_IS_NULL = 0; args=None
2016-12-18 00:04:51,470 [Dummy-1:736] [django.db.backends:89] [utils:execute] [DEBUG]- (0.000) SET SQL_AUTO_IS_NULL = 0; args=None
2016-12-18 00:04:51,472 [Dummy-1:736] [django.db.backends:89] [utils:execute] [DEBUG]- (0.002) SHOW FULL TABLES; args=None
2016-12-18 00:04:51,475 [Dummy-1:736] [django.db.backends:89] [utils:execute] [DEBUG]- (0.001) SELECT `django_migrations`.`app`, `django_migrations`.`name` FROM `django_migrations`; args=()
2016-12-18 00:04:56,334 [Thread-3:13464] [django.db.backends:89] [utils:execute] [DEBUG]- (0.000) SET SQL_AUTO_IS_NULL = 0; args=None
2016-12-18 00:04:56,337 [Thread-3:13464] [django.db.backends:89] [utils:execute] [DEBUG]- (0.000) SET SQL_AUTO_IS_NULL = 0; args=None
2016-12-18 00:04:56,338 [Thread-3:13464] [django.db.backends:89] [utils:execute] [DEBUG]- (0.001) SELECT `autoo_user`.`id`, `autoo_user`.`password`, `autoo_user`.`last_login`, `autoo_user`.`is_superuser`, `autoo_user`.`username`, `autoo_user`.`first_name`, `autoo_user`.`last_name`, `autoo_user`.`email`, `autoo_user`.`is_staff`, `autoo_user`.`is_active`, `autoo_user`.`date_joined`, `autoo_user`.`user_phone`, `autoo_user`.`user_role_name_id`, `autoo_user`.`user_describe`, `autoo_user`.`user_avatar`, `autoo_user`.`user_register_time` FROM `autoo_user` WHERE `autoo_user`.`username` = 'xzxzxz'; args=('xzxzxz',)
2016-12-18 00:04:56,371 [Thread-3:13464] [django.db.backends:89] [utils:execute] [DEBUG]- (0.001) SELECT `django_session`.`session_key`, `django_session`.`session_data`, `django_session`.`expire_date` FROM `django_session` WHERE (`django_session`.`expire_date` > '2016-12-17 16:04:56' AND `django_session`.`session_key` = '7wzdn2tyararvmseae59f7cxj0g8vlw1'); args=('2016-12-17 16:04:56', '7wzdn2tyararvmseae59f7cxj0g8vlw1')
2016-12-18 00:04:56,373 [Thread-3:13464] [django.db.backends:89] [utils:execute] [DEBUG]- (0.000) UPDATE `autoo_user` SET `last_login` = '2016-12-17 16:04:56' WHERE `autoo_user`.`id` = 13; args=('2016-12-17 16:04:56', 13)
2016-12-18 00:04:56,856 [Thread-3:13464] [autoo.views:69] [views:userlogin] [ERROR]- Invalid block tag on line 295: 'elseif', expected 'else' or 'endifequal'. Did you forget to register or load this tag?
2016-12-18 00:04:56,860 [Thread-3:13464] [django.db.backends:89] [utils:execute] [DEBUG]- (0.001) UPDATE `django_session` SET `session_data` = 'NjMwZjRhZDQxMjliYTgyNmMzNzY5OTNjNjFiNGQ1MGM4ZDdiZWQ3OTp7InVzZXJuYW1lIjoieHp4enh6IiwiX2F1dGhfdXNlcl9iYWNrZW5kIjoiZGphbmdvLmNvbnRyaWIuYXV0aC5iYWNrZW5kcy5Nb2RlbEJhY2tlbmQiLCJfYXV0aF91c2VyX2hhc2giOiI2ODE0YmI0ZDRiOWNiYWYyMmJmNjU0N2M2MGU1NmM0NWFmYmUxNjc5IiwiX2F1dGhfdXNlcl9pZCI6IjEzIn0=', `expire_date` = '2016-12-31 16:04:56' WHERE `django_session`.`session_key` = '7wzdn2tyararvmseae59f7cxj0g8vlw1'; args=('NjMwZjRhZDQxMjliYTgyNmMzNzY5OTNjNjFiNGQ1MGM4ZDdiZWQ3OTp7InVzZXJuYW1lIjoieHp4enh6IiwiX2F1dGhfdXNlcl9iYWNrZW5kIjoiZGphbmdvLmNvbnRyaWIuYXV0aC5iYWNrZW5kcy5Nb2RlbEJhY2tlbmQiLCJfYXV0aF91c2VyX2hhc2giOiI2ODE0YmI0ZDRiOWNiYWYyMmJmNjU0N2M2MGU1NmM0NWFmYmUxNjc5IiwiX2F1dGhfdXNlcl9pZCI6IjEzIn0=', '2016-12-31 16:04:56', '7wzdn2tyararvmseae59f7cxj0g8vlw1')
2016-12-18 00:05:07,600 [Thread-4:15620] [django.db.backends:89] [utils:execute] [DEBUG]- (0.000) SET SQL_AUTO_IS_NULL = 0; args=None
2016-12-18 00:05:07,603 [Thread-4:15620] [django.db.backends:89] [utils:execute] [DEBUG]- (0.001) SET SQL_AUTO_IS_NULL = 0; args=None
2016-12-18 00:05:07,604 [Thread-4:15620] [django.db.backends:89] [utils:execute] [DEBUG]- (0.001) SELECT `autoo_user`.`id`, `autoo_user`.`password`, `autoo_user`.`last_login`, `autoo_user`.`is_superuser`, `autoo_user`.`username`, `autoo_user`.`first_name`, `autoo_user`.`last_name`, `autoo_user`.`email`, `autoo_user`.`is_staff`, `autoo_user`.`is_active`, `autoo_user`.`date_joined`, `autoo_user`.`user_phone`, `autoo_user`.`user_role_name_id`, `autoo_user`.`user_describe`, `autoo_user`.`user_avatar`, `autoo_user`.`user_register_time` FROM `autoo_user` WHERE `autoo_user`.`username` = 'xzxzxz'; args=('xzxzxz',)
2016-12-18 00:05:07,636 [Thread-4:15620] [django.db.backends:89] [utils:execute] [DEBUG]- (0.001) SELECT `django_session`.`session_key`, `django_session`.`session_data`, `django_session`.`expire_date` FROM `django_session` WHERE (`django_session`.`expire_date` > '2016-12-17 16:05:07' AND `django_session`.`session_key` = '7wzdn2tyararvmseae59f7cxj0g8vlw1'); args=('2016-12-17 16:05:07', '7wzdn2tyararvmseae59f7cxj0g8vlw1')
2016-12-18 00:05:07,638 [Thread-4:15620] [django.db.backends:89] [utils:execute] [DEBUG]- (0.001) UPDATE `autoo_user` SET `last_login` = '2016-12-17 16:05:07' WHERE `autoo_user`.`id` = 13; args=('2016-12-17 16:05:07', 13)
2016-12-18 00:05:07,658 [Thread-4:15620] [autoo.views:69] [views:userlogin] [ERROR]- Invalid block tag on line 295: 'elseif', expected 'else' or 'endifequal'. Did you forget to register or load this tag?
2016-12-18 00:05:07,663 [Thread-4:15620] [django.db.backends:89] [utils:execute] [DEBUG]- (0.001) UPDATE `django_session` SET `session_data` = 'NjMwZjRhZDQxMjliYTgyNmMzNzY5OTNjNjFiNGQ1MGM4ZDdiZWQ3OTp7InVzZXJuYW1lIjoieHp4enh6IiwiX2F1dGhfdXNlcl9iYWNrZW5kIjoiZGphbmdvLmNvbnRyaWIuYXV0aC5iYWNrZW5kcy5Nb2RlbEJhY2tlbmQiLCJfYXV0aF91c2VyX2hhc2giOiI2ODE0YmI0ZDRiOWNiYWYyMmJmNjU0N2M2MGU1NmM0NWFmYmUxNjc5IiwiX2F1dGhfdXNlcl9pZCI6IjEzIn0=', `expire_date` = '2016-12-31 16:05:07' WHERE `django_session`.`session_key` = '7wzdn2tyararvmseae59f7cxj0g8vlw1'; args=('NjMwZjRhZDQxMjliYTgyNmMzNzY5OTNjNjFiNGQ1MGM4ZDdiZWQ3OTp7InVzZXJuYW1lIjoieHp4enh6IiwiX2F1dGhfdXNlcl9iYWNrZW5kIjoiZGphbmdvLmNvbnRyaWIuYXV0aC5iYWNrZW5kcy5Nb2RlbEJhY2tlbmQiLCJfYXV0aF91c2VyX2hhc2giOiI2ODE0YmI0ZDRiOWNiYWYyMmJmNjU0N2M2MGU1NmM0NWFmYmUxNjc5IiwiX2F1dGhfdXNlcl9pZCI6IjEzIn0=', '2016-12-31 16:05:07', '7wzdn2tyararvmseae59f7cxj0g8vlw1')
2016-12-18 00:05:21,782 [Thread-7:16324] [django.template:927] [base:_resolve_lookup] [DEBUG]- Exception while resolving variable 'name' in template 'unknown'.
Traceback (most recent call last):
  File "G:\python test\django_basic_venv\lib\site-packages\django\core\handlers\base.py", line 134, in get_response
    resolver_match = resolver.resolve(request.path_info)
  File "G:\python test\django_basic_venv\lib\site-packages\django\core\urlresolvers.py", line 404, in resolve
    raise Resolver404({'tried': tried, 'path': new_path})
django.core.urlresolvers.Resolver404: {'tried': [[<RegexURLResolver <RegexURLPattern list> (admin:admin) ^admin/>], [<RegexURLPattern upload_image ^admin/upload/(?P<dir_name>[^/]+)/>], [<RegexURLPattern None uploads/(?P<path>.*)$>], [<RegexURLPattern userlogin ^$>], [<RegexURLPattern manager ^manager/(?P<user_name>[^/]+)/$>], [<RegexURLPattern register register/>], [<RegexURLPattern logoutUser logoutUser/>], [<RegexURLPattern usermsg usermsg/>], [<RegexURLPattern userinfo userinfo/>], [<RegexURLPattern usersetting usersetting/>]], 'path': 'login/'}

During handling of the above exception, another exception occurred:

Traceback (most recent call last):
  File "G:\python test\django_basic_venv\lib\site-packages\django\template\base.py", line 883, in _resolve_lookup
    current = current[bit]
TypeError: 'RegexURLResolver' object is not subscriptable

During handling of the above exception, another exception occurred:

Traceback (most recent call last):
  File "G:\python test\django_basic_venv\lib\site-packages\django\template\base.py", line 891, in _resolve_lookup
    current = getattr(current, bit)
AttributeError: 'RegexURLResolver' object has no attribute 'name'

During handling of the above exception, another exception occurred:

Traceback (most recent call last):
  File "G:\python test\django_basic_venv\lib\site-packages\django\template\base.py", line 898, in _resolve_lookup
    current = current[int(bit)]
ValueError: invalid literal for int() with base 10: 'name'

During handling of the above exception, another exception occurred:

Traceback (most recent call last):
  File "G:\python test\django_basic_venv\lib\site-packages\django\template\base.py", line 905, in _resolve_lookup
    (bit, current))  # missing attribute
django.template.base.VariableDoesNotExist: Failed lookup for key [name] in '<RegexURLResolver <RegexURLPattern list> (admin:admin) ^admin/>'
2016-12-18 00:05:30,102 [Thread-12:9228] [django.db.backends:89] [utils:execute] [DEBUG]- (0.000) SET SQL_AUTO_IS_NULL = 0; args=None
2016-12-18 00:05:30,105 [Thread-12:9228] [django.db.backends:89] [utils:execute] [DEBUG]- (0.000) SET SQL_AUTO_IS_NULL = 0; args=None
2016-12-18 00:05:30,107 [Thread-12:9228] [django.db.backends:89] [utils:execute] [DEBUG]- (0.001) SELECT `autoo_user`.`id`, `autoo_user`.`password`, `autoo_user`.`last_login`, `autoo_user`.`is_superuser`, `autoo_user`.`username`, `autoo_user`.`first_name`, `autoo_user`.`last_name`, `autoo_user`.`email`, `autoo_user`.`is_staff`, `autoo_user`.`is_active`, `autoo_user`.`date_joined`, `autoo_user`.`user_phone`, `autoo_user`.`user_role_name_id`, `autoo_user`.`user_describe`, `autoo_user`.`user_avatar`, `autoo_user`.`user_register_time` FROM `autoo_user` WHERE `autoo_user`.`username` = 'xzxzxz'; args=('xzxzxz',)
2016-12-18 00:05:30,124 [Thread-12:9228] [django.db.backends:89] [utils:execute] [DEBUG]- (0.001) SELECT `django_session`.`session_key`, `django_session`.`session_data`, `django_session`.`expire_date` FROM `django_session` WHERE (`django_session`.`expire_date` > '2016-12-17 16:05:30' AND `django_session`.`session_key` = '7wzdn2tyararvmseae59f7cxj0g8vlw1'); args=('2016-12-17 16:05:30', '7wzdn2tyararvmseae59f7cxj0g8vlw1')
2016-12-18 00:05:30,126 [Thread-12:9228] [django.db.backends:89] [utils:execute] [DEBUG]- (0.000) UPDATE `autoo_user` SET `last_login` = '2016-12-17 16:05:30' WHERE `autoo_user`.`id` = 13; args=('2016-12-17 16:05:30', 13)
2016-12-18 00:05:30,609 [Thread-12:9228] [autoo.views:69] [views:userlogin] [ERROR]- Invalid block tag on line 295: 'elseif', expected 'else' or 'endifequal'. Did you forget to register or load this tag?
2016-12-18 00:05:30,613 [Thread-12:9228] [django.db.backends:89] [utils:execute] [DEBUG]- (0.001) UPDATE `django_session` SET `session_data` = 'NjMwZjRhZDQxMjliYTgyNmMzNzY5OTNjNjFiNGQ1MGM4ZDdiZWQ3OTp7InVzZXJuYW1lIjoieHp4enh6IiwiX2F1dGhfdXNlcl9iYWNrZW5kIjoiZGphbmdvLmNvbnRyaWIuYXV0aC5iYWNrZW5kcy5Nb2RlbEJhY2tlbmQiLCJfYXV0aF91c2VyX2hhc2giOiI2ODE0YmI0ZDRiOWNiYWYyMmJmNjU0N2M2MGU1NmM0NWFmYmUxNjc5IiwiX2F1dGhfdXNlcl9pZCI6IjEzIn0=', `expire_date` = '2016-12-31 16:05:30' WHERE `django_session`.`session_key` = '7wzdn2tyararvmseae59f7cxj0g8vlw1'; args=('NjMwZjRhZDQxMjliYTgyNmMzNzY5OTNjNjFiNGQ1MGM4ZDdiZWQ3OTp7InVzZXJuYW1lIjoieHp4enh6IiwiX2F1dGhfdXNlcl9iYWNrZW5kIjoiZGphbmdvLmNvbnRyaWIuYXV0aC5iYWNrZW5kcy5Nb2RlbEJhY2tlbmQiLCJfYXV0aF91c2VyX2hhc2giOiI2ODE0YmI0ZDRiOWNiYWYyMmJmNjU0N2M2MGU1NmM0NWFmYmUxNjc5IiwiX2F1dGhfdXNlcl9pZCI6IjEzIn0=', '2016-12-31 16:05:30', '7wzdn2tyararvmseae59f7cxj0g8vlw1')
2016-12-18 00:05:54,345 [Thread-15:9724] [django.db.backends:89] [utils:execute] [DEBUG]- (0.001) SET SQL_AUTO_IS_NULL = 0; args=None
2016-12-18 00:05:54,348 [Thread-15:9724] [django.db.backends:89] [utils:execute] [DEBUG]- (0.000) SET SQL_AUTO_IS_NULL = 0; args=None
2016-12-18 00:05:54,349 [Thread-15:9724] [django.db.backends:89] [utils:execute] [DEBUG]- (0.001) SELECT `autoo_user`.`id`, `autoo_user`.`password`, `autoo_user`.`last_login`, `autoo_user`.`is_superuser`, `autoo_user`.`username`, `autoo_user`.`first_name`, `autoo_user`.`last_name`, `autoo_user`.`email`, `autoo_user`.`is_staff`, `autoo_user`.`is_active`, `autoo_user`.`date_joined`, `autoo_user`.`user_phone`, `autoo_user`.`user_role_name_id`, `autoo_user`.`user_describe`, `autoo_user`.`user_avatar`, `autoo_user`.`user_register_time` FROM `autoo_user` WHERE `autoo_user`.`username` = 'xzxzxz'; args=('xzxzxz',)
2016-12-18 00:05:54,367 [Thread-15:9724] [django.db.backends:89] [utils:execute] [DEBUG]- (0.001) SELECT `django_session`.`session_key`, `django_session`.`session_data`, `django_session`.`expire_date` FROM `django_session` WHERE (`django_session`.`expire_date` > '2016-12-17 16:05:54' AND `django_session`.`session_key` = '7wzdn2tyararvmseae59f7cxj0g8vlw1'); args=('2016-12-17 16:05:54', '7wzdn2tyararvmseae59f7cxj0g8vlw1')
2016-12-18 00:05:54,369 [Thread-15:9724] [django.db.backends:89] [utils:execute] [DEBUG]- (0.000) UPDATE `autoo_user` SET `last_login` = '2016-12-17 16:05:54' WHERE `autoo_user`.`id` = 13; args=('2016-12-17 16:05:54', 13)
2016-12-18 00:05:54,865 [Thread-15:9724] [autoo.views:69] [views:userlogin] [ERROR]- Invalid block tag on line 295: 'elseif', expected 'else' or 'endifequal'. Did you forget to register or load this tag?
2016-12-18 00:05:54,869 [Thread-15:9724] [django.db.backends:89] [utils:execute] [DEBUG]- (0.001) UPDATE `django_session` SET `session_data` = 'NjMwZjRhZDQxMjliYTgyNmMzNzY5OTNjNjFiNGQ1MGM4ZDdiZWQ3OTp7InVzZXJuYW1lIjoieHp4enh6IiwiX2F1dGhfdXNlcl9iYWNrZW5kIjoiZGphbmdvLmNvbnRyaWIuYXV0aC5iYWNrZW5kcy5Nb2RlbEJhY2tlbmQiLCJfYXV0aF91c2VyX2hhc2giOiI2ODE0YmI0ZDRiOWNiYWYyMmJmNjU0N2M2MGU1NmM0NWFmYmUxNjc5IiwiX2F1dGhfdXNlcl9pZCI6IjEzIn0=', `expire_date` = '2016-12-31 16:05:54' WHERE `django_session`.`session_key` = '7wzdn2tyararvmseae59f7cxj0g8vlw1'; args=('NjMwZjRhZDQxMjliYTgyNmMzNzY5OTNjNjFiNGQ1MGM4ZDdiZWQ3OTp7InVzZXJuYW1lIjoieHp4enh6IiwiX2F1dGhfdXNlcl9iYWNrZW5kIjoiZGphbmdvLmNvbnRyaWIuYXV0aC5iYWNrZW5kcy5Nb2RlbEJhY2tlbmQiLCJfYXV0aF91c2VyX2hhc2giOiI2ODE0YmI0ZDRiOWNiYWYyMmJmNjU0N2M2MGU1NmM0NWFmYmUxNjc5IiwiX2F1dGhfdXNlcl9pZCI6IjEzIn0=', '2016-12-31 16:05:54', '7wzdn2tyararvmseae59f7cxj0g8vlw1')
2016-12-18 00:06:21,615 [Thread-16:16976] [django.db.backends:89] [utils:execute] [DEBUG]- (0.000) SET SQL_AUTO_IS_NULL = 0; args=None
2016-12-18 00:06:21,618 [Thread-16:16976] [django.db.backends:89] [utils:execute] [DEBUG]- (0.000) SET SQL_AUTO_IS_NULL = 0; args=None
2016-12-18 00:06:21,620 [Thread-16:16976] [django.db.backends:89] [utils:execute] [DEBUG]- (0.001) SELECT `autoo_user`.`id`, `autoo_user`.`password`, `autoo_user`.`last_login`, `autoo_user`.`is_superuser`, `autoo_user`.`username`, `autoo_user`.`first_name`, `autoo_user`.`last_name`, `autoo_user`.`email`, `autoo_user`.`is_staff`, `autoo_user`.`is_active`, `autoo_user`.`date_joined`, `autoo_user`.`user_phone`, `autoo_user`.`user_role_name_id`, `autoo_user`.`user_describe`, `autoo_user`.`user_avatar`, `autoo_user`.`user_register_time` FROM `autoo_user` WHERE `autoo_user`.`username` = 'xzxzxz'; args=('xzxzxz',)
2016-12-18 00:06:21,638 [Thread-16:16976] [django.db.backends:89] [utils:execute] [DEBUG]- (0.001) SELECT `django_session`.`session_key`, `django_session`.`session_data`, `django_session`.`expire_date` FROM `django_session` WHERE (`django_session`.`expire_date` > '2016-12-17 16:06:21' AND `django_session`.`session_key` = '7wzdn2tyararvmseae59f7cxj0g8vlw1'); args=('2016-12-17 16:06:21', '7wzdn2tyararvmseae59f7cxj0g8vlw1')
2016-12-18 00:06:21,640 [Thread-16:16976] [django.db.backends:89] [utils:execute] [DEBUG]- (0.001) UPDATE `autoo_user` SET `last_login` = '2016-12-17 16:06:21' WHERE `autoo_user`.`id` = 13; args=('2016-12-17 16:06:21', 13)
2016-12-18 00:06:21,651 [Thread-16:16976] [autoo.views:69] [views:userlogin] [ERROR]- Invalid block tag on line 295: 'elseif', expected 'else' or 'endifequal'. Did you forget to register or load this tag?
2016-12-18 00:06:21,655 [Thread-16:16976] [django.db.backends:89] [utils:execute] [DEBUG]- (0.001) UPDATE `django_session` SET `session_data` = 'NjMwZjRhZDQxMjliYTgyNmMzNzY5OTNjNjFiNGQ1MGM4ZDdiZWQ3OTp7InVzZXJuYW1lIjoieHp4enh6IiwiX2F1dGhfdXNlcl9iYWNrZW5kIjoiZGphbmdvLmNvbnRyaWIuYXV0aC5iYWNrZW5kcy5Nb2RlbEJhY2tlbmQiLCJfYXV0aF91c2VyX2hhc2giOiI2ODE0YmI0ZDRiOWNiYWYyMmJmNjU0N2M2MGU1NmM0NWFmYmUxNjc5IiwiX2F1dGhfdXNlcl9pZCI6IjEzIn0=', `expire_date` = '2016-12-31 16:06:21' WHERE `django_session`.`session_key` = '7wzdn2tyararvmseae59f7cxj0g8vlw1'; args=('NjMwZjRhZDQxMjliYTgyNmMzNzY5OTNjNjFiNGQ1MGM4ZDdiZWQ3OTp7InVzZXJuYW1lIjoieHp4enh6IiwiX2F1dGhfdXNlcl9iYWNrZW5kIjoiZGphbmdvLmNvbnRyaWIuYXV0aC5iYWNrZW5kcy5Nb2RlbEJhY2tlbmQiLCJfYXV0aF91c2VyX2hhc2giOiI2ODE0YmI0ZDRiOWNiYWYyMmJmNjU0N2M2MGU1NmM0NWFmYmUxNjc5IiwiX2F1dGhfdXNlcl9pZCI6IjEzIn0=', '2016-12-31 16:06:21', '7wzdn2tyararvmseae59f7cxj0g8vlw1')
2016-12-18 00:07:19,114 [Dummy-1:16124] [django.db.backends:89] [utils:execute] [DEBUG]- (0.000) SET SQL_AUTO_IS_NULL = 0; args=None
2016-12-18 00:07:19,168 [Dummy-1:16124] [django.db.backends:89] [utils:execute] [DEBUG]- (0.001) SET SQL_AUTO_IS_NULL = 0; args=None
2016-12-18 00:07:19,170 [Dummy-1:16124] [django.db.backends:89] [utils:execute] [DEBUG]- (0.002) SHOW FULL TABLES; args=None
2016-12-18 00:07:19,173 [Dummy-1:16124] [django.db.backends:89] [utils:execute] [DEBUG]- (0.001) SELECT `django_migrations`.`app`, `django_migrations`.`name` FROM `django_migrations`; args=()
2016-12-18 00:07:37,124 [Dummy-1:17264] [django.db.backends:89] [utils:execute] [DEBUG]- (0.001) SET SQL_AUTO_IS_NULL = 0; args=None
2016-12-18 00:07:37,182 [Dummy-1:17264] [django.db.backends:89] [utils:execute] [DEBUG]- (0.001) SET SQL_AUTO_IS_NULL = 0; args=None
2016-12-18 00:07:37,183 [Dummy-1:17264] [django.db.backends:89] [utils:execute] [DEBUG]- (0.001) SHOW FULL TABLES; args=None
2016-12-18 00:07:37,186 [Dummy-1:17264] [django.db.backends:89] [utils:execute] [DEBUG]- (0.001) SELECT `django_migrations`.`app`, `django_migrations`.`name` FROM `django_migrations`; args=()
2016-12-18 00:07:56,765 [Thread-10:12772] [django.template:927] [base:_resolve_lookup] [DEBUG]- Exception while resolving variable 'name' in template 'unknown'.
Traceback (most recent call last):
  File "G:\python test\django_basic_venv\lib\site-packages\django\core\handlers\base.py", line 134, in get_response
    resolver_match = resolver.resolve(request.path_info)
  File "G:\python test\django_basic_venv\lib\site-packages\django\core\urlresolvers.py", line 404, in resolve
    raise Resolver404({'tried': tried, 'path': new_path})
django.core.urlresolvers.Resolver404: {'tried': [[<RegexURLResolver <RegexURLPattern list> (admin:admin) ^admin/>], [<RegexURLPattern upload_image ^admin/upload/(?P<dir_name>[^/]+)/>], [<RegexURLPattern None uploads/(?P<path>.*)$>], [<RegexURLPattern userlogin ^$>], [<RegexURLPattern manager ^manager/(?P<user_name>[^/]+)/$>], [<RegexURLPattern register register/>], [<RegexURLPattern logoutUser logoutUser/>], [<RegexURLPattern usermsg usermsg/>], [<RegexURLPattern userinfo userinfo/>], [<RegexURLPattern usersetting usersetting/>]], 'path': 'favicon.ico'}

During handling of the above exception, another exception occurred:

Traceback (most recent call last):
  File "G:\python test\django_basic_venv\lib\site-packages\django\template\base.py", line 883, in _resolve_lookup
    current = current[bit]
TypeError: 'RegexURLResolver' object is not subscriptable

During handling of the above exception, another exception occurred:

Traceback (most recent call last):
  File "G:\python test\django_basic_venv\lib\site-packages\django\template\base.py", line 891, in _resolve_lookup
    current = getattr(current, bit)
AttributeError: 'RegexURLResolver' object has no attribute 'name'

During handling of the above exception, another exception occurred:

Traceback (most recent call last):
  File "G:\python test\django_basic_venv\lib\site-packages\django\template\base.py", line 898, in _resolve_lookup
    current = current[int(bit)]
ValueError: invalid literal for int() with base 10: 'name'

During handling of the above exception, another exception occurred:

Traceback (most recent call last):
  File "G:\python test\django_basic_venv\lib\site-packages\django\template\base.py", line 905, in _resolve_lookup
    (bit, current))  # missing attribute
django.template.base.VariableDoesNotExist: Failed lookup for key [name] in '<RegexURLResolver <RegexURLPattern list> (admin:admin) ^admin/>'
2016-12-18 00:08:02,127 [Thread-11:14112] [django.db.backends:89] [utils:execute] [DEBUG]- (0.000) SET SQL_AUTO_IS_NULL = 0; args=None
2016-12-18 00:08:02,131 [Thread-11:14112] [django.db.backends:89] [utils:execute] [DEBUG]- (0.001) SET SQL_AUTO_IS_NULL = 0; args=None
2016-12-18 00:08:02,132 [Thread-11:14112] [django.db.backends:89] [utils:execute] [DEBUG]- (0.001) SELECT `autoo_user`.`id`, `autoo_user`.`password`, `autoo_user`.`last_login`, `autoo_user`.`is_superuser`, `autoo_user`.`username`, `autoo_user`.`first_name`, `autoo_user`.`last_name`, `autoo_user`.`email`, `autoo_user`.`is_staff`, `autoo_user`.`is_active`, `autoo_user`.`date_joined`, `autoo_user`.`user_phone`, `autoo_user`.`user_role_name_id`, `autoo_user`.`user_describe`, `autoo_user`.`user_avatar`, `autoo_user`.`user_register_time` FROM `autoo_user` WHERE `autoo_user`.`username` = 'xzxzxz'; args=('xzxzxz',)
2016-12-18 00:08:02,150 [Thread-11:14112] [django.db.backends:89] [utils:execute] [DEBUG]- (0.001) SELECT `django_session`.`session_key`, `django_session`.`session_data`, `django_session`.`expire_date` FROM `django_session` WHERE (`django_session`.`expire_date` > '2016-12-17 16:08:02' AND `django_session`.`session_key` = '7wzdn2tyararvmseae59f7cxj0g8vlw1'); args=('2016-12-17 16:08:02', '7wzdn2tyararvmseae59f7cxj0g8vlw1')
2016-12-18 00:08:02,154 [Thread-11:14112] [django.db.backends:89] [utils:execute] [DEBUG]- (0.002) UPDATE `autoo_user` SET `last_login` = '2016-12-17 16:08:02' WHERE `autoo_user`.`id` = 13; args=('2016-12-17 16:08:02', 13)
2016-12-18 00:08:02,647 [Thread-11:14112] [django.db.backends:89] [utils:execute] [DEBUG]- (0.001) UPDATE `django_session` SET `session_data` = 'MTUzYzQ2YzVjMGU4NzhhODEzMWI0ODcwNDljY2RlNTM4YTE2YjZjNTp7InVzZXJuYW1lIjoieHp4enh6IiwiX2F1dGhfdXNlcl9oYXNoIjoiNjgxNGJiNGQ0YjljYmFmMjJiZjY1NDdjNjBlNTZjNDVhZmJlMTY3OSIsIl9hdXRoX3VzZXJfaWQiOiIxMyIsIl9hdXRoX3VzZXJfYmFja2VuZCI6ImRqYW5nby5jb250cmliLmF1dGguYmFja2VuZHMuTW9kZWxCYWNrZW5kIn0=', `expire_date` = '2016-12-31 16:08:02' WHERE `django_session`.`session_key` = '7wzdn2tyararvmseae59f7cxj0g8vlw1'; args=('MTUzYzQ2YzVjMGU4NzhhODEzMWI0ODcwNDljY2RlNTM4YTE2YjZjNTp7InVzZXJuYW1lIjoieHp4enh6IiwiX2F1dGhfdXNlcl9oYXNoIjoiNjgxNGJiNGQ0YjljYmFmMjJiZjY1NDdjNjBlNTZjNDVhZmJlMTY3OSIsIl9hdXRoX3VzZXJfaWQiOiIxMyIsIl9hdXRoX3VzZXJfYmFja2VuZCI6ImRqYW5nby5jb250cmliLmF1dGguYmFja2VuZHMuTW9kZWxCYWNrZW5kIn0=', '2016-12-31 16:08:02', '7wzdn2tyararvmseae59f7cxj0g8vlw1')
2016-12-18 00:08:02,659 [Thread-13:16200] [django.db.backends:89] [utils:execute] [DEBUG]- (0.000) SET SQL_AUTO_IS_NULL = 0; args=None
2016-12-18 00:08:02,676 [Thread-13:16200] [django.db.backends:89] [utils:execute] [DEBUG]- (0.002) SET SQL_AUTO_IS_NULL = 0; args=None
2016-12-18 00:08:02,677 [Thread-13:16200] [django.db.backends:89] [utils:execute] [DEBUG]- (0.000) SELECT `django_session`.`session_key`, `django_session`.`session_data`, `django_session`.`expire_date` FROM `django_session` WHERE (`django_session`.`expire_date` > '2016-12-17 16:08:02' AND `django_session`.`session_key` = '7wzdn2tyararvmseae59f7cxj0g8vlw1'); args=('2016-12-17 16:08:02', '7wzdn2tyararvmseae59f7cxj0g8vlw1')
2016-12-18 00:08:02,680 [Thread-13:16200] [django.db.backends:89] [utils:execute] [DEBUG]- (0.002) SELECT `autoo_user`.`id`, `autoo_user`.`password`, `autoo_user`.`last_login`, `autoo_user`.`is_superuser`, `autoo_user`.`username`, `autoo_user`.`first_name`, `autoo_user`.`last_name`, `autoo_user`.`email`, `autoo_user`.`is_staff`, `autoo_user`.`is_active`, `autoo_user`.`date_joined`, `autoo_user`.`user_phone`, `autoo_user`.`user_role_name_id`, `autoo_user`.`user_describe`, `autoo_user`.`user_avatar`, `autoo_user`.`user_register_time` FROM `autoo_user` WHERE `autoo_user`.`id` = 13; args=(13,)
2016-12-18 00:08:02,682 [Thread-13:16200] [django.db.backends:89] [utils:execute] [DEBUG]- (0.001) SELECT `autoo_user`.`id`, `autoo_user`.`password`, `autoo_user`.`last_login`, `autoo_user`.`is_superuser`, `autoo_user`.`username`, `autoo_user`.`first_name`, `autoo_user`.`last_name`, `autoo_user`.`email`, `autoo_user`.`is_staff`, `autoo_user`.`is_active`, `autoo_user`.`date_joined`, `autoo_user`.`user_phone`, `autoo_user`.`user_role_name_id`, `autoo_user`.`user_describe`, `autoo_user`.`user_avatar`, `autoo_user`.`user_register_time` FROM `autoo_user` WHERE `autoo_user`.`username` = 'xzxzxz'; args=('xzxzxz',)
2016-12-18 00:08:02,685 [Thread-13:16200] [django.db.backends:89] [utils:execute] [DEBUG]- (0.002) SELECT `autoo_role`.`id`, `autoo_role`.`role_name`, `autoo_role`.`role_power_id` FROM `autoo_role` WHERE `autoo_role`.`id` = 2; args=(2,)
2016-12-18 00:08:02,706 [Thread-13:16200] [autoo.views:178] [views:manager] [ERROR]- Invalid block tag on line 295: 'elseif', expected 'else' or 'endifequal'. Did you forget to register or load this tag?
2016-12-18 00:08:32,616 [Thread-14:7204] [django.db.backends:89] [utils:execute] [DEBUG]- (0.000) SET SQL_AUTO_IS_NULL = 0; args=None
2016-12-18 00:08:32,620 [Thread-14:7204] [django.db.backends:89] [utils:execute] [DEBUG]- (0.000) SET SQL_AUTO_IS_NULL = 0; args=None
2016-12-18 00:08:32,622 [Thread-14:7204] [django.db.backends:89] [utils:execute] [DEBUG]- (0.001) SELECT `django_session`.`session_key`, `django_session`.`session_data`, `django_session`.`expire_date` FROM `django_session` WHERE (`django_session`.`expire_date` > '2016-12-17 16:08:32' AND `django_session`.`session_key` = '7wzdn2tyararvmseae59f7cxj0g8vlw1'); args=('2016-12-17 16:08:32', '7wzdn2tyararvmseae59f7cxj0g8vlw1')
2016-12-18 00:08:32,624 [Thread-14:7204] [django.db.backends:89] [utils:execute] [DEBUG]- (0.002) SELECT `autoo_user`.`id`, `autoo_user`.`password`, `autoo_user`.`last_login`, `autoo_user`.`is_superuser`, `autoo_user`.`username`, `autoo_user`.`first_name`, `autoo_user`.`last_name`, `autoo_user`.`email`, `autoo_user`.`is_staff`, `autoo_user`.`is_active`, `autoo_user`.`date_joined`, `autoo_user`.`user_phone`, `autoo_user`.`user_role_name_id`, `autoo_user`.`user_describe`, `autoo_user`.`user_avatar`, `autoo_user`.`user_register_time` FROM `autoo_user` WHERE `autoo_user`.`id` = 13; args=(13,)
2016-12-18 00:08:32,626 [Thread-14:7204] [django.db.backends:89] [utils:execute] [DEBUG]- (0.002) SELECT `autoo_user`.`id`, `autoo_user`.`password`, `autoo_user`.`last_login`, `autoo_user`.`is_superuser`, `autoo_user`.`username`, `autoo_user`.`first_name`, `autoo_user`.`last_name`, `autoo_user`.`email`, `autoo_user`.`is_staff`, `autoo_user`.`is_active`, `autoo_user`.`date_joined`, `autoo_user`.`user_phone`, `autoo_user`.`user_role_name_id`, `autoo_user`.`user_describe`, `autoo_user`.`user_avatar`, `autoo_user`.`user_register_time` FROM `autoo_user` WHERE `autoo_user`.`username` = 'xzxzxz'; args=('xzxzxz',)
2016-12-18 00:08:32,628 [Thread-14:7204] [django.db.backends:89] [utils:execute] [DEBUG]- (0.002) SELECT `autoo_role`.`id`, `autoo_role`.`role_name`, `autoo_role`.`role_power_id` FROM `autoo_role` WHERE `autoo_role`.`id` = 2; args=(2,)
2016-12-18 00:29:17,373 [Thread-20:16336] [django.db.backends:89] [utils:execute] [DEBUG]- (0.001) SET SQL_AUTO_IS_NULL = 0; args=None
2016-12-18 00:29:17,377 [Thread-20:16336] [django.db.backends:89] [utils:execute] [DEBUG]- (0.001) SET SQL_AUTO_IS_NULL = 0; args=None
2016-12-18 00:29:17,381 [Thread-20:16336] [django.db.backends:89] [utils:execute] [DEBUG]- (0.004) SELECT `django_session`.`session_key`, `django_session`.`session_data`, `django_session`.`expire_date` FROM `django_session` WHERE (`django_session`.`expire_date` > '2016-12-17 16:29:17' AND `django_session`.`session_key` = '7wzdn2tyararvmseae59f7cxj0g8vlw1'); args=('2016-12-17 16:29:17', '7wzdn2tyararvmseae59f7cxj0g8vlw1')
2016-12-18 00:29:17,383 [Thread-20:16336] [django.db.backends:89] [utils:execute] [DEBUG]- (0.001) SELECT `autoo_user`.`id`, `autoo_user`.`password`, `autoo_user`.`last_login`, `autoo_user`.`is_superuser`, `autoo_user`.`username`, `autoo_user`.`first_name`, `autoo_user`.`last_name`, `autoo_user`.`email`, `autoo_user`.`is_staff`, `autoo_user`.`is_active`, `autoo_user`.`date_joined`, `autoo_user`.`user_phone`, `autoo_user`.`user_role_name_id`, `autoo_user`.`user_describe`, `autoo_user`.`user_avatar`, `autoo_user`.`user_register_time` FROM `autoo_user` WHERE `autoo_user`.`id` = 13; args=(13,)
2016-12-18 00:29:17,385 [Thread-20:16336] [django.db.backends:89] [utils:execute] [DEBUG]- (0.001) SELECT `autoo_user`.`id`, `autoo_user`.`password`, `autoo_user`.`last_login`, `autoo_user`.`is_superuser`, `autoo_user`.`username`, `autoo_user`.`first_name`, `autoo_user`.`last_name`, `autoo_user`.`email`, `autoo_user`.`is_staff`, `autoo_user`.`is_active`, `autoo_user`.`date_joined`, `autoo_user`.`user_phone`, `autoo_user`.`user_role_name_id`, `autoo_user`.`user_describe`, `autoo_user`.`user_avatar`, `autoo_user`.`user_register_time` FROM `autoo_user` WHERE `autoo_user`.`username` = 'xzxzxz'; args=('xzxzxz',)
2016-12-18 00:29:17,387 [Thread-20:16336] [django.db.backends:89] [utils:execute] [DEBUG]- (0.001) SELECT `autoo_role`.`id`, `autoo_role`.`role_name`, `autoo_role`.`role_power_id` FROM `autoo_role` WHERE `autoo_role`.`id` = 2; args=(2,)
2016-12-18 00:30:22,587 [Dummy-1:10756] [django.db.backends:89] [utils:execute] [DEBUG]- (0.000) SET SQL_AUTO_IS_NULL = 0; args=None
2016-12-18 00:30:22,645 [Dummy-1:10756] [django.db.backends:89] [utils:execute] [DEBUG]- (0.001) SET SQL_AUTO_IS_NULL = 0; args=None
2016-12-18 00:30:22,648 [Dummy-1:10756] [django.db.backends:89] [utils:execute] [DEBUG]- (0.003) SHOW FULL TABLES; args=None
2016-12-18 00:30:22,651 [Dummy-1:10756] [django.db.backends:89] [utils:execute] [DEBUG]- (0.001) SELECT `django_migrations`.`app`, `django_migrations`.`name` FROM `django_migrations`; args=()
2016-12-18 00:30:41,741 [Dummy-1:15968] [django.db.backends:89] [utils:execute] [DEBUG]- (0.001) SET SQL_AUTO_IS_NULL = 0; args=None
2016-12-18 00:30:41,794 [Dummy-1:15968] [django.db.backends:89] [utils:execute] [DEBUG]- (0.001) SET SQL_AUTO_IS_NULL = 0; args=None
2016-12-18 00:30:41,796 [Dummy-1:15968] [django.db.backends:89] [utils:execute] [DEBUG]- (0.001) SHOW FULL TABLES; args=None
2016-12-18 00:30:41,799 [Dummy-1:15968] [django.db.backends:89] [utils:execute] [DEBUG]- (0.001) SELECT `django_migrations`.`app`, `django_migrations`.`name` FROM `django_migrations`; args=()
2016-12-18 00:30:50,884 [Thread-2:1068] [django.db.backends:89] [utils:execute] [DEBUG]- (0.001) SET SQL_AUTO_IS_NULL = 0; args=None
2016-12-18 00:30:50,887 [Thread-2:1068] [django.db.backends:89] [utils:execute] [DEBUG]- (0.000) SET SQL_AUTO_IS_NULL = 0; args=None
2016-12-18 00:30:50,889 [Thread-2:1068] [django.db.backends:89] [utils:execute] [DEBUG]- (0.001) SELECT `django_session`.`session_key`, `django_session`.`session_data`, `django_session`.`expire_date` FROM `django_session` WHERE (`django_session`.`expire_date` > '2016-12-17 16:30:50' AND `django_session`.`session_key` = '7wzdn2tyararvmseae59f7cxj0g8vlw1'); args=('2016-12-17 16:30:50', '7wzdn2tyararvmseae59f7cxj0g8vlw1')
2016-12-18 00:30:50,892 [Thread-2:1068] [django.db.backends:89] [utils:execute] [DEBUG]- (0.002) SELECT `autoo_user`.`id`, `autoo_user`.`password`, `autoo_user`.`last_login`, `autoo_user`.`is_superuser`, `autoo_user`.`username`, `autoo_user`.`first_name`, `autoo_user`.`last_name`, `autoo_user`.`email`, `autoo_user`.`is_staff`, `autoo_user`.`is_active`, `autoo_user`.`date_joined`, `autoo_user`.`user_phone`, `autoo_user`.`user_role_name_id`, `autoo_user`.`user_describe`, `autoo_user`.`user_avatar`, `autoo_user`.`user_register_time` FROM `autoo_user` WHERE `autoo_user`.`id` = 13; args=(13,)
2016-12-18 00:30:50,894 [Thread-2:1068] [django.db.backends:89] [utils:execute] [DEBUG]- (0.001) SELECT `django_session`.`session_key`, `django_session`.`session_data`, `django_session`.`expire_date` FROM `django_session` WHERE `django_session`.`session_key` = '7wzdn2tyararvmseae59f7cxj0g8vlw1'; args=('7wzdn2tyararvmseae59f7cxj0g8vlw1',)
2016-12-18 00:30:50,898 [Thread-2:1068] [django.db.backends:89] [utils:execute] [DEBUG]- (0.002) DELETE FROM `django_session` WHERE `django_session`.`session_key` IN ('7wzdn2tyararvmseae59f7cxj0g8vlw1'); args=('7wzdn2tyararvmseae59f7cxj0g8vlw1',)
2016-12-18 00:30:57,404 [Thread-4:10916] [django.db.backends:89] [utils:execute] [DEBUG]- (0.001) SET SQL_AUTO_IS_NULL = 0; args=None
2016-12-18 00:30:57,407 [Thread-4:10916] [django.db.backends:89] [utils:execute] [DEBUG]- (0.000) SET SQL_AUTO_IS_NULL = 0; args=None
2016-12-18 00:30:57,408 [Thread-4:10916] [django.db.backends:89] [utils:execute] [DEBUG]- (0.001) SELECT `autoo_user`.`id`, `autoo_user`.`password`, `autoo_user`.`last_login`, `autoo_user`.`is_superuser`, `autoo_user`.`username`, `autoo_user`.`first_name`, `autoo_user`.`last_name`, `autoo_user`.`email`, `autoo_user`.`is_staff`, `autoo_user`.`is_active`, `autoo_user`.`date_joined`, `autoo_user`.`user_phone`, `autoo_user`.`user_role_name_id`, `autoo_user`.`user_describe`, `autoo_user`.`user_avatar`, `autoo_user`.`user_register_time` FROM `autoo_user` WHERE `autoo_user`.`username` = 'ppp'; args=('ppp',)
2016-12-18 00:30:57,442 [Thread-4:10916] [django.db.backends:89] [utils:execute] [DEBUG]- (0.001) SELECT (1) AS `a` FROM `django_session` WHERE `django_session`.`session_key` = 'h5ac1jses4s94or3mcpy2uox7pc4yikx' LIMIT 1; args=('h5ac1jses4s94or3mcpy2uox7pc4yikx',)
2016-12-18 00:30:57,444 [Thread-4:10916] [django.db.backends:89] [utils:execute] [DEBUG]- (0.001) INSERT INTO `django_session` (`session_key`, `session_data`, `expire_date`) VALUES ('h5ac1jses4s94or3mcpy2uox7pc4yikx', 'NGNhMjg3OWUxMGM5ODdmZGY1NWRlOWIzNmYxMmIzYjZiZDJhOTk4Yjp7InVzZXJuYW1lIjoicHBwIn0=', '2016-12-31 16:30:57'); args=('h5ac1jses4s94or3mcpy2uox7pc4yikx', 'NGNhMjg3OWUxMGM5ODdmZGY1NWRlOWIzNmYxMmIzYjZiZDJhOTk4Yjp7InVzZXJuYW1lIjoicHBwIn0=', '2016-12-31 16:30:57')
2016-12-18 00:30:57,447 [Thread-4:10916] [django.db.backends:89] [utils:execute] [DEBUG]- (0.000) SELECT `django_session`.`session_key`, `django_session`.`session_data`, `django_session`.`expire_date` FROM `django_session` WHERE `django_session`.`session_key` = 'h5ac1jses4s94or3mcpy2uox7pc4yikx'; args=('h5ac1jses4s94or3mcpy2uox7pc4yikx',)
2016-12-18 00:30:57,449 [Thread-4:10916] [django.db.backends:89] [utils:execute] [DEBUG]- (0.001) DELETE FROM `django_session` WHERE `django_session`.`session_key` IN ('h5ac1jses4s94or3mcpy2uox7pc4yikx'); args=('h5ac1jses4s94or3mcpy2uox7pc4yikx',)
2016-12-18 00:30:57,453 [Thread-4:10916] [django.db.backends:89] [utils:execute] [DEBUG]- (0.001) UPDATE `autoo_user` SET `last_login` = '2016-12-17 16:30:57' WHERE `autoo_user`.`id` = 3; args=('2016-12-17 16:30:57', 3)
2016-12-18 00:30:57,457 [Thread-4:10916] [django.db.backends:89] [utils:execute] [DEBUG]- (0.000) UPDATE `django_session` SET `session_data` = 'YmVmOTRhZTYxMjNjOWIwYTQ0NzM4ODA3NGIzM2NjZGQyMzU5MDNhYjp7Il9hdXRoX3VzZXJfaWQiOiIzIiwidXNlcm5hbWUiOiJwcHAiLCJfYXV0aF91c2VyX2hhc2giOiIzMGMyNzJmOWRhZWMxMjk5ZDQ2YzkzZmIzOWI2ZjFiNjVjMmI0ZjU3IiwiX2F1dGhfdXNlcl9iYWNrZW5kIjoiZGphbmdvLmNvbnRyaWIuYXV0aC5iYWNrZW5kcy5Nb2RlbEJhY2tlbmQifQ==', `expire_date` = '2016-12-31 16:30:57' WHERE `django_session`.`session_key` = 'h5ac1jses4s94or3mcpy2uox7pc4yikx'; args=('YmVmOTRhZTYxMjNjOWIwYTQ0NzM4ODA3NGIzM2NjZGQyMzU5MDNhYjp7Il9hdXRoX3VzZXJfaWQiOiIzIiwidXNlcm5hbWUiOiJwcHAiLCJfYXV0aF91c2VyX2hhc2giOiIzMGMyNzJmOWRhZWMxMjk5ZDQ2YzkzZmIzOWI2ZjFiNjVjMmI0ZjU3IiwiX2F1dGhfdXNlcl9iYWNrZW5kIjoiZGphbmdvLmNvbnRyaWIuYXV0aC5iYWNrZW5kcy5Nb2RlbEJhY2tlbmQifQ==', '2016-12-31 16:30:57', 'h5ac1jses4s94or3mcpy2uox7pc4yikx')
2016-12-18 00:30:57,458 [Thread-4:10916] [django.db.backends:89] [utils:execute] [DEBUG]- (0.001) INSERT INTO `django_session` (`session_key`, `session_data`, `expire_date`) VALUES ('h5ac1jses4s94or3mcpy2uox7pc4yikx', 'YmVmOTRhZTYxMjNjOWIwYTQ0NzM4ODA3NGIzM2NjZGQyMzU5MDNhYjp7Il9hdXRoX3VzZXJfaWQiOiIzIiwidXNlcm5hbWUiOiJwcHAiLCJfYXV0aF91c2VyX2hhc2giOiIzMGMyNzJmOWRhZWMxMjk5ZDQ2YzkzZmIzOWI2ZjFiNjVjMmI0ZjU3IiwiX2F1dGhfdXNlcl9iYWNrZW5kIjoiZGphbmdvLmNvbnRyaWIuYXV0aC5iYWNrZW5kcy5Nb2RlbEJhY2tlbmQifQ==', '2016-12-31 16:30:57'); args=('h5ac1jses4s94or3mcpy2uox7pc4yikx', 'YmVmOTRhZTYxMjNjOWIwYTQ0NzM4ODA3NGIzM2NjZGQyMzU5MDNhYjp7Il9hdXRoX3VzZXJfaWQiOiIzIiwidXNlcm5hbWUiOiJwcHAiLCJfYXV0aF91c2VyX2hhc2giOiIzMGMyNzJmOWRhZWMxMjk5ZDQ2YzkzZmIzOWI2ZjFiNjVjMmI0ZjU3IiwiX2F1dGhfdXNlcl9iYWNrZW5kIjoiZGphbmdvLmNvbnRyaWIuYXV0aC5iYWNrZW5kcy5Nb2RlbEJhY2tlbmQifQ==', '2016-12-31 16:30:57')
2016-12-18 00:30:57,474 [Thread-6:16244] [django.db.backends:89] [utils:execute] [DEBUG]- (0.001) SET SQL_AUTO_IS_NULL = 0; args=None
2016-12-18 00:30:57,478 [Thread-6:16244] [django.db.backends:89] [utils:execute] [DEBUG]- (0.001) SET SQL_AUTO_IS_NULL = 0; args=None
2016-12-18 00:30:57,479 [Thread-6:16244] [django.db.backends:89] [utils:execute] [DEBUG]- (0.001) SELECT `django_session`.`session_key`, `django_session`.`session_data`, `django_session`.`expire_date` FROM `django_session` WHERE (`django_session`.`expire_date` > '2016-12-17 16:30:57' AND `django_session`.`session_key` = 'h5ac1jses4s94or3mcpy2uox7pc4yikx'); args=('2016-12-17 16:30:57', 'h5ac1jses4s94or3mcpy2uox7pc4yikx')
2016-12-18 00:30:57,481 [Thread-6:16244] [django.db.backends:89] [utils:execute] [DEBUG]- (0.001) SELECT `autoo_user`.`id`, `autoo_user`.`password`, `autoo_user`.`last_login`, `autoo_user`.`is_superuser`, `autoo_user`.`username`, `autoo_user`.`first_name`, `autoo_user`.`last_name`, `autoo_user`.`email`, `autoo_user`.`is_staff`, `autoo_user`.`is_active`, `autoo_user`.`date_joined`, `autoo_user`.`user_phone`, `autoo_user`.`user_role_name_id`, `autoo_user`.`user_describe`, `autoo_user`.`user_avatar`, `autoo_user`.`user_register_time` FROM `autoo_user` WHERE `autoo_user`.`id` = 3; args=(3,)
2016-12-18 00:30:57,482 [Thread-6:16244] [django.db.backends:89] [utils:execute] [DEBUG]- (0.001) SELECT `autoo_user`.`id`, `autoo_user`.`password`, `autoo_user`.`last_login`, `autoo_user`.`is_superuser`, `autoo_user`.`username`, `autoo_user`.`first_name`, `autoo_user`.`last_name`, `autoo_user`.`email`, `autoo_user`.`is_staff`, `autoo_user`.`is_active`, `autoo_user`.`date_joined`, `autoo_user`.`user_phone`, `autoo_user`.`user_role_name_id`, `autoo_user`.`user_describe`, `autoo_user`.`user_avatar`, `autoo_user`.`user_register_time` FROM `autoo_user` WHERE `autoo_user`.`username` = 'ppp'; args=('ppp',)
2016-12-18 00:30:57,484 [Thread-6:16244] [django.db.backends:89] [utils:execute] [DEBUG]- (0.001) SELECT `autoo_role`.`id`, `autoo_role`.`role_name`, `autoo_role`.`role_power_id` FROM `autoo_role` WHERE `autoo_role`.`id` = 1; args=(1,)
2016-12-18 00:31:19,511 [Thread-7:9180] [django.db.backends:89] [utils:execute] [DEBUG]- (0.001) SET SQL_AUTO_IS_NULL = 0; args=None
2016-12-18 00:31:19,514 [Thread-7:9180] [django.db.backends:89] [utils:execute] [DEBUG]- (0.000) SET SQL_AUTO_IS_NULL = 0; args=None
2016-12-18 00:31:19,515 [Thread-7:9180] [django.db.backends:89] [utils:execute] [DEBUG]- (0.000) SELECT `django_session`.`session_key`, `django_session`.`session_data`, `django_session`.`expire_date` FROM `django_session` WHERE (`django_session`.`expire_date` > '2016-12-17 16:31:19' AND `django_session`.`session_key` = 'h5ac1jses4s94or3mcpy2uox7pc4yikx'); args=('2016-12-17 16:31:19', 'h5ac1jses4s94or3mcpy2uox7pc4yikx')
2016-12-18 00:31:19,517 [Thread-7:9180] [django.db.backends:89] [utils:execute] [DEBUG]- (0.001) SELECT `autoo_user`.`id`, `autoo_user`.`password`, `autoo_user`.`last_login`, `autoo_user`.`is_superuser`, `autoo_user`.`username`, `autoo_user`.`first_name`, `autoo_user`.`last_name`, `autoo_user`.`email`, `autoo_user`.`is_staff`, `autoo_user`.`is_active`, `autoo_user`.`date_joined`, `autoo_user`.`user_phone`, `autoo_user`.`user_role_name_id`, `autoo_user`.`user_describe`, `autoo_user`.`user_avatar`, `autoo_user`.`user_register_time` FROM `autoo_user` WHERE `autoo_user`.`id` = 3; args=(3,)
2016-12-18 00:31:19,519 [Thread-7:9180] [django.db.backends:89] [utils:execute] [DEBUG]- (0.001) SELECT `autoo_user`.`id`, `autoo_user`.`password`, `autoo_user`.`last_login`, `autoo_user`.`is_superuser`, `autoo_user`.`username`, `autoo_user`.`first_name`, `autoo_user`.`last_name`, `autoo_user`.`email`, `autoo_user`.`is_staff`, `autoo_user`.`is_active`, `autoo_user`.`date_joined`, `autoo_user`.`user_phone`, `autoo_user`.`user_role_name_id`, `autoo_user`.`user_describe`, `autoo_user`.`user_avatar`, `autoo_user`.`user_register_time` FROM `autoo_user` WHERE `autoo_user`.`username` = 'ppp'; args=('ppp',)
2016-12-18 00:31:19,520 [Thread-7:9180] [django.db.backends:89] [utils:execute] [DEBUG]- (0.000) SELECT `autoo_role`.`id`, `autoo_role`.`role_name`, `autoo_role`.`role_power_id` FROM `autoo_role` WHERE `autoo_role`.`id` = 1; args=(1,)
2016-12-18 00:31:19,522 [Thread-7:9180] [django.db.backends:89] [utils:execute] [DEBUG]- (0.001) SELECT COUNT(*) AS `__count` FROM `autoo_user`; args=()
2016-12-18 00:31:19,545 [Thread-7:9180] [django.db.backends:89] [utils:execute] [DEBUG]- (0.002) SELECT `autoo_user`.`id`, `autoo_user`.`password`, `autoo_user`.`last_login`, `autoo_user`.`is_superuser`, `autoo_user`.`username`, `autoo_user`.`first_name`, `autoo_user`.`last_name`, `autoo_user`.`email`, `autoo_user`.`is_staff`, `autoo_user`.`is_active`, `autoo_user`.`date_joined`, `autoo_user`.`user_phone`, `autoo_user`.`user_role_name_id`, `autoo_user`.`user_describe`, `autoo_user`.`user_avatar`, `autoo_user`.`user_register_time` FROM `autoo_user` LIMIT 5; args=()
2016-12-18 00:31:19,549 [Thread-7:9180] [django.db.backends:89] [utils:execute] [DEBUG]- (0.000) SELECT `autoo_role`.`id`, `autoo_role`.`role_name`, `autoo_role`.`role_power_id` FROM `autoo_role` WHERE `autoo_role`.`id` = 1; args=(1,)
2016-12-18 00:31:19,551 [Thread-7:9180] [django.db.backends:89] [utils:execute] [DEBUG]- (0.001) SELECT `autoo_role`.`id`, `autoo_role`.`role_name`, `autoo_role`.`role_power_id` FROM `autoo_role` WHERE `autoo_role`.`id` = 1; args=(1,)
2016-12-18 00:31:23,216 [Thread-8:17200] [django.db.backends:89] [utils:execute] [DEBUG]- (0.000) SET SQL_AUTO_IS_NULL = 0; args=None
2016-12-18 00:31:23,219 [Thread-8:17200] [django.db.backends:89] [utils:execute] [DEBUG]- (0.000) SET SQL_AUTO_IS_NULL = 0; args=None
2016-12-18 00:31:23,220 [Thread-8:17200] [django.db.backends:89] [utils:execute] [DEBUG]- (0.001) SELECT `django_session`.`session_key`, `django_session`.`session_data`, `django_session`.`expire_date` FROM `django_session` WHERE (`django_session`.`expire_date` > '2016-12-17 16:31:23' AND `django_session`.`session_key` = 'h5ac1jses4s94or3mcpy2uox7pc4yikx'); args=('2016-12-17 16:31:23', 'h5ac1jses4s94or3mcpy2uox7pc4yikx')
2016-12-18 00:31:23,222 [Thread-8:17200] [django.db.backends:89] [utils:execute] [DEBUG]- (0.001) SELECT `autoo_user`.`id`, `autoo_user`.`password`, `autoo_user`.`last_login`, `autoo_user`.`is_superuser`, `autoo_user`.`username`, `autoo_user`.`first_name`, `autoo_user`.`last_name`, `autoo_user`.`email`, `autoo_user`.`is_staff`, `autoo_user`.`is_active`, `autoo_user`.`date_joined`, `autoo_user`.`user_phone`, `autoo_user`.`user_role_name_id`, `autoo_user`.`user_describe`, `autoo_user`.`user_avatar`, `autoo_user`.`user_register_time` FROM `autoo_user` WHERE `autoo_user`.`id` = 3; args=(3,)
2016-12-18 00:31:23,223 [Thread-8:17200] [django.db.backends:89] [utils:execute] [DEBUG]- (0.001) SELECT `autoo_user`.`id`, `autoo_user`.`password`, `autoo_user`.`last_login`, `autoo_user`.`is_superuser`, `autoo_user`.`username`, `autoo_user`.`first_name`, `autoo_user`.`last_name`, `autoo_user`.`email`, `autoo_user`.`is_staff`, `autoo_user`.`is_active`, `autoo_user`.`date_joined`, `autoo_user`.`user_phone`, `autoo_user`.`user_role_name_id`, `autoo_user`.`user_describe`, `autoo_user`.`user_avatar`, `autoo_user`.`user_register_time` FROM `autoo_user` WHERE `autoo_user`.`username` = 'ppp'; args=('ppp',)
2016-12-18 00:31:23,225 [Thread-8:17200] [django.db.backends:89] [utils:execute] [DEBUG]- (0.001) SELECT `autoo_role`.`id`, `autoo_role`.`role_name`, `autoo_role`.`role_power_id` FROM `autoo_role` WHERE `autoo_role`.`id` = 1; args=(1,)
2016-12-18 00:31:23,226 [Thread-8:17200] [django.db.backends:89] [utils:execute] [DEBUG]- (0.001) SELECT COUNT(*) AS `__count` FROM `autoo_user`; args=()
2016-12-18 00:31:23,236 [Thread-8:17200] [django.db.backends:89] [utils:execute] [DEBUG]- (0.001) SELECT `autoo_user`.`id`, `autoo_user`.`password`, `autoo_user`.`last_login`, `autoo_user`.`is_superuser`, `autoo_user`.`username`, `autoo_user`.`first_name`, `autoo_user`.`last_name`, `autoo_user`.`email`, `autoo_user`.`is_staff`, `autoo_user`.`is_active`, `autoo_user`.`date_joined`, `autoo_user`.`user_phone`, `autoo_user`.`user_role_name_id`, `autoo_user`.`user_describe`, `autoo_user`.`user_avatar`, `autoo_user`.`user_register_time` FROM `autoo_user` LIMIT 5 OFFSET 5; args=()
2016-12-18 00:31:29,405 [Thread-9:7864] [django.db.backends:89] [utils:execute] [DEBUG]- (0.000) SET SQL_AUTO_IS_NULL = 0; args=None
2016-12-18 00:31:29,409 [Thread-9:7864] [django.db.backends:89] [utils:execute] [DEBUG]- (0.001) SET SQL_AUTO_IS_NULL = 0; args=None
2016-12-18 00:31:29,410 [Thread-9:7864] [django.db.backends:89] [utils:execute] [DEBUG]- (0.001) SELECT `django_session`.`session_key`, `django_session`.`session_data`, `django_session`.`expire_date` FROM `django_session` WHERE (`django_session`.`expire_date` > '2016-12-17 16:31:29' AND `django_session`.`session_key` = 'h5ac1jses4s94or3mcpy2uox7pc4yikx'); args=('2016-12-17 16:31:29', 'h5ac1jses4s94or3mcpy2uox7pc4yikx')
2016-12-18 00:31:29,412 [Thread-9:7864] [django.db.backends:89] [utils:execute] [DEBUG]- (0.002) SELECT `autoo_user`.`id`, `autoo_user`.`password`, `autoo_user`.`last_login`, `autoo_user`.`is_superuser`, `autoo_user`.`username`, `autoo_user`.`first_name`, `autoo_user`.`last_name`, `autoo_user`.`email`, `autoo_user`.`is_staff`, `autoo_user`.`is_active`, `autoo_user`.`date_joined`, `autoo_user`.`user_phone`, `autoo_user`.`user_role_name_id`, `autoo_user`.`user_describe`, `autoo_user`.`user_avatar`, `autoo_user`.`user_register_time` FROM `autoo_user` WHERE `autoo_user`.`id` = 3; args=(3,)
2016-12-18 00:31:29,414 [Thread-9:7864] [django.db.backends:89] [utils:execute] [DEBUG]- (0.002) SELECT `autoo_user`.`id`, `autoo_user`.`password`, `autoo_user`.`last_login`, `autoo_user`.`is_superuser`, `autoo_user`.`username`, `autoo_user`.`first_name`, `autoo_user`.`last_name`, `autoo_user`.`email`, `autoo_user`.`is_staff`, `autoo_user`.`is_active`, `autoo_user`.`date_joined`, `autoo_user`.`user_phone`, `autoo_user`.`user_role_name_id`, `autoo_user`.`user_describe`, `autoo_user`.`user_avatar`, `autoo_user`.`user_register_time` FROM `autoo_user` WHERE `autoo_user`.`username` = 'ppp'; args=('ppp',)
2016-12-18 00:31:29,415 [Thread-9:7864] [django.db.backends:89] [utils:execute] [DEBUG]- (0.001) SELECT `autoo_role`.`id`, `autoo_role`.`role_name`, `autoo_role`.`role_power_id` FROM `autoo_role` WHERE `autoo_role`.`id` = 1; args=(1,)
2016-12-18 00:31:29,416 [Thread-9:7864] [django.db.backends:89] [utils:execute] [DEBUG]- (0.001) SELECT COUNT(*) AS `__count` FROM `autoo_user`; args=()
2016-12-18 00:31:29,426 [Thread-9:7864] [django.db.backends:89] [utils:execute] [DEBUG]- (0.001) SELECT `autoo_user`.`id`, `autoo_user`.`password`, `autoo_user`.`last_login`, `autoo_user`.`is_superuser`, `autoo_user`.`username`, `autoo_user`.`first_name`, `autoo_user`.`last_name`, `autoo_user`.`email`, `autoo_user`.`is_staff`, `autoo_user`.`is_active`, `autoo_user`.`date_joined`, `autoo_user`.`user_phone`, `autoo_user`.`user_role_name_id`, `autoo_user`.`user_describe`, `autoo_user`.`user_avatar`, `autoo_user`.`user_register_time` FROM `autoo_user` LIMIT 3 OFFSET 10; args=()
2016-12-18 00:31:29,428 [Thread-9:7864] [django.db.backends:89] [utils:execute] [DEBUG]- (0.001) SELECT `autoo_role`.`id`, `autoo_role`.`role_name`, `autoo_role`.`role_power_id` FROM `autoo_role` WHERE `autoo_role`.`id` = 2; args=(2,)
2016-12-18 00:33:23,337 [Thread-10:15620] [django.db.backends:89] [utils:execute] [DEBUG]- (0.001) SET SQL_AUTO_IS_NULL = 0; args=None
2016-12-18 00:33:23,340 [Thread-10:15620] [django.db.backends:89] [utils:execute] [DEBUG]- (0.001) SET SQL_AUTO_IS_NULL = 0; args=None
2016-12-18 00:33:23,341 [Thread-10:15620] [django.db.backends:89] [utils:execute] [DEBUG]- (0.001) SELECT `django_session`.`session_key`, `django_session`.`session_data`, `django_session`.`expire_date` FROM `django_session` WHERE (`django_session`.`expire_date` > '2016-12-17 16:33:23' AND `django_session`.`session_key` = 'h5ac1jses4s94or3mcpy2uox7pc4yikx'); args=('2016-12-17 16:33:23', 'h5ac1jses4s94or3mcpy2uox7pc4yikx')
2016-12-18 00:33:23,343 [Thread-10:15620] [django.db.backends:89] [utils:execute] [DEBUG]- (0.001) SELECT `autoo_user`.`id`, `autoo_user`.`password`, `autoo_user`.`last_login`, `autoo_user`.`is_superuser`, `autoo_user`.`username`, `autoo_user`.`first_name`, `autoo_user`.`last_name`, `autoo_user`.`email`, `autoo_user`.`is_staff`, `autoo_user`.`is_active`, `autoo_user`.`date_joined`, `autoo_user`.`user_phone`, `autoo_user`.`user_role_name_id`, `autoo_user`.`user_describe`, `autoo_user`.`user_avatar`, `autoo_user`.`user_register_time` FROM `autoo_user` WHERE `autoo_user`.`id` = 3; args=(3,)
2016-12-18 00:33:23,344 [Thread-10:15620] [django.db.backends:89] [utils:execute] [DEBUG]- (0.001) SELECT `django_session`.`session_key`, `django_session`.`session_data`, `django_session`.`expire_date` FROM `django_session` WHERE `django_session`.`session_key` = 'h5ac1jses4s94or3mcpy2uox7pc4yikx'; args=('h5ac1jses4s94or3mcpy2uox7pc4yikx',)
2016-12-18 00:33:23,346 [Thread-10:15620] [django.db.backends:89] [utils:execute] [DEBUG]- (0.001) DELETE FROM `django_session` WHERE `django_session`.`session_key` IN ('h5ac1jses4s94or3mcpy2uox7pc4yikx'); args=('h5ac1jses4s94or3mcpy2uox7pc4yikx',)
2016-12-18 00:33:25,498 [Thread-12:15988] [django.template:927] [base:_resolve_lookup] [DEBUG]- Exception while resolving variable 'form' in template 'major/signup.html'.
Traceback (most recent call last):
  File "G:\python test\django_basic_venv\lib\site-packages\django\template\base.py", line 883, in _resolve_lookup
    current = current[bit]
  File "G:\python test\django_basic_venv\lib\site-packages\django\template\context.py", line 77, in __getitem__
    raise KeyError(key)
KeyError: 'form'

During handling of the above exception, another exception occurred:

Traceback (most recent call last):
  File "G:\python test\django_basic_venv\lib\site-packages\django\template\base.py", line 889, in _resolve_lookup
    if isinstance(current, BaseContext) and getattr(type(current), bit):
AttributeError: type object 'RequestContext' has no attribute 'form'

During handling of the above exception, another exception occurred:

Traceback (most recent call last):
  File "G:\python test\django_basic_venv\lib\site-packages\django\template\base.py", line 898, in _resolve_lookup
    current = current[int(bit)]
ValueError: invalid literal for int() with base 10: 'form'

During handling of the above exception, another exception occurred:

Traceback (most recent call last):
  File "G:\python test\django_basic_venv\lib\site-packages\django\template\base.py", line 905, in _resolve_lookup
    (bit, current))  # missing attribute
django.template.base.VariableDoesNotExist: Failed lookup for key [form] in "[{'True': True, 'False': False, 'None': None}, {'SITE_DESC': '', 'user': <SimpleLazyObject: <function AuthenticationMiddleware.process_request.<locals>.<lambda> at 0x0000000004789A60>>, 'SITE_NAME': 'AutoOpe', 'csrf_token': <SimpleLazyObject: 'Ad5tePYXifhmvvG1YkKgLm2sDxPQOuMz'>, 'INEDX_PAGE': 'http://127.0.0.1:8000', 'request': <WSGIRequest: GET '/register/'>, 'MANAGER_DIR': 'http://127.0.0.1:8000/manager/', 'perms': <django.contrib.auth.context_processors.PermWrapper object at 0x0000000004885748>, 'PRO_EMAIL': 'xuezheng1226@126.com', 'DEFAULT_MESSAGE_LEVELS': {'ERROR': 40, 'SUCCESS': 25, 'DEBUG': 10, 'WARNING': 30, 'INFO': 20}, 'messages': <django.contrib.messages.storage.fallback.FallbackStorage object at 0x000000000476F7B8>}, {}, {'reg_from': <RegForm bound=True, valid=False, fields=(username;password;user_password_2;email)>, 'request': <WSGIRequest: GET '/register/'>}]"
2016-12-18 00:33:25,500 [Thread-12:15988] [django.template:927] [base:_resolve_lookup] [DEBUG]- Exception while resolving variable 'form' in template 'major/signup.html'.
Traceback (most recent call last):
  File "G:\python test\django_basic_venv\lib\site-packages\django\template\base.py", line 883, in _resolve_lookup
    current = current[bit]
  File "G:\python test\django_basic_venv\lib\site-packages\django\template\context.py", line 77, in __getitem__
    raise KeyError(key)
KeyError: 'form'

During handling of the above exception, another exception occurred:

Traceback (most recent call last):
  File "G:\python test\django_basic_venv\lib\site-packages\django\template\base.py", line 889, in _resolve_lookup
    if isinstance(current, BaseContext) and getattr(type(current), bit):
AttributeError: type object 'RequestContext' has no attribute 'form'

During handling of the above exception, another exception occurred:

Traceback (most recent call last):
  File "G:\python test\django_basic_venv\lib\site-packages\django\template\base.py", line 898, in _resolve_lookup
    current = current[int(bit)]
ValueError: invalid literal for int() with base 10: 'form'

During handling of the above exception, another exception occurred:

Traceback (most recent call last):
  File "G:\python test\django_basic_venv\lib\site-packages\django\template\base.py", line 905, in _resolve_lookup
    (bit, current))  # missing attribute
django.template.base.VariableDoesNotExist: Failed lookup for key [form] in "[{'True': True, 'False': False, 'None': None}, {'SITE_DESC': '', 'user': <SimpleLazyObject: <function AuthenticationMiddleware.process_request.<locals>.<lambda> at 0x0000000004789A60>>, 'SITE_NAME': 'AutoOpe', 'csrf_token': <SimpleLazyObject: 'Ad5tePYXifhmvvG1YkKgLm2sDxPQOuMz'>, 'INEDX_PAGE': 'http://127.0.0.1:8000', 'request': <WSGIRequest: GET '/register/'>, 'MANAGER_DIR': 'http://127.0.0.1:8000/manager/', 'perms': <django.contrib.auth.context_processors.PermWrapper object at 0x0000000004885748>, 'PRO_EMAIL': 'xuezheng1226@126.com', 'DEFAULT_MESSAGE_LEVELS': {'ERROR': 40, 'SUCCESS': 25, 'DEBUG': 10, 'WARNING': 30, 'INFO': 20}, 'messages': <django.contrib.messages.storage.fallback.FallbackStorage object at 0x000000000476F7B8>}, {}, {'reg_from': <RegForm bound=True, valid=False, fields=(username;password;user_password_2;email)>, 'request': <WSGIRequest: GET '/register/'>}]"
2016-12-18 00:33:52,848 [Thread-13:16056] [django.db.backends:89] [utils:execute] [DEBUG]- (0.000) SET SQL_AUTO_IS_NULL = 0; args=None
2016-12-18 00:33:52,849 [Thread-13:16056] [django.db.backends:89] [utils:execute] [DEBUG]- (0.000) SELECT `autoo_user`.`username` FROM `autoo_user`; args=()
2016-12-18 00:33:52,850 [Thread-13:16056] [django.db.backends:89] [utils:execute] [DEBUG]- (0.000) SELECT `autoo_user`.`username` FROM `autoo_user`; args=()
2016-12-18 00:33:52,883 [Thread-13:16056] [django.db.backends:89] [utils:execute] [DEBUG]- (0.001) INSERT INTO `autoo_user` (`password`, `last_login`, `is_superuser`, `username`, `first_name`, `last_name`, `email`, `is_staff`, `is_active`, `date_joined`, `user_phone`, `user_role_name_id`, `user_describe`, `user_avatar`, `user_register_time`) VALUES ('pbkdf2_sha256$24000$4CxIqW0WaViG$VfWku0GsTfu5OQimWa0SnjoXcGCnRKgnWgL6+zK2RH8=', NULL, 0, 'qwqwqwqw', '', '', 'xxx@132.com', 0, 1, '2016-12-17 16:33:52', NULL, NULL, NULL, 'avatar/default.png', '2016-12-18'); args=['pbkdf2_sha256$24000$4CxIqW0WaViG$VfWku0GsTfu5OQimWa0SnjoXcGCnRKgnWgL6+zK2RH8=', None, False, 'qwqwqwqw', '', '', 'xxx@132.com', False, True, '2016-12-17 16:33:52', None, None, None, 'avatar/default.png', '2016-12-18']
2016-12-18 00:33:52,887 [Thread-13:16056] [django.db.backends:89] [utils:execute] [DEBUG]- (0.000) UPDATE `autoo_user` SET `password` = 'pbkdf2_sha256$24000$4CxIqW0WaViG$VfWku0GsTfu5OQimWa0SnjoXcGCnRKgnWgL6+zK2RH8=', `last_login` = NULL, `is_superuser` = 0, `username` = 'qwqwqwqw', `first_name` = '', `last_name` = '', `email` = 'xxx@132.com', `is_staff` = 0, `is_active` = 1, `date_joined` = '2016-12-17 16:33:52', `user_phone` = NULL, `user_role_name_id` = NULL, `user_describe` = NULL, `user_avatar` = 'avatar/default.png', `user_register_time` = '2016-12-18' WHERE `autoo_user`.`id` = 14; args=('pbkdf2_sha256$24000$4CxIqW0WaViG$VfWku0GsTfu5OQimWa0SnjoXcGCnRKgnWgL6+zK2RH8=', False, 'qwqwqwqw', '', '', 'xxx@132.com', False, True, '2016-12-17 16:33:52', 'avatar/default.png', '2016-12-18', 14)
2016-12-18 00:33:52,891 [Thread-13:16056] [django.db.backends:89] [utils:execute] [DEBUG]- (0.000) SELECT (1) AS `a` FROM `django_session` WHERE `django_session`.`session_key` = 'txpeirt2rn8qem4numm9qm0icyt2m2wc' LIMIT 1; args=('txpeirt2rn8qem4numm9qm0icyt2m2wc',)
2016-12-18 00:33:52,893 [Thread-13:16056] [django.db.backends:89] [utils:execute] [DEBUG]- (0.001) INSERT INTO `django_session` (`session_key`, `session_data`, `expire_date`) VALUES ('txpeirt2rn8qem4numm9qm0icyt2m2wc', 'ZWRmZTQ4MjQ3YTczNGE0MzUwNTE1ODI4OWM2MzIzNGI5YTBlY2IwYzp7fQ==', '2016-12-31 16:33:52'); args=('txpeirt2rn8qem4numm9qm0icyt2m2wc', 'ZWRmZTQ4MjQ3YTczNGE0MzUwNTE1ODI4OWM2MzIzNGI5YTBlY2IwYzp7fQ==', '2016-12-31 16:33:52')
2016-12-18 00:33:52,897 [Thread-13:16056] [django.db.backends:89] [utils:execute] [DEBUG]- (0.001) SELECT `django_session`.`session_key`, `django_session`.`session_data`, `django_session`.`expire_date` FROM `django_session` WHERE `django_session`.`session_key` = 'txpeirt2rn8qem4numm9qm0icyt2m2wc'; args=('txpeirt2rn8qem4numm9qm0icyt2m2wc',)
2016-12-18 00:33:52,899 [Thread-13:16056] [django.db.backends:89] [utils:execute] [DEBUG]- (0.001) DELETE FROM `django_session` WHERE `django_session`.`session_key` IN ('txpeirt2rn8qem4numm9qm0icyt2m2wc'); args=('txpeirt2rn8qem4numm9qm0icyt2m2wc',)
2016-12-18 00:33:52,905 [Thread-13:16056] [django.db.backends:89] [utils:execute] [DEBUG]- (0.001) UPDATE `autoo_user` SET `last_login` = '2016-12-17 16:33:52' WHERE `autoo_user`.`id` = 14; args=('2016-12-17 16:33:52', 14)
2016-12-18 00:33:52,913 [Thread-13:16056] [django.template:927] [base:_resolve_lookup] [DEBUG]- Exception while resolving variable 'userRoleName_web' in template 'major/index.html'.
Traceback (most recent call last):
  File "G:\python test\django_basic_venv\lib\site-packages\django\template\base.py", line 883, in _resolve_lookup
    current = current[bit]
  File "G:\python test\django_basic_venv\lib\site-packages\django\template\context.py", line 77, in __getitem__
    raise KeyError(key)
KeyError: 'userRoleName_web'

During handling of the above exception, another exception occurred:

Traceback (most recent call last):
  File "G:\python test\django_basic_venv\lib\site-packages\django\template\base.py", line 889, in _resolve_lookup
    if isinstance(current, BaseContext) and getattr(type(current), bit):
AttributeError: type object 'RequestContext' has no attribute 'userRoleName_web'

During handling of the above exception, another exception occurred:

Traceback (most recent call last):
  File "G:\python test\django_basic_venv\lib\site-packages\django\template\base.py", line 898, in _resolve_lookup
    current = current[int(bit)]
ValueError: invalid literal for int() with base 10: 'userRoleName_web'

During handling of the above exception, another exception occurred:

Traceback (most recent call last):
  File "G:\python test\django_basic_venv\lib\site-packages\django\template\base.py", line 905, in _resolve_lookup
    (bit, current))  # missing attribute
django.template.base.VariableDoesNotExist: Failed lookup for key [userRoleName_web] in "[{'True': True, 'False': False, 'None': None}, {'SITE_DESC': '', 'user': <User: qwqwqwqw>, 'SITE_NAME': 'AutoOpe', 'csrf_token': <SimpleLazyObject: <function csrf.<locals>._get_val at 0x000000000487AE18>>, 'INEDX_PAGE': 'http://127.0.0.1:8000', 'request': <WSGIRequest: POST '/register/'>, 'MANAGER_DIR': 'http://127.0.0.1:8000/manager/', 'perms': <django.contrib.auth.context_processors.PermWrapper object at 0x00000000048950B8>, 'PRO_EMAIL': 'xuezheng1226@126.com', 'DEFAULT_MESSAGE_LEVELS': {'ERROR': 40, 'SUCCESS': 25, 'DEBUG': 10, 'WARNING': 30, 'INFO': 20}, 'messages': <django.contrib.messages.storage.fallback.FallbackStorage object at 0x000000000487CC88>}, {}, {'user': <User: qwqwqwqw>, 'reg_from': <RegForm bound=True, valid=True, fields=(username;password;user_password_2;email)>, 'request': <WSGIRequest: POST '/register/'>}]"
2016-12-18 00:33:52,917 [Thread-13:16056] [django.db.backends:89] [utils:execute] [DEBUG]- (0.001) UPDATE `django_session` SET `session_data` = 'Mzk0OWUwNDQ1NzI4ZDY5NDc2OTBiMTBkZGIxYmY3ODFjYzUxNjY1Yzp7Il9hdXRoX3VzZXJfaWQiOiIxNCIsIl9hdXRoX3VzZXJfaGFzaCI6ImM1ZWIyNDU3YzA0ZjExNmQ1NWZmODgzZmYxN2VjMjdkZDEzNjNlNDYiLCJfYXV0aF91c2VyX2JhY2tlbmQiOiJkamFuZ28uY29udHJpYi5hdXRoLmJhY2tlbmRzLk1vZGVsQmFja2VuZCJ9', `expire_date` = '2016-12-31 16:33:52' WHERE `django_session`.`session_key` = 'txpeirt2rn8qem4numm9qm0icyt2m2wc'; args=('Mzk0OWUwNDQ1NzI4ZDY5NDc2OTBiMTBkZGIxYmY3ODFjYzUxNjY1Yzp7Il9hdXRoX3VzZXJfaWQiOiIxNCIsIl9hdXRoX3VzZXJfaGFzaCI6ImM1ZWIyNDU3YzA0ZjExNmQ1NWZmODgzZmYxN2VjMjdkZDEzNjNlNDYiLCJfYXV0aF91c2VyX2JhY2tlbmQiOiJkamFuZ28uY29udHJpYi5hdXRoLmJhY2tlbmRzLk1vZGVsQmFja2VuZCJ9', '2016-12-31 16:33:52', 'txpeirt2rn8qem4numm9qm0icyt2m2wc')
2016-12-18 00:33:52,918 [Thread-13:16056] [django.db.backends:89] [utils:execute] [DEBUG]- (0.001) INSERT INTO `django_session` (`session_key`, `session_data`, `expire_date`) VALUES ('txpeirt2rn8qem4numm9qm0icyt2m2wc', 'Mzk0OWUwNDQ1NzI4ZDY5NDc2OTBiMTBkZGIxYmY3ODFjYzUxNjY1Yzp7Il9hdXRoX3VzZXJfaWQiOiIxNCIsIl9hdXRoX3VzZXJfaGFzaCI6ImM1ZWIyNDU3YzA0ZjExNmQ1NWZmODgzZmYxN2VjMjdkZDEzNjNlNDYiLCJfYXV0aF91c2VyX2JhY2tlbmQiOiJkamFuZ28uY29udHJpYi5hdXRoLmJhY2tlbmRzLk1vZGVsQmFja2VuZCJ9', '2016-12-31 16:33:52'); args=('txpeirt2rn8qem4numm9qm0icyt2m2wc', 'Mzk0OWUwNDQ1NzI4ZDY5NDc2OTBiMTBkZGIxYmY3ODFjYzUxNjY1Yzp7Il9hdXRoX3VzZXJfaWQiOiIxNCIsIl9hdXRoX3VzZXJfaGFzaCI6ImM1ZWIyNDU3YzA0ZjExNmQ1NWZmODgzZmYxN2VjMjdkZDEzNjNlNDYiLCJfYXV0aF91c2VyX2JhY2tlbmQiOiJkamFuZ28uY29udHJpYi5hdXRoLmJhY2tlbmRzLk1vZGVsQmFja2VuZCJ9', '2016-12-31 16:33:52')
2016-12-18 00:36:12,933 [Dummy-1:9372] [django.db.backends:89] [utils:execute] [DEBUG]- (0.001) SET SQL_AUTO_IS_NULL = 0; args=None
2016-12-18 00:36:12,988 [Dummy-1:9372] [django.db.backends:89] [utils:execute] [DEBUG]- (0.000) SET SQL_AUTO_IS_NULL = 0; args=None
2016-12-18 00:36:12,990 [Dummy-1:9372] [django.db.backends:89] [utils:execute] [DEBUG]- (0.001) SHOW FULL TABLES; args=None
2016-12-18 00:36:12,994 [Dummy-1:9372] [django.db.backends:89] [utils:execute] [DEBUG]- (0.001) SELECT `django_migrations`.`app`, `django_migrations`.`name` FROM `django_migrations`; args=()
2016-12-18 00:36:14,327 [Thread-2:14148] [django.db.backends:89] [utils:execute] [DEBUG]- (0.000) SET SQL_AUTO_IS_NULL = 0; args=None
2016-12-18 00:36:14,330 [Thread-2:14148] [django.db.backends:89] [utils:execute] [DEBUG]- (0.000) SET SQL_AUTO_IS_NULL = 0; args=None
2016-12-18 00:36:14,331 [Thread-2:14148] [django.db.backends:89] [utils:execute] [DEBUG]- (0.000) SELECT `django_session`.`session_key`, `django_session`.`session_data`, `django_session`.`expire_date` FROM `django_session` WHERE (`django_session`.`session_key` = 'txpeirt2rn8qem4numm9qm0icyt2m2wc' AND `django_session`.`expire_date` > '2016-12-17 16:36:14'); args=('txpeirt2rn8qem4numm9qm0icyt2m2wc', '2016-12-17 16:36:14')
2016-12-18 00:36:14,334 [Thread-2:14148] [django.db.backends:89] [utils:execute] [DEBUG]- (0.001) SELECT `autoo_user`.`id`, `autoo_user`.`password`, `autoo_user`.`last_login`, `autoo_user`.`is_superuser`, `autoo_user`.`username`, `autoo_user`.`first_name`, `autoo_user`.`last_name`, `autoo_user`.`email`, `autoo_user`.`is_staff`, `autoo_user`.`is_active`, `autoo_user`.`date_joined`, `autoo_user`.`user_phone`, `autoo_user`.`user_role_name_id`, `autoo_user`.`user_describe`, `autoo_user`.`user_avatar`, `autoo_user`.`user_register_time` FROM `autoo_user` WHERE `autoo_user`.`id` = 14; args=(14,)
2016-12-18 00:36:14,335 [Thread-2:14148] [django.db.backends:89] [utils:execute] [DEBUG]- (0.000) SELECT `django_session`.`session_key`, `django_session`.`session_data`, `django_session`.`expire_date` FROM `django_session` WHERE `django_session`.`session_key` = 'txpeirt2rn8qem4numm9qm0icyt2m2wc'; args=('txpeirt2rn8qem4numm9qm0icyt2m2wc',)
2016-12-18 00:36:14,337 [Thread-2:14148] [django.db.backends:89] [utils:execute] [DEBUG]- (0.001) DELETE FROM `django_session` WHERE `django_session`.`session_key` IN ('txpeirt2rn8qem4numm9qm0icyt2m2wc'); args=('txpeirt2rn8qem4numm9qm0icyt2m2wc',)
2016-12-18 00:36:17,129 [Thread-4:11280] [django.template:927] [base:_resolve_lookup] [DEBUG]- Exception while resolving variable 'form' in template 'major/signup.html'.
Traceback (most recent call last):
  File "G:\python test\django_basic_venv\lib\site-packages\django\template\base.py", line 883, in _resolve_lookup
    current = current[bit]
  File "G:\python test\django_basic_venv\lib\site-packages\django\template\context.py", line 77, in __getitem__
    raise KeyError(key)
KeyError: 'form'

During handling of the above exception, another exception occurred:

Traceback (most recent call last):
  File "G:\python test\django_basic_venv\lib\site-packages\django\template\base.py", line 889, in _resolve_lookup
    if isinstance(current, BaseContext) and getattr(type(current), bit):
AttributeError: type object 'RequestContext' has no attribute 'form'

During handling of the above exception, another exception occurred:

Traceback (most recent call last):
  File "G:\python test\django_basic_venv\lib\site-packages\django\template\base.py", line 898, in _resolve_lookup
    current = current[int(bit)]
ValueError: invalid literal for int() with base 10: 'form'

During handling of the above exception, another exception occurred:

Traceback (most recent call last):
  File "G:\python test\django_basic_venv\lib\site-packages\django\template\base.py", line 905, in _resolve_lookup
    (bit, current))  # missing attribute
django.template.base.VariableDoesNotExist: Failed lookup for key [form] in "[{'False': False, 'None': None, 'True': True}, {'PRO_EMAIL': 'xuezheng1226@126.com', 'SITE_NAME': 'AutoOpe', 'messages': <django.contrib.messages.storage.fallback.FallbackStorage object at 0x000000000485FEB8>, 'INEDX_PAGE': 'http://127.0.0.1:8000', 'MANAGER_DIR': 'http://127.0.0.1:8000/manager/', 'user': <SimpleLazyObject: <function AuthenticationMiddleware.process_request.<locals>.<lambda> at 0x000000000487B620>>, 'csrf_token': <SimpleLazyObject: 'DWwXYGbdXrcD6C0QR2nWOpM6JQA3FxZR'>, 'DEFAULT_MESSAGE_LEVELS': {'ERROR': 40, 'DEBUG': 10, 'WARNING': 30, 'INFO': 20, 'SUCCESS': 25}, 'perms': <django.contrib.auth.context_processors.PermWrapper object at 0x0000000004989BA8>, 'SITE_DESC': '', 'request': <WSGIRequest: GET '/register/'>}, {}, {'reg_from': <RegForm bound=True, valid=False, fields=(username;password;user_password_2;email)>, 'request': <WSGIRequest: GET '/register/'>}]"
2016-12-18 00:36:17,130 [Thread-4:11280] [django.template:927] [base:_resolve_lookup] [DEBUG]- Exception while resolving variable 'form' in template 'major/signup.html'.
Traceback (most recent call last):
  File "G:\python test\django_basic_venv\lib\site-packages\django\template\base.py", line 883, in _resolve_lookup
    current = current[bit]
  File "G:\python test\django_basic_venv\lib\site-packages\django\template\context.py", line 77, in __getitem__
    raise KeyError(key)
KeyError: 'form'

During handling of the above exception, another exception occurred:

Traceback (most recent call last):
  File "G:\python test\django_basic_venv\lib\site-packages\django\template\base.py", line 889, in _resolve_lookup
    if isinstance(current, BaseContext) and getattr(type(current), bit):
AttributeError: type object 'RequestContext' has no attribute 'form'

During handling of the above exception, another exception occurred:

Traceback (most recent call last):
  File "G:\python test\django_basic_venv\lib\site-packages\django\template\base.py", line 898, in _resolve_lookup
    current = current[int(bit)]
ValueError: invalid literal for int() with base 10: 'form'

During handling of the above exception, another exception occurred:

Traceback (most recent call last):
  File "G:\python test\django_basic_venv\lib\site-packages\django\template\base.py", line 905, in _resolve_lookup
    (bit, current))  # missing attribute
django.template.base.VariableDoesNotExist: Failed lookup for key [form] in "[{'False': False, 'None': None, 'True': True}, {'PRO_EMAIL': 'xuezheng1226@126.com', 'SITE_NAME': 'AutoOpe', 'messages': <django.contrib.messages.storage.fallback.FallbackStorage object at 0x000000000485FEB8>, 'INEDX_PAGE': 'http://127.0.0.1:8000', 'MANAGER_DIR': 'http://127.0.0.1:8000/manager/', 'user': <SimpleLazyObject: <function AuthenticationMiddleware.process_request.<locals>.<lambda> at 0x000000000487B620>>, 'csrf_token': <SimpleLazyObject: 'DWwXYGbdXrcD6C0QR2nWOpM6JQA3FxZR'>, 'DEFAULT_MESSAGE_LEVELS': {'ERROR': 40, 'DEBUG': 10, 'WARNING': 30, 'INFO': 20, 'SUCCESS': 25}, 'perms': <django.contrib.auth.context_processors.PermWrapper object at 0x0000000004989BA8>, 'SITE_DESC': '', 'request': <WSGIRequest: GET '/register/'>}, {}, {'reg_from': <RegForm bound=True, valid=False, fields=(username;password;user_password_2;email)>, 'request': <WSGIRequest: GET '/register/'>}]"
2016-12-18 00:36:42,628 [Thread-5:16832] [django.db.backends:89] [utils:execute] [DEBUG]- (0.000) SET SQL_AUTO_IS_NULL = 0; args=None
2016-12-18 00:36:42,629 [Thread-5:16832] [django.db.backends:89] [utils:execute] [DEBUG]- (0.001) SELECT `autoo_user`.`username` FROM `autoo_user`; args=()
2016-12-18 00:36:42,630 [Thread-5:16832] [django.db.backends:89] [utils:execute] [DEBUG]- (0.001) SELECT `autoo_user`.`username` FROM `autoo_user`; args=()
2016-12-18 00:36:42,650 [Thread-5:16832] [django.db.backends:89] [utils:execute] [DEBUG]- (0.003) INSERT INTO `autoo_user` (`password`, `last_login`, `is_superuser`, `username`, `first_name`, `last_name`, `email`, `is_staff`, `is_active`, `date_joined`, `user_phone`, `user_role_name_id`, `user_describe`, `user_avatar`, `user_register_time`) VALUES ('pbkdf2_sha256$24000$McAVdT4bEr4s$Uvnqsr6ZAp4v8hoEBV/gDQ80jUOnTVCF1jWSWPszkcA=', NULL, 0, 'popopopo', '', '', 'rerq@321.com', 0, 1, '2016-12-17 16:36:42', NULL, NULL, NULL, 'avatar/default.png', '2016-12-18'); args=['pbkdf2_sha256$24000$McAVdT4bEr4s$Uvnqsr6ZAp4v8hoEBV/gDQ80jUOnTVCF1jWSWPszkcA=', None, False, 'popopopo', '', '', 'rerq@321.com', False, True, '2016-12-17 16:36:42', None, None, None, 'avatar/default.png', '2016-12-18']
2016-12-18 00:36:43,139 [Thread-5:16832] [django.db.backends:89] [utils:execute] [DEBUG]- (0.001) UPDATE `autoo_user` SET `password` = 'pbkdf2_sha256$24000$McAVdT4bEr4s$Uvnqsr6ZAp4v8hoEBV/gDQ80jUOnTVCF1jWSWPszkcA=', `last_login` = NULL, `is_superuser` = 0, `username` = 'popopopo', `first_name` = '', `last_name` = '', `email` = 'rerq@321.com', `is_staff` = 0, `is_active` = 1, `date_joined` = '2016-12-17 16:36:42', `user_phone` = NULL, `user_role_name_id` = NULL, `user_describe` = NULL, `user_avatar` = 'avatar/default.png', `user_register_time` = '2016-12-18' WHERE `autoo_user`.`id` = 15; args=('pbkdf2_sha256$24000$McAVdT4bEr4s$Uvnqsr6ZAp4v8hoEBV/gDQ80jUOnTVCF1jWSWPszkcA=', False, 'popopopo', '', '', 'rerq@321.com', False, True, '2016-12-17 16:36:42', 'avatar/default.png', '2016-12-18', 15)
2016-12-18 00:36:43,144 [Thread-5:16832] [django.db.backends:89] [utils:execute] [DEBUG]- (0.000) SELECT (1) AS `a` FROM `django_session` WHERE `django_session`.`session_key` = 'itc56y923l6k9hiwd2v5lpcfvk9eo9sc' LIMIT 1; args=('itc56y923l6k9hiwd2v5lpcfvk9eo9sc',)
2016-12-18 00:36:43,146 [Thread-5:16832] [django.db.backends:89] [utils:execute] [DEBUG]- (0.001) INSERT INTO `django_session` (`session_key`, `session_data`, `expire_date`) VALUES ('itc56y923l6k9hiwd2v5lpcfvk9eo9sc', 'ZWRmZTQ4MjQ3YTczNGE0MzUwNTE1ODI4OWM2MzIzNGI5YTBlY2IwYzp7fQ==', '2016-12-31 16:36:43'); args=('itc56y923l6k9hiwd2v5lpcfvk9eo9sc', 'ZWRmZTQ4MjQ3YTczNGE0MzUwNTE1ODI4OWM2MzIzNGI5YTBlY2IwYzp7fQ==', '2016-12-31 16:36:43')
2016-12-18 00:36:43,150 [Thread-5:16832] [django.db.backends:89] [utils:execute] [DEBUG]- (0.001) SELECT `django_session`.`session_key`, `django_session`.`session_data`, `django_session`.`expire_date` FROM `django_session` WHERE `django_session`.`session_key` = 'itc56y923l6k9hiwd2v5lpcfvk9eo9sc'; args=('itc56y923l6k9hiwd2v5lpcfvk9eo9sc',)
2016-12-18 00:36:43,152 [Thread-5:16832] [django.db.backends:89] [utils:execute] [DEBUG]- (0.001) DELETE FROM `django_session` WHERE `django_session`.`session_key` IN ('itc56y923l6k9hiwd2v5lpcfvk9eo9sc'); args=('itc56y923l6k9hiwd2v5lpcfvk9eo9sc',)
2016-12-18 00:36:43,157 [Thread-5:16832] [django.db.backends:89] [utils:execute] [DEBUG]- (0.001) UPDATE `autoo_user` SET `last_login` = '2016-12-17 16:36:43' WHERE `autoo_user`.`id` = 15; args=('2016-12-17 16:36:43', 15)
2016-12-18 00:36:43,161 [Thread-5:16832] [django.db.backends:89] [utils:execute] [DEBUG]- (0.001) UPDATE `django_session` SET `session_data` = 'Y2EyMDhiN2MwMjFlZjVkMWQzZTAyMWNhMmEzODAxNDFmYTU2MzU2Yjp7Il9hdXRoX3VzZXJfaWQiOiIxNSIsIl9hdXRoX3VzZXJfaGFzaCI6IjgxYWRiNzhjZDZiZjYxMjA4ODM4ODc4ODZiMDMzNGE4NGVmNGI2YzIiLCJfYXV0aF91c2VyX2JhY2tlbmQiOiJkamFuZ28uY29udHJpYi5hdXRoLmJhY2tlbmRzLk1vZGVsQmFja2VuZCJ9', `expire_date` = '2016-12-31 16:36:43' WHERE `django_session`.`session_key` = 'itc56y923l6k9hiwd2v5lpcfvk9eo9sc'; args=('Y2EyMDhiN2MwMjFlZjVkMWQzZTAyMWNhMmEzODAxNDFmYTU2MzU2Yjp7Il9hdXRoX3VzZXJfaWQiOiIxNSIsIl9hdXRoX3VzZXJfaGFzaCI6IjgxYWRiNzhjZDZiZjYxMjA4ODM4ODc4ODZiMDMzNGE4NGVmNGI2YzIiLCJfYXV0aF91c2VyX2JhY2tlbmQiOiJkamFuZ28uY29udHJpYi5hdXRoLmJhY2tlbmRzLk1vZGVsQmFja2VuZCJ9', '2016-12-31 16:36:43', 'itc56y923l6k9hiwd2v5lpcfvk9eo9sc')
2016-12-18 00:36:43,162 [Thread-5:16832] [django.db.backends:89] [utils:execute] [DEBUG]- (0.001) INSERT INTO `django_session` (`session_key`, `session_data`, `expire_date`) VALUES ('itc56y923l6k9hiwd2v5lpcfvk9eo9sc', 'Y2EyMDhiN2MwMjFlZjVkMWQzZTAyMWNhMmEzODAxNDFmYTU2MzU2Yjp7Il9hdXRoX3VzZXJfaWQiOiIxNSIsIl9hdXRoX3VzZXJfaGFzaCI6IjgxYWRiNzhjZDZiZjYxMjA4ODM4ODc4ODZiMDMzNGE4NGVmNGI2YzIiLCJfYXV0aF91c2VyX2JhY2tlbmQiOiJkamFuZ28uY29udHJpYi5hdXRoLmJhY2tlbmRzLk1vZGVsQmFja2VuZCJ9', '2016-12-31 16:36:43'); args=('itc56y923l6k9hiwd2v5lpcfvk9eo9sc', 'Y2EyMDhiN2MwMjFlZjVkMWQzZTAyMWNhMmEzODAxNDFmYTU2MzU2Yjp7Il9hdXRoX3VzZXJfaWQiOiIxNSIsIl9hdXRoX3VzZXJfaGFzaCI6IjgxYWRiNzhjZDZiZjYxMjA4ODM4ODc4ODZiMDMzNGE4NGVmNGI2YzIiLCJfYXV0aF91c2VyX2JhY2tlbmQiOiJkamFuZ28uY29udHJpYi5hdXRoLmJhY2tlbmRzLk1vZGVsQmFja2VuZCJ9', '2016-12-31 16:36:43')
2016-12-18 00:36:43,174 [Thread-6:17172] [django.template:927] [base:_resolve_lookup] [DEBUG]- Exception while resolving variable 'form' in template 'major/signup.html'.
Traceback (most recent call last):
  File "G:\python test\django_basic_venv\lib\site-packages\django\template\base.py", line 883, in _resolve_lookup
    current = current[bit]
  File "G:\python test\django_basic_venv\lib\site-packages\django\template\context.py", line 77, in __getitem__
    raise KeyError(key)
KeyError: 'form'

During handling of the above exception, another exception occurred:

Traceback (most recent call last):
  File "G:\python test\django_basic_venv\lib\site-packages\django\template\base.py", line 889, in _resolve_lookup
    if isinstance(current, BaseContext) and getattr(type(current), bit):
AttributeError: type object 'RequestContext' has no attribute 'form'

During handling of the above exception, another exception occurred:

Traceback (most recent call last):
  File "G:\python test\django_basic_venv\lib\site-packages\django\template\base.py", line 898, in _resolve_lookup
    current = current[int(bit)]
ValueError: invalid literal for int() with base 10: 'form'

During handling of the above exception, another exception occurred:

Traceback (most recent call last):
  File "G:\python test\django_basic_venv\lib\site-packages\django\template\base.py", line 905, in _resolve_lookup
    (bit, current))  # missing attribute
django.template.base.VariableDoesNotExist: Failed lookup for key [form] in "[{'False': False, 'None': None, 'True': True}, {'PRO_EMAIL': 'xuezheng1226@126.com', 'SITE_NAME': 'AutoOpe', 'messages': <django.contrib.messages.storage.fallback.FallbackStorage object at 0x00000000049C3470>, 'INEDX_PAGE': 'http://127.0.0.1:8000', 'MANAGER_DIR': 'http://127.0.0.1:8000/manager/', 'user': <SimpleLazyObject: <function AuthenticationMiddleware.process_request.<locals>.<lambda> at 0x0000000004459158>>, 'csrf_token': <SimpleLazyObject: '9qIQVzxRXNabgUkXj8XBCPoOvVbgE1ss'>, 'DEFAULT_MESSAGE_LEVELS': {'ERROR': 40, 'DEBUG': 10, 'WARNING': 30, 'INFO': 20, 'SUCCESS': 25}, 'perms': <django.contrib.auth.context_processors.PermWrapper object at 0x000000000487CE48>, 'SITE_DESC': '', 'request': <WSGIRequest: GET '/register/manager/popopopo'>}, {}, {'reg_from': <RegForm bound=True, valid=False, fields=(username;password;user_password_2;email)>, 'request': <WSGIRequest: GET '/register/manager/popopopo'>}]"
2016-12-18 00:36:43,175 [Thread-6:17172] [django.template:927] [base:_resolve_lookup] [DEBUG]- Exception while resolving variable 'form' in template 'major/signup.html'.
Traceback (most recent call last):
  File "G:\python test\django_basic_venv\lib\site-packages\django\template\base.py", line 883, in _resolve_lookup
    current = current[bit]
  File "G:\python test\django_basic_venv\lib\site-packages\django\template\context.py", line 77, in __getitem__
    raise KeyError(key)
KeyError: 'form'

During handling of the above exception, another exception occurred:

Traceback (most recent call last):
  File "G:\python test\django_basic_venv\lib\site-packages\django\template\base.py", line 889, in _resolve_lookup
    if isinstance(current, BaseContext) and getattr(type(current), bit):
AttributeError: type object 'RequestContext' has no attribute 'form'

During handling of the above exception, another exception occurred:

Traceback (most recent call last):
  File "G:\python test\django_basic_venv\lib\site-packages\django\template\base.py", line 898, in _resolve_lookup
    current = current[int(bit)]
ValueError: invalid literal for int() with base 10: 'form'

During handling of the above exception, another exception occurred:

Traceback (most recent call last):
  File "G:\python test\django_basic_venv\lib\site-packages\django\template\base.py", line 905, in _resolve_lookup
    (bit, current))  # missing attribute
django.template.base.VariableDoesNotExist: Failed lookup for key [form] in "[{'False': False, 'None': None, 'True': True}, {'PRO_EMAIL': 'xuezheng1226@126.com', 'SITE_NAME': 'AutoOpe', 'messages': <django.contrib.messages.storage.fallback.FallbackStorage object at 0x00000000049C3470>, 'INEDX_PAGE': 'http://127.0.0.1:8000', 'MANAGER_DIR': 'http://127.0.0.1:8000/manager/', 'user': <SimpleLazyObject: <function AuthenticationMiddleware.process_request.<locals>.<lambda> at 0x0000000004459158>>, 'csrf_token': <SimpleLazyObject: '9qIQVzxRXNabgUkXj8XBCPoOvVbgE1ss'>, 'DEFAULT_MESSAGE_LEVELS': {'ERROR': 40, 'DEBUG': 10, 'WARNING': 30, 'INFO': 20, 'SUCCESS': 25}, 'perms': <django.contrib.auth.context_processors.PermWrapper object at 0x000000000487CE48>, 'SITE_DESC': '', 'request': <WSGIRequest: GET '/register/manager/popopopo'>}, {}, {'reg_from': <RegForm bound=True, valid=False, fields=(username;password;user_password_2;email)>, 'request': <WSGIRequest: GET '/register/manager/popopopo'>}]"
2016-12-18 00:37:47,589 [Dummy-1:16356] [django.db.backends:89] [utils:execute] [DEBUG]- (0.000) SET SQL_AUTO_IS_NULL = 0; args=None
2016-12-18 00:37:47,648 [Dummy-1:16356] [django.db.backends:89] [utils:execute] [DEBUG]- (0.000) SET SQL_AUTO_IS_NULL = 0; args=None
2016-12-18 00:37:47,650 [Dummy-1:16356] [django.db.backends:89] [utils:execute] [DEBUG]- (0.002) SHOW FULL TABLES; args=None
2016-12-18 00:37:47,653 [Dummy-1:16356] [django.db.backends:89] [utils:execute] [DEBUG]- (0.001) SELECT `django_migrations`.`app`, `django_migrations`.`name` FROM `django_migrations`; args=()
2016-12-18 00:38:10,488 [Thread-2:13112] [django.db.backends:89] [utils:execute] [DEBUG]- (0.000) SET SQL_AUTO_IS_NULL = 0; args=None
2016-12-18 00:38:10,489 [Thread-2:13112] [django.db.backends:89] [utils:execute] [DEBUG]- (0.001) SELECT `autoo_user`.`username` FROM `autoo_user`; args=()
2016-12-18 00:38:10,490 [Thread-2:13112] [django.db.backends:89] [utils:execute] [DEBUG]- (0.001) SELECT `autoo_user`.`username` FROM `autoo_user`; args=()
2016-12-18 00:38:10,523 [Thread-2:13112] [django.db.backends:89] [utils:execute] [DEBUG]- (0.001) INSERT INTO `autoo_user` (`password`, `last_login`, `is_superuser`, `username`, `first_name`, `last_name`, `email`, `is_staff`, `is_active`, `date_joined`, `user_phone`, `user_role_name_id`, `user_describe`, `user_avatar`, `user_register_time`) VALUES ('pbkdf2_sha256$24000$N4MJ7swgAqep$8exLlVo66gLybaJ7CoGc+8qt2PSNfg3vLaAJTNpDcZE=', NULL, 0, 'qeqeqe', '', '', '543543@123.com', 0, 1, '2016-12-17 16:38:10', NULL, NULL, NULL, 'avatar/default.png', '2016-12-18'); args=['pbkdf2_sha256$24000$N4MJ7swgAqep$8exLlVo66gLybaJ7CoGc+8qt2PSNfg3vLaAJTNpDcZE=', None, False, 'qeqeqe', '', '', '543543@123.com', False, True, '2016-12-17 16:38:10', None, None, None, 'avatar/default.png', '2016-12-18']
2016-12-18 00:38:11,015 [Thread-2:13112] [django.db.backends:89] [utils:execute] [DEBUG]- (0.001) UPDATE `autoo_user` SET `password` = 'pbkdf2_sha256$24000$N4MJ7swgAqep$8exLlVo66gLybaJ7CoGc+8qt2PSNfg3vLaAJTNpDcZE=', `last_login` = NULL, `is_superuser` = 0, `username` = 'qeqeqe', `first_name` = '', `last_name` = '', `email` = '543543@123.com', `is_staff` = 0, `is_active` = 1, `date_joined` = '2016-12-17 16:38:10', `user_phone` = NULL, `user_role_name_id` = NULL, `user_describe` = NULL, `user_avatar` = 'avatar/default.png', `user_register_time` = '2016-12-18' WHERE `autoo_user`.`id` = 16; args=('pbkdf2_sha256$24000$N4MJ7swgAqep$8exLlVo66gLybaJ7CoGc+8qt2PSNfg3vLaAJTNpDcZE=', False, 'qeqeqe', '', '', '543543@123.com', False, True, '2016-12-17 16:38:10', 'avatar/default.png', '2016-12-18', 16)
2016-12-18 00:38:11,020 [Thread-2:13112] [django.db.backends:89] [utils:execute] [DEBUG]- (0.001) SELECT `django_session`.`session_key`, `django_session`.`session_data`, `django_session`.`expire_date` FROM `django_session` WHERE (`django_session`.`expire_date` > '2016-12-17 16:38:11' AND `django_session`.`session_key` = 'itc56y923l6k9hiwd2v5lpcfvk9eo9sc'); args=('2016-12-17 16:38:11', 'itc56y923l6k9hiwd2v5lpcfvk9eo9sc')
2016-12-18 00:38:11,021 [Thread-2:13112] [django.db.backends:89] [utils:execute] [DEBUG]- (0.000) SELECT `django_session`.`session_key`, `django_session`.`session_data`, `django_session`.`expire_date` FROM `django_session` WHERE `django_session`.`session_key` = 'itc56y923l6k9hiwd2v5lpcfvk9eo9sc'; args=('itc56y923l6k9hiwd2v5lpcfvk9eo9sc',)
2016-12-18 00:38:11,023 [Thread-2:13112] [django.db.backends:89] [utils:execute] [DEBUG]- (0.001) DELETE FROM `django_session` WHERE `django_session`.`session_key` IN ('itc56y923l6k9hiwd2v5lpcfvk9eo9sc'); args=('itc56y923l6k9hiwd2v5lpcfvk9eo9sc',)
2016-12-18 00:38:11,027 [Thread-2:13112] [django.db.backends:89] [utils:execute] [DEBUG]- (0.000) UPDATE `autoo_user` SET `last_login` = '2016-12-17 16:38:11' WHERE `autoo_user`.`id` = 16; args=('2016-12-17 16:38:11', 16)
2016-12-18 00:38:11,032 [Thread-2:13112] [django.db.backends:89] [utils:execute] [DEBUG]- (0.001) SELECT (1) AS `a` FROM `django_session` WHERE `django_session`.`session_key` = '7cfnw3lqzkwsodydn55d8zazdhwbq9jp' LIMIT 1; args=('7cfnw3lqzkwsodydn55d8zazdhwbq9jp',)
2016-12-18 00:38:11,034 [Thread-2:13112] [django.db.backends:89] [utils:execute] [DEBUG]- (0.001) INSERT INTO `django_session` (`session_key`, `session_data`, `expire_date`) VALUES ('7cfnw3lqzkwsodydn55d8zazdhwbq9jp', 'MDA5YWVkOTBiNTdhMWU1YWRlZDFhZGFmYzNlYmNmYzZlY2ZmMWZkNzp7Il9hdXRoX3VzZXJfYmFja2VuZCI6ImRqYW5nby5jb250cmliLmF1dGguYmFja2VuZHMuTW9kZWxCYWNrZW5kIiwiX2F1dGhfdXNlcl9pZCI6IjE2IiwiX2F1dGhfdXNlcl9oYXNoIjoiMDE1YmUxOWM3Yjk5NmNlMmQxYTEyMjIzYTg0MjBhNTZiYWE2MmJhYyJ9', '2016-12-31 16:38:11'); args=('7cfnw3lqzkwsodydn55d8zazdhwbq9jp', 'MDA5YWVkOTBiNTdhMWU1YWRlZDFhZGFmYzNlYmNmYzZlY2ZmMWZkNzp7Il9hdXRoX3VzZXJfYmFja2VuZCI6ImRqYW5nby5jb250cmliLmF1dGguYmFja2VuZHMuTW9kZWxCYWNrZW5kIiwiX2F1dGhfdXNlcl9pZCI6IjE2IiwiX2F1dGhfdXNlcl9oYXNoIjoiMDE1YmUxOWM3Yjk5NmNlMmQxYTEyMjIzYTg0MjBhNTZiYWE2MmJhYyJ9', '2016-12-31 16:38:11')
2016-12-18 00:38:11,046 [Thread-3:12468] [django.template:927] [base:_resolve_lookup] [DEBUG]- Exception while resolving variable 'form' in template 'major/signup.html'.
Traceback (most recent call last):
  File "G:\python test\django_basic_venv\lib\site-packages\django\template\base.py", line 883, in _resolve_lookup
    current = current[bit]
  File "G:\python test\django_basic_venv\lib\site-packages\django\template\context.py", line 77, in __getitem__
    raise KeyError(key)
KeyError: 'form'

During handling of the above exception, another exception occurred:

Traceback (most recent call last):
  File "G:\python test\django_basic_venv\lib\site-packages\django\template\base.py", line 889, in _resolve_lookup
    if isinstance(current, BaseContext) and getattr(type(current), bit):
AttributeError: type object 'RequestContext' has no attribute 'form'

During handling of the above exception, another exception occurred:

Traceback (most recent call last):
  File "G:\python test\django_basic_venv\lib\site-packages\django\template\base.py", line 898, in _resolve_lookup
    current = current[int(bit)]
ValueError: invalid literal for int() with base 10: 'form'

During handling of the above exception, another exception occurred:

Traceback (most recent call last):
  File "G:\python test\django_basic_venv\lib\site-packages\django\template\base.py", line 905, in _resolve_lookup
    (bit, current))  # missing attribute
django.template.base.VariableDoesNotExist: Failed lookup for key [form] in "[{'False': False, 'None': None, 'True': True}, {'user': <SimpleLazyObject: <function AuthenticationMiddleware.process_request.<locals>.<lambda> at 0x000000000443E6A8>>, 'messages': <django.contrib.messages.storage.fallback.FallbackStorage object at 0x0000000004885C88>, 'perms': <django.contrib.auth.context_processors.PermWrapper object at 0x00000000049654E0>, 'MANAGER_DIR': 'http://127.0.0.1:8000/manager/', 'SITE_DESC': '', 'INEDX_PAGE': 'http://127.0.0.1:8000', 'DEFAULT_MESSAGE_LEVELS': {'ERROR': 40, 'SUCCESS': 25, 'DEBUG': 10, 'WARNING': 30, 'INFO': 20}, 'SITE_NAME': 'AutoOpe', 'PRO_EMAIL': 'xuezheng1226@126.com', 'csrf_token': <SimpleLazyObject: 'v9F37BjE17f6DEGOU7CwDOPNT2uGiLx3'>, 'request': <WSGIRequest: GET '/register/manager/qeqeqe'>}, {}, {'reg_from': <RegForm bound=True, valid=False, fields=(username;password;user_password_2;email)>, 'request': <WSGIRequest: GET '/register/manager/qeqeqe'>}]"
2016-12-18 00:38:11,048 [Thread-3:12468] [django.template:927] [base:_resolve_lookup] [DEBUG]- Exception while resolving variable 'form' in template 'major/signup.html'.
Traceback (most recent call last):
  File "G:\python test\django_basic_venv\lib\site-packages\django\template\base.py", line 883, in _resolve_lookup
    current = current[bit]
  File "G:\python test\django_basic_venv\lib\site-packages\django\template\context.py", line 77, in __getitem__
    raise KeyError(key)
KeyError: 'form'

During handling of the above exception, another exception occurred:

Traceback (most recent call last):
  File "G:\python test\django_basic_venv\lib\site-packages\django\template\base.py", line 889, in _resolve_lookup
    if isinstance(current, BaseContext) and getattr(type(current), bit):
AttributeError: type object 'RequestContext' has no attribute 'form'

During handling of the above exception, another exception occurred:

Traceback (most recent call last):
  File "G:\python test\django_basic_venv\lib\site-packages\django\template\base.py", line 898, in _resolve_lookup
    current = current[int(bit)]
ValueError: invalid literal for int() with base 10: 'form'

During handling of the above exception, another exception occurred:

Traceback (most recent call last):
  File "G:\python test\django_basic_venv\lib\site-packages\django\template\base.py", line 905, in _resolve_lookup
    (bit, current))  # missing attribute
django.template.base.VariableDoesNotExist: Failed lookup for key [form] in "[{'False': False, 'None': None, 'True': True}, {'user': <SimpleLazyObject: <function AuthenticationMiddleware.process_request.<locals>.<lambda> at 0x000000000443E6A8>>, 'messages': <django.contrib.messages.storage.fallback.FallbackStorage object at 0x0000000004885C88>, 'perms': <django.contrib.auth.context_processors.PermWrapper object at 0x00000000049654E0>, 'MANAGER_DIR': 'http://127.0.0.1:8000/manager/', 'SITE_DESC': '', 'INEDX_PAGE': 'http://127.0.0.1:8000', 'DEFAULT_MESSAGE_LEVELS': {'ERROR': 40, 'SUCCESS': 25, 'DEBUG': 10, 'WARNING': 30, 'INFO': 20}, 'SITE_NAME': 'AutoOpe', 'PRO_EMAIL': 'xuezheng1226@126.com', 'csrf_token': <SimpleLazyObject: 'v9F37BjE17f6DEGOU7CwDOPNT2uGiLx3'>, 'request': <WSGIRequest: GET '/register/manager/qeqeqe'>}, {}, {'reg_from': <RegForm bound=True, valid=False, fields=(username;password;user_password_2;email)>, 'request': <WSGIRequest: GET '/register/manager/qeqeqe'>}]"
2016-12-18 00:40:43,408 [Dummy-1:16788] [django.db.backends:89] [utils:execute] [DEBUG]- (0.001) SET SQL_AUTO_IS_NULL = 0; args=None
2016-12-18 00:40:43,463 [Dummy-1:16788] [django.db.backends:89] [utils:execute] [DEBUG]- (0.001) SET SQL_AUTO_IS_NULL = 0; args=None
2016-12-18 00:40:43,465 [Dummy-1:16788] [django.db.backends:89] [utils:execute] [DEBUG]- (0.002) SHOW FULL TABLES; args=None
2016-12-18 00:40:43,468 [Dummy-1:16788] [django.db.backends:89] [utils:execute] [DEBUG]- (0.001) SELECT `django_migrations`.`app`, `django_migrations`.`name` FROM `django_migrations`; args=()
2016-12-18 00:41:05,176 [Thread-2:16308] [django.db.backends:89] [utils:execute] [DEBUG]- (0.001) SET SQL_AUTO_IS_NULL = 0; args=None
2016-12-18 00:41:05,177 [Thread-2:16308] [django.db.backends:89] [utils:execute] [DEBUG]- (0.001) SELECT `autoo_user`.`username` FROM `autoo_user`; args=()
2016-12-18 00:41:05,178 [Thread-2:16308] [django.db.backends:89] [utils:execute] [DEBUG]- (0.001) SELECT `autoo_user`.`username` FROM `autoo_user`; args=()
2016-12-18 00:41:05,210 [Thread-2:16308] [django.db.backends:89] [utils:execute] [DEBUG]- (0.001) INSERT INTO `autoo_user` (`password`, `last_login`, `is_superuser`, `username`, `first_name`, `last_name`, `email`, `is_staff`, `is_active`, `date_joined`, `user_phone`, `user_role_name_id`, `user_describe`, `user_avatar`, `user_register_time`) VALUES ('pbkdf2_sha256$24000$4r3ZRBPNz9B4$zDwjKoGWBY52Qr+U2DS1nxPnBviU9XKEIRO4lZrKEVc=', NULL, 0, 'qweqwe', '', '', 'trw@123.co', 0, 1, '2016-12-17 16:41:05', NULL, NULL, NULL, 'avatar/default.png', '2016-12-18'); args=['pbkdf2_sha256$24000$4r3ZRBPNz9B4$zDwjKoGWBY52Qr+U2DS1nxPnBviU9XKEIRO4lZrKEVc=', None, False, 'qweqwe', '', '', 'trw@123.co', False, True, '2016-12-17 16:41:05', None, None, None, 'avatar/default.png', '2016-12-18']
2016-12-18 00:41:05,688 [Thread-2:16308] [django.db.backends:89] [utils:execute] [DEBUG]- (0.001) UPDATE `autoo_user` SET `password` = 'pbkdf2_sha256$24000$4r3ZRBPNz9B4$zDwjKoGWBY52Qr+U2DS1nxPnBviU9XKEIRO4lZrKEVc=', `last_login` = NULL, `is_superuser` = 0, `username` = 'qweqwe', `first_name` = '', `last_name` = '', `email` = 'trw@123.co', `is_staff` = 0, `is_active` = 1, `date_joined` = '2016-12-17 16:41:05', `user_phone` = NULL, `user_role_name_id` = NULL, `user_describe` = NULL, `user_avatar` = 'avatar/default.png', `user_register_time` = '2016-12-18' WHERE `autoo_user`.`id` = 17; args=('pbkdf2_sha256$24000$4r3ZRBPNz9B4$zDwjKoGWBY52Qr+U2DS1nxPnBviU9XKEIRO4lZrKEVc=', False, 'qweqwe', '', '', 'trw@123.co', False, True, '2016-12-17 16:41:05', 'avatar/default.png', '2016-12-18', 17)
2016-12-18 00:41:05,692 [Thread-2:16308] [django.db.backends:89] [utils:execute] [DEBUG]- (0.000) SELECT `django_session`.`session_key`, `django_session`.`session_data`, `django_session`.`expire_date` FROM `django_session` WHERE (`django_session`.`session_key` = '7cfnw3lqzkwsodydn55d8zazdhwbq9jp' AND `django_session`.`expire_date` > '2016-12-17 16:41:05'); args=('7cfnw3lqzkwsodydn55d8zazdhwbq9jp', '2016-12-17 16:41:05')
2016-12-18 00:41:05,694 [Thread-2:16308] [django.db.backends:89] [utils:execute] [DEBUG]- (0.001) SELECT `django_session`.`session_key`, `django_session`.`session_data`, `django_session`.`expire_date` FROM `django_session` WHERE `django_session`.`session_key` = '7cfnw3lqzkwsodydn55d8zazdhwbq9jp'; args=('7cfnw3lqzkwsodydn55d8zazdhwbq9jp',)
2016-12-18 00:41:05,695 [Thread-2:16308] [django.db.backends:89] [utils:execute] [DEBUG]- (0.001) DELETE FROM `django_session` WHERE `django_session`.`session_key` IN ('7cfnw3lqzkwsodydn55d8zazdhwbq9jp'); args=('7cfnw3lqzkwsodydn55d8zazdhwbq9jp',)
2016-12-18 00:41:05,699 [Thread-2:16308] [django.db.backends:89] [utils:execute] [DEBUG]- (0.000) UPDATE `autoo_user` SET `last_login` = '2016-12-17 16:41:05' WHERE `autoo_user`.`id` = 17; args=('2016-12-17 16:41:05', 17)
2016-12-18 00:41:05,706 [Thread-2:16308] [django.db.backends:89] [utils:execute] [DEBUG]- (0.000) SELECT (1) AS `a` FROM `django_session` WHERE `django_session`.`session_key` = '346snklfjunqshx2wxzufhqwkyi3y9ws' LIMIT 1; args=('346snklfjunqshx2wxzufhqwkyi3y9ws',)
2016-12-18 00:41:05,708 [Thread-2:16308] [django.db.backends:89] [utils:execute] [DEBUG]- (0.001) INSERT INTO `django_session` (`session_key`, `session_data`, `expire_date`) VALUES ('346snklfjunqshx2wxzufhqwkyi3y9ws', 'NmI4ZmRlOTYwYmYwMjBiNjc3ZWMxZWY4MmY1OWNiZTEzMzgwMGU4YTp7Il9hdXRoX3VzZXJfYmFja2VuZCI6ImRqYW5nby5jb250cmliLmF1dGguYmFja2VuZHMuTW9kZWxCYWNrZW5kIiwiX2F1dGhfdXNlcl9oYXNoIjoiYzA3ODEyN2FlZDM4NDQ2ZmMxNWMwYmNjMTU3ZDRjYmMyN2UxYzFkZCIsIl9hdXRoX3VzZXJfaWQiOiIxNyJ9', '2016-12-31 16:41:05'); args=('346snklfjunqshx2wxzufhqwkyi3y9ws', 'NmI4ZmRlOTYwYmYwMjBiNjc3ZWMxZWY4MmY1OWNiZTEzMzgwMGU4YTp7Il9hdXRoX3VzZXJfYmFja2VuZCI6ImRqYW5nby5jb250cmliLmF1dGguYmFja2VuZHMuTW9kZWxCYWNrZW5kIiwiX2F1dGhfdXNlcl9oYXNoIjoiYzA3ODEyN2FlZDM4NDQ2ZmMxNWMwYmNjMTU3ZDRjYmMyN2UxYzFkZCIsIl9hdXRoX3VzZXJfaWQiOiIxNyJ9', '2016-12-31 16:41:05')
2016-12-18 00:41:05,722 [Thread-4:6224] [django.db.backends:89] [utils:execute] [DEBUG]- (0.000) SET SQL_AUTO_IS_NULL = 0; args=None
2016-12-18 00:41:05,725 [Thread-4:6224] [django.db.backends:89] [utils:execute] [DEBUG]- (0.000) SET SQL_AUTO_IS_NULL = 0; args=None
2016-12-18 00:41:05,726 [Thread-4:6224] [django.db.backends:89] [utils:execute] [DEBUG]- (0.000) SELECT `django_session`.`session_key`, `django_session`.`session_data`, `django_session`.`expire_date` FROM `django_session` WHERE (`django_session`.`session_key` = '346snklfjunqshx2wxzufhqwkyi3y9ws' AND `django_session`.`expire_date` > '2016-12-17 16:41:05'); args=('346snklfjunqshx2wxzufhqwkyi3y9ws', '2016-12-17 16:41:05')
2016-12-18 00:41:05,728 [Thread-4:6224] [django.db.backends:89] [utils:execute] [DEBUG]- (0.001) SELECT `autoo_user`.`id`, `autoo_user`.`password`, `autoo_user`.`last_login`, `autoo_user`.`is_superuser`, `autoo_user`.`username`, `autoo_user`.`first_name`, `autoo_user`.`last_name`, `autoo_user`.`email`, `autoo_user`.`is_staff`, `autoo_user`.`is_active`, `autoo_user`.`date_joined`, `autoo_user`.`user_phone`, `autoo_user`.`user_role_name_id`, `autoo_user`.`user_describe`, `autoo_user`.`user_avatar`, `autoo_user`.`user_register_time` FROM `autoo_user` WHERE `autoo_user`.`id` = 17; args=(17,)
2016-12-18 00:41:05,730 [Thread-4:6224] [django.db.backends:89] [utils:execute] [DEBUG]- (0.001) SELECT `autoo_user`.`id`, `autoo_user`.`password`, `autoo_user`.`last_login`, `autoo_user`.`is_superuser`, `autoo_user`.`username`, `autoo_user`.`first_name`, `autoo_user`.`last_name`, `autoo_user`.`email`, `autoo_user`.`is_staff`, `autoo_user`.`is_active`, `autoo_user`.`date_joined`, `autoo_user`.`user_phone`, `autoo_user`.`user_role_name_id`, `autoo_user`.`user_describe`, `autoo_user`.`user_avatar`, `autoo_user`.`user_register_time` FROM `autoo_user` WHERE `autoo_user`.`username` = 'qweqwe'; args=('qweqwe',)
2016-12-18 00:53:30,737 [Thread-5:17488] [django.db.backends:89] [utils:execute] [DEBUG]- (0.001) SET SQL_AUTO_IS_NULL = 0; args=None
2016-12-18 00:53:30,741 [Thread-5:17488] [django.db.backends:89] [utils:execute] [DEBUG]- (0.001) SET SQL_AUTO_IS_NULL = 0; args=None
2016-12-18 00:53:30,743 [Thread-5:17488] [django.db.backends:89] [utils:execute] [DEBUG]- (0.002) SELECT `django_session`.`session_key`, `django_session`.`session_data`, `django_session`.`expire_date` FROM `django_session` WHERE (`django_session`.`session_key` = '346snklfjunqshx2wxzufhqwkyi3y9ws' AND `django_session`.`expire_date` > '2016-12-17 16:53:30'); args=('346snklfjunqshx2wxzufhqwkyi3y9ws', '2016-12-17 16:53:30')
2016-12-18 00:53:30,745 [Thread-5:17488] [django.db.backends:89] [utils:execute] [DEBUG]- (0.001) SELECT `autoo_user`.`id`, `autoo_user`.`password`, `autoo_user`.`last_login`, `autoo_user`.`is_superuser`, `autoo_user`.`username`, `autoo_user`.`first_name`, `autoo_user`.`last_name`, `autoo_user`.`email`, `autoo_user`.`is_staff`, `autoo_user`.`is_active`, `autoo_user`.`date_joined`, `autoo_user`.`user_phone`, `autoo_user`.`user_role_name_id`, `autoo_user`.`user_describe`, `autoo_user`.`user_avatar`, `autoo_user`.`user_register_time` FROM `autoo_user` WHERE `autoo_user`.`id` = 17; args=(17,)
2016-12-18 00:53:30,747 [Thread-5:17488] [django.db.backends:89] [utils:execute] [DEBUG]- (0.001) SELECT `django_session`.`session_key`, `django_session`.`session_data`, `django_session`.`expire_date` FROM `django_session` WHERE `django_session`.`session_key` = '346snklfjunqshx2wxzufhqwkyi3y9ws'; args=('346snklfjunqshx2wxzufhqwkyi3y9ws',)
2016-12-18 00:53:30,752 [Thread-5:17488] [django.db.backends:89] [utils:execute] [DEBUG]- (0.002) DELETE FROM `django_session` WHERE `django_session`.`session_key` IN ('346snklfjunqshx2wxzufhqwkyi3y9ws'); args=('346snklfjunqshx2wxzufhqwkyi3y9ws',)
2016-12-18 00:53:34,763 [Thread-7:1144] [django.template:927] [base:_resolve_lookup] [DEBUG]- Exception while resolving variable 'form' in template 'major/signup.html'.
Traceback (most recent call last):
  File "G:\python test\django_basic_venv\lib\site-packages\django\template\base.py", line 883, in _resolve_lookup
    current = current[bit]
  File "G:\python test\django_basic_venv\lib\site-packages\django\template\context.py", line 77, in __getitem__
    raise KeyError(key)
KeyError: 'form'

During handling of the above exception, another exception occurred:

Traceback (most recent call last):
  File "G:\python test\django_basic_venv\lib\site-packages\django\template\base.py", line 889, in _resolve_lookup
    if isinstance(current, BaseContext) and getattr(type(current), bit):
AttributeError: type object 'RequestContext' has no attribute 'form'

During handling of the above exception, another exception occurred:

Traceback (most recent call last):
  File "G:\python test\django_basic_venv\lib\site-packages\django\template\base.py", line 898, in _resolve_lookup
    current = current[int(bit)]
ValueError: invalid literal for int() with base 10: 'form'

During handling of the above exception, another exception occurred:

Traceback (most recent call last):
  File "G:\python test\django_basic_venv\lib\site-packages\django\template\base.py", line 905, in _resolve_lookup
    (bit, current))  # missing attribute
django.template.base.VariableDoesNotExist: Failed lookup for key [form] in "[{'True': True, 'False': False, 'None': None}, {'DEFAULT_MESSAGE_LEVELS': {'INFO': 20, 'ERROR': 40, 'SUCCESS': 25, 'WARNING': 30, 'DEBUG': 10}, 'PRO_EMAIL': 'xuezheng1226@126.com', 'SITE_DESC': '', 'INEDX_PAGE': 'http://127.0.0.1:8000', 'request': <WSGIRequest: GET '/register/'>, 'SITE_NAME': 'AutoOpe', 'perms': <django.contrib.auth.context_processors.PermWrapper object at 0x000000000482FCC0>, 'MANAGER_DIR': 'http://127.0.0.1:8000/manager/', 'csrf_token': <SimpleLazyObject: 'lg2yug1sfSDyyWdg5y70hsflWcGcP9ER'>, 'messages': <django.contrib.messages.storage.fallback.FallbackStorage object at 0x0000000004847978>, 'user': <SimpleLazyObject: <function AuthenticationMiddleware.process_request.<locals>.<lambda> at 0x0000000004833840>>}, {}, {'request': <WSGIRequest: GET '/register/'>, 'reg_from': <RegForm bound=True, valid=False, fields=(username;password;user_password_2;email)>}]"
2016-12-18 00:53:34,764 [Thread-7:1144] [django.template:927] [base:_resolve_lookup] [DEBUG]- Exception while resolving variable 'form' in template 'major/signup.html'.
Traceback (most recent call last):
  File "G:\python test\django_basic_venv\lib\site-packages\django\template\base.py", line 883, in _resolve_lookup
    current = current[bit]
  File "G:\python test\django_basic_venv\lib\site-packages\django\template\context.py", line 77, in __getitem__
    raise KeyError(key)
KeyError: 'form'

During handling of the above exception, another exception occurred:

Traceback (most recent call last):
  File "G:\python test\django_basic_venv\lib\site-packages\django\template\base.py", line 889, in _resolve_lookup
    if isinstance(current, BaseContext) and getattr(type(current), bit):
AttributeError: type object 'RequestContext' has no attribute 'form'

During handling of the above exception, another exception occurred:

Traceback (most recent call last):
  File "G:\python test\django_basic_venv\lib\site-packages\django\template\base.py", line 898, in _resolve_lookup
    current = current[int(bit)]
ValueError: invalid literal for int() with base 10: 'form'

During handling of the above exception, another exception occurred:

Traceback (most recent call last):
  File "G:\python test\django_basic_venv\lib\site-packages\django\template\base.py", line 905, in _resolve_lookup
    (bit, current))  # missing attribute
django.template.base.VariableDoesNotExist: Failed lookup for key [form] in "[{'True': True, 'False': False, 'None': None}, {'DEFAULT_MESSAGE_LEVELS': {'INFO': 20, 'ERROR': 40, 'SUCCESS': 25, 'WARNING': 30, 'DEBUG': 10}, 'PRO_EMAIL': 'xuezheng1226@126.com', 'SITE_DESC': '', 'INEDX_PAGE': 'http://127.0.0.1:8000', 'request': <WSGIRequest: GET '/register/'>, 'SITE_NAME': 'AutoOpe', 'perms': <django.contrib.auth.context_processors.PermWrapper object at 0x000000000482FCC0>, 'MANAGER_DIR': 'http://127.0.0.1:8000/manager/', 'csrf_token': <SimpleLazyObject: 'lg2yug1sfSDyyWdg5y70hsflWcGcP9ER'>, 'messages': <django.contrib.messages.storage.fallback.FallbackStorage object at 0x0000000004847978>, 'user': <SimpleLazyObject: <function AuthenticationMiddleware.process_request.<locals>.<lambda> at 0x0000000004833840>>}, {}, {'request': <WSGIRequest: GET '/register/'>, 'reg_from': <RegForm bound=True, valid=False, fields=(username;password;user_password_2;email)>}]"
2016-12-18 00:55:30,805 [Dummy-1:18164] [django.db.backends:89] [utils:execute] [DEBUG]- (0.001) SET SQL_AUTO_IS_NULL = 0; args=None
2016-12-18 00:55:30,861 [Dummy-1:18164] [django.db.backends:89] [utils:execute] [DEBUG]- (0.000) SET SQL_AUTO_IS_NULL = 0; args=None
2016-12-18 00:55:30,864 [Dummy-1:18164] [django.db.backends:89] [utils:execute] [DEBUG]- (0.003) SHOW FULL TABLES; args=None
2016-12-18 00:55:30,867 [Dummy-1:18164] [django.db.backends:89] [utils:execute] [DEBUG]- (0.001) SELECT `django_migrations`.`app`, `django_migrations`.`name` FROM `django_migrations`; args=()
2016-12-18 09:57:22,632 [Dummy-1:10728] [django.db.backends:89] [utils:execute] [DEBUG]- (0.000) SET SQL_AUTO_IS_NULL = 0; args=None
2016-12-18 09:57:23,115 [Dummy-1:10728] [django.db.backends:89] [utils:execute] [DEBUG]- (0.000) SET SQL_AUTO_IS_NULL = 0; args=None
2016-12-18 09:57:23,178 [Dummy-1:10728] [django.db.backends:89] [utils:execute] [DEBUG]- (0.062) SHOW FULL TABLES; args=None
2016-12-18 09:57:23,193 [Dummy-1:10728] [django.db.backends:89] [utils:execute] [DEBUG]- (0.000) SELECT `django_migrations`.`app`, `django_migrations`.`name` FROM `django_migrations`; args=()
2016-12-18 09:57:23,802 [Thread-12:7884] [django.template:927] [base:_resolve_lookup] [DEBUG]- Exception while resolving variable 'name' in template 'unknown'.
Traceback (most recent call last):
  File "G:\python test\django_basic_venv\lib\site-packages\django\core\handlers\base.py", line 134, in get_response
    resolver_match = resolver.resolve(request.path_info)
  File "G:\python test\django_basic_venv\lib\site-packages\django\core\urlresolvers.py", line 404, in resolve
    raise Resolver404({'tried': tried, 'path': new_path})
django.core.urlresolvers.Resolver404: {'tried': [[<RegexURLResolver <RegexURLPattern list> (admin:admin) ^admin/>], [<RegexURLPattern upload_image ^admin/upload/(?P<dir_name>[^/]+)/>], [<RegexURLPattern None uploads/(?P<path>.*)$>], [<RegexURLPattern userlogin ^$>], [<RegexURLPattern manager ^manager/(?P<user_name>[^/]+)/$>], [<RegexURLPattern register register/>], [<RegexURLPattern logoutUser logoutUser/>], [<RegexURLPattern usermsg usermsg/>], [<RegexURLPattern userinfo userinfo/>], [<RegexURLPattern usersetting usersetting/>]], 'path': 'favicon.ico'}

During handling of the above exception, another exception occurred:

Traceback (most recent call last):
  File "G:\python test\django_basic_venv\lib\site-packages\django\template\base.py", line 883, in _resolve_lookup
    current = current[bit]
TypeError: 'RegexURLResolver' object is not subscriptable

During handling of the above exception, another exception occurred:

Traceback (most recent call last):
  File "G:\python test\django_basic_venv\lib\site-packages\django\template\base.py", line 891, in _resolve_lookup
    current = getattr(current, bit)
AttributeError: 'RegexURLResolver' object has no attribute 'name'

During handling of the above exception, another exception occurred:

Traceback (most recent call last):
  File "G:\python test\django_basic_venv\lib\site-packages\django\template\base.py", line 898, in _resolve_lookup
    current = current[int(bit)]
ValueError: invalid literal for int() with base 10: 'name'

During handling of the above exception, another exception occurred:

Traceback (most recent call last):
  File "G:\python test\django_basic_venv\lib\site-packages\django\template\base.py", line 905, in _resolve_lookup
    (bit, current))  # missing attribute
django.template.base.VariableDoesNotExist: Failed lookup for key [name] in '<RegexURLResolver <RegexURLPattern list> (admin:admin) ^admin/>'
2016-12-18 09:57:26,936 [Thread-13:1300] [django.template:927] [base:_resolve_lookup] [DEBUG]- Exception while resolving variable 'form' in template 'major/signup.html'.
Traceback (most recent call last):
  File "G:\python test\django_basic_venv\lib\site-packages\django\template\base.py", line 883, in _resolve_lookup
    current = current[bit]
  File "G:\python test\django_basic_venv\lib\site-packages\django\template\context.py", line 77, in __getitem__
    raise KeyError(key)
KeyError: 'form'

During handling of the above exception, another exception occurred:

Traceback (most recent call last):
  File "G:\python test\django_basic_venv\lib\site-packages\django\template\base.py", line 889, in _resolve_lookup
    if isinstance(current, BaseContext) and getattr(type(current), bit):
AttributeError: type object 'RequestContext' has no attribute 'form'

During handling of the above exception, another exception occurred:

Traceback (most recent call last):
  File "G:\python test\django_basic_venv\lib\site-packages\django\template\base.py", line 898, in _resolve_lookup
    current = current[int(bit)]
ValueError: invalid literal for int() with base 10: 'form'

During handling of the above exception, another exception occurred:

Traceback (most recent call last):
  File "G:\python test\django_basic_venv\lib\site-packages\django\template\base.py", line 905, in _resolve_lookup
    (bit, current))  # missing attribute
django.template.base.VariableDoesNotExist: Failed lookup for key [form] in "[{'None': None, 'False': False, 'True': True}, {'perms': <django.contrib.auth.context_processors.PermWrapper object at 0x00000000049103C8>, 'user': <SimpleLazyObject: <function AuthenticationMiddleware.process_request.<locals>.<lambda> at 0x0000000004901A60>>, 'csrf_token': <SimpleLazyObject: 'lg2yug1sfSDyyWdg5y70hsflWcGcP9ER'>, 'MANAGER_DIR': 'http://127.0.0.1:8000/manager/', 'SITE_NAME': 'AutoOpe', 'SITE_DESC': '', 'INEDX_PAGE': 'http://127.0.0.1:8000', 'request': <WSGIRequest: GET '/register/'>, 'messages': <django.contrib.messages.storage.fallback.FallbackStorage object at 0x00000000048C03C8>, 'PRO_EMAIL': 'xuezheng1226@126.com', 'DEFAULT_MESSAGE_LEVELS': {'INFO': 20, 'WARNING': 30, 'DEBUG': 10, 'ERROR': 40, 'SUCCESS': 25}}, {}, {'request': <WSGIRequest: GET '/register/'>, 'reg_from': <RegForm bound=True, valid=False, fields=(username;password;user_password_2;email)>}]"
2016-12-18 09:57:26,951 [Thread-13:1300] [django.template:927] [base:_resolve_lookup] [DEBUG]- Exception while resolving variable 'form' in template 'major/signup.html'.
Traceback (most recent call last):
  File "G:\python test\django_basic_venv\lib\site-packages\django\template\base.py", line 883, in _resolve_lookup
    current = current[bit]
  File "G:\python test\django_basic_venv\lib\site-packages\django\template\context.py", line 77, in __getitem__
    raise KeyError(key)
KeyError: 'form'

During handling of the above exception, another exception occurred:

Traceback (most recent call last):
  File "G:\python test\django_basic_venv\lib\site-packages\django\template\base.py", line 889, in _resolve_lookup
    if isinstance(current, BaseContext) and getattr(type(current), bit):
AttributeError: type object 'RequestContext' has no attribute 'form'

During handling of the above exception, another exception occurred:

Traceback (most recent call last):
  File "G:\python test\django_basic_venv\lib\site-packages\django\template\base.py", line 898, in _resolve_lookup
    current = current[int(bit)]
ValueError: invalid literal for int() with base 10: 'form'

During handling of the above exception, another exception occurred:

Traceback (most recent call last):
  File "G:\python test\django_basic_venv\lib\site-packages\django\template\base.py", line 905, in _resolve_lookup
    (bit, current))  # missing attribute
django.template.base.VariableDoesNotExist: Failed lookup for key [form] in "[{'None': None, 'False': False, 'True': True}, {'perms': <django.contrib.auth.context_processors.PermWrapper object at 0x00000000049103C8>, 'user': <SimpleLazyObject: <function AuthenticationMiddleware.process_request.<locals>.<lambda> at 0x0000000004901A60>>, 'csrf_token': <SimpleLazyObject: 'lg2yug1sfSDyyWdg5y70hsflWcGcP9ER'>, 'MANAGER_DIR': 'http://127.0.0.1:8000/manager/', 'SITE_NAME': 'AutoOpe', 'SITE_DESC': '', 'INEDX_PAGE': 'http://127.0.0.1:8000', 'request': <WSGIRequest: GET '/register/'>, 'messages': <django.contrib.messages.storage.fallback.FallbackStorage object at 0x00000000048C03C8>, 'PRO_EMAIL': 'xuezheng1226@126.com', 'DEFAULT_MESSAGE_LEVELS': {'INFO': 20, 'WARNING': 30, 'DEBUG': 10, 'ERROR': 40, 'SUCCESS': 25}}, {}, {'request': <WSGIRequest: GET '/register/'>, 'reg_from': <RegForm bound=True, valid=False, fields=(username;password;user_password_2;email)>}]"
2016-12-18 09:57:49,181 [Thread-14:8052] [django.db.backends:89] [utils:execute] [DEBUG]- (0.000) SET SQL_AUTO_IS_NULL = 0; args=None
2016-12-18 09:57:49,181 [Thread-14:8052] [django.db.backends:89] [utils:execute] [DEBUG]- (0.000) SELECT `autoo_user`.`username` FROM `autoo_user`; args=()
2016-12-18 09:57:49,181 [Thread-14:8052] [django.db.backends:89] [utils:execute] [DEBUG]- (0.000) SELECT `autoo_user`.`username` FROM `autoo_user`; args=()
2016-12-18 09:57:49,238 [Thread-14:8052] [django.db.backends:89] [utils:execute] [DEBUG]- (0.004) INSERT INTO `autoo_user` (`password`, `last_login`, `is_superuser`, `username`, `first_name`, `last_name`, `email`, `is_staff`, `is_active`, `date_joined`, `user_phone`, `user_role_name_id`, `user_describe`, `user_avatar`, `user_register_time`) VALUES ('pbkdf2_sha256$24000$0zjQzhajHkEd$sMRGYjQHJcHCeminjSViwtzeBbLWA11wBgOjaSDkzxk=', NULL, 0, 'mnmnmn', '', '', 'erw@123.com', 0, 1, '2016-12-18 01:57:49', NULL, NULL, NULL, 'avatar/default.png', '2016-12-18'); args=['pbkdf2_sha256$24000$0zjQzhajHkEd$sMRGYjQHJcHCeminjSViwtzeBbLWA11wBgOjaSDkzxk=', None, False, 'mnmnmn', '', '', 'erw@123.com', False, True, '2016-12-18 01:57:49', None, None, None, 'avatar/default.png', '2016-12-18']
2016-12-18 09:57:49,725 [Thread-14:8052] [django.db.backends:89] [utils:execute] [DEBUG]- (0.003) UPDATE `autoo_user` SET `password` = 'pbkdf2_sha256$24000$0zjQzhajHkEd$sMRGYjQHJcHCeminjSViwtzeBbLWA11wBgOjaSDkzxk=', `last_login` = NULL, `is_superuser` = 0, `username` = 'mnmnmn', `first_name` = '', `last_name` = '', `email` = 'erw@123.com', `is_staff` = 0, `is_active` = 1, `date_joined` = '2016-12-18 01:57:49', `user_phone` = NULL, `user_role_name_id` = NULL, `user_describe` = NULL, `user_avatar` = 'avatar/default.png', `user_register_time` = '2016-12-18' WHERE `autoo_user`.`id` = 18; args=('pbkdf2_sha256$24000$0zjQzhajHkEd$sMRGYjQHJcHCeminjSViwtzeBbLWA11wBgOjaSDkzxk=', False, 'mnmnmn', '', '', 'erw@123.com', False, True, '2016-12-18 01:57:49', 'avatar/default.png', '2016-12-18', 18)
2016-12-18 09:57:49,730 [Thread-14:8052] [django.db.backends:89] [utils:execute] [DEBUG]- (0.002) SELECT (1) AS `a` FROM `django_session` WHERE `django_session`.`session_key` = 'w4tgjtujjeyd180ml0np4gddec22fkrj' LIMIT 1; args=('w4tgjtujjeyd180ml0np4gddec22fkrj',)
2016-12-18 09:57:49,732 [Thread-14:8052] [django.db.backends:89] [utils:execute] [DEBUG]- (0.001) INSERT INTO `django_session` (`session_key`, `session_data`, `expire_date`) VALUES ('w4tgjtujjeyd180ml0np4gddec22fkrj', 'ZWRmZTQ4MjQ3YTczNGE0MzUwNTE1ODI4OWM2MzIzNGI5YTBlY2IwYzp7fQ==', '2017-01-01 01:57:49'); args=('w4tgjtujjeyd180ml0np4gddec22fkrj', 'ZWRmZTQ4MjQ3YTczNGE0MzUwNTE1ODI4OWM2MzIzNGI5YTBlY2IwYzp7fQ==', '2017-01-01 01:57:49')
2016-12-18 09:57:49,736 [Thread-14:8052] [django.db.backends:89] [utils:execute] [DEBUG]- (0.001) SELECT `django_session`.`session_key`, `django_session`.`session_data`, `django_session`.`expire_date` FROM `django_session` WHERE `django_session`.`session_key` = 'w4tgjtujjeyd180ml0np4gddec22fkrj'; args=('w4tgjtujjeyd180ml0np4gddec22fkrj',)
2016-12-18 09:57:49,737 [Thread-14:8052] [django.db.backends:89] [utils:execute] [DEBUG]- (0.000) DELETE FROM `django_session` WHERE `django_session`.`session_key` IN ('w4tgjtujjeyd180ml0np4gddec22fkrj'); args=('w4tgjtujjeyd180ml0np4gddec22fkrj',)
2016-12-18 09:57:49,742 [Thread-14:8052] [django.db.backends:89] [utils:execute] [DEBUG]- (0.000) UPDATE `autoo_user` SET `last_login` = '2016-12-18 01:57:49' WHERE `autoo_user`.`id` = 18; args=('2016-12-18 01:57:49', 18)
2016-12-18 09:57:49,745 [Thread-14:8052] [autoo.views:143] [views:register] [ERROR]- manager() missing 2 required positional arguments: 'request' and 'user_name'
2016-12-18 09:57:49,758 [Thread-14:8052] [django.template:927] [base:_resolve_lookup] [DEBUG]- Exception while resolving variable 'username' in template 'major/signup.html'.
Traceback (most recent call last):
  File "G:\python test\django_basic_venv\lib\site-packages\django\template\base.py", line 883, in _resolve_lookup
    current = current[bit]
KeyError: 'username'

During handling of the above exception, another exception occurred:

Traceback (most recent call last):
  File "G:\python test\django_basic_venv\lib\site-packages\django\template\base.py", line 891, in _resolve_lookup
    current = getattr(current, bit)
AttributeError: 'ErrorDict' object has no attribute 'username'

During handling of the above exception, another exception occurred:

Traceback (most recent call last):
  File "G:\python test\django_basic_venv\lib\site-packages\django\template\base.py", line 898, in _resolve_lookup
    current = current[int(bit)]
ValueError: invalid literal for int() with base 10: 'username'

During handling of the above exception, another exception occurred:

Traceback (most recent call last):
  File "G:\python test\django_basic_venv\lib\site-packages\django\template\base.py", line 905, in _resolve_lookup
    (bit, current))  # missing attribute
django.template.base.VariableDoesNotExist: Failed lookup for key [username] in ''
2016-12-18 09:57:49,759 [Thread-14:8052] [django.template:927] [base:_resolve_lookup] [DEBUG]- Exception while resolving variable 'form' in template 'major/signup.html'.
Traceback (most recent call last):
  File "G:\python test\django_basic_venv\lib\site-packages\django\template\base.py", line 883, in _resolve_lookup
    current = current[bit]
  File "G:\python test\django_basic_venv\lib\site-packages\django\template\context.py", line 77, in __getitem__
    raise KeyError(key)
KeyError: 'form'

During handling of the above exception, another exception occurred:

Traceback (most recent call last):
  File "G:\python test\django_basic_venv\lib\site-packages\django\template\base.py", line 889, in _resolve_lookup
    if isinstance(current, BaseContext) and getattr(type(current), bit):
AttributeError: type object 'RequestContext' has no attribute 'form'

During handling of the above exception, another exception occurred:

Traceback (most recent call last):
  File "G:\python test\django_basic_venv\lib\site-packages\django\template\base.py", line 898, in _resolve_lookup
    current = current[int(bit)]
ValueError: invalid literal for int() with base 10: 'form'

During handling of the above exception, another exception occurred:

Traceback (most recent call last):
  File "G:\python test\django_basic_venv\lib\site-packages\django\template\base.py", line 905, in _resolve_lookup
    (bit, current))  # missing attribute
django.template.base.VariableDoesNotExist: Failed lookup for key [form] in "[{'None': None, 'False': False, 'True': True}, {'perms': <django.contrib.auth.context_processors.PermWrapper object at 0x00000000048C0CC0>, 'user': <User: mnmnmn>, 'csrf_token': <SimpleLazyObject: 'hbCrautnBk5Up57VWoxj6NGKf8syCQvf'>, 'MANAGER_DIR': 'http://127.0.0.1:8000/manager/', 'SITE_NAME': 'AutoOpe', 'SITE_DESC': '', 'INEDX_PAGE': 'http://127.0.0.1:8000', 'request': <WSGIRequest: POST '/register/'>, 'messages': <django.contrib.messages.storage.fallback.FallbackStorage object at 0x0000000004910E10>, 'PRO_EMAIL': 'xuezheng1226@126.com', 'DEFAULT_MESSAGE_LEVELS': {'INFO': 20, 'WARNING': 30, 'DEBUG': 10, 'ERROR': 40, 'SUCCESS': 25}}, {}, {'user': <User: mnmnmn>, 'request': <WSGIRequest: POST '/register/'>, 'reg_from': <RegForm bound=True, valid=True, fields=(username;password;user_password_2;email)>}]"
2016-12-18 09:57:49,760 [Thread-14:8052] [django.template:927] [base:_resolve_lookup] [DEBUG]- Exception while resolving variable 'email' in template 'major/signup.html'.
Traceback (most recent call last):
  File "G:\python test\django_basic_venv\lib\site-packages\django\template\base.py", line 883, in _resolve_lookup
    current = current[bit]
KeyError: 'email'

During handling of the above exception, another exception occurred:

Traceback (most recent call last):
  File "G:\python test\django_basic_venv\lib\site-packages\django\template\base.py", line 891, in _resolve_lookup
    current = getattr(current, bit)
AttributeError: 'ErrorDict' object has no attribute 'email'

During handling of the above exception, another exception occurred:

Traceback (most recent call last):
  File "G:\python test\django_basic_venv\lib\site-packages\django\template\base.py", line 898, in _resolve_lookup
    current = current[int(bit)]
ValueError: invalid literal for int() with base 10: 'email'

During handling of the above exception, another exception occurred:

Traceback (most recent call last):
  File "G:\python test\django_basic_venv\lib\site-packages\django\template\base.py", line 905, in _resolve_lookup
    (bit, current))  # missing attribute
django.template.base.VariableDoesNotExist: Failed lookup for key [email] in ''
2016-12-18 09:57:49,765 [Thread-14:8052] [django.db.backends:89] [utils:execute] [DEBUG]- (0.000) UPDATE `django_session` SET `session_data` = 'MTQ2MjQ1OGE1YTNiYmU3MmI1YTgxNjIzMWRlNmZiZGQ1NjhmOWE4MDp7Il9hdXRoX3VzZXJfaWQiOiIxOCIsIl9hdXRoX3VzZXJfYmFja2VuZCI6ImRqYW5nby5jb250cmliLmF1dGguYmFja2VuZHMuTW9kZWxCYWNrZW5kIiwiX2F1dGhfdXNlcl9oYXNoIjoiYTYzMDA4N2YzOWQ2NTIyOTFhOWYyNzUyZDk0Y2UxY2I5OTcyMDY5NyJ9', `expire_date` = '2017-01-01 01:57:49' WHERE `django_session`.`session_key` = 'w4tgjtujjeyd180ml0np4gddec22fkrj'; args=('MTQ2MjQ1OGE1YTNiYmU3MmI1YTgxNjIzMWRlNmZiZGQ1NjhmOWE4MDp7Il9hdXRoX3VzZXJfaWQiOiIxOCIsIl9hdXRoX3VzZXJfYmFja2VuZCI6ImRqYW5nby5jb250cmliLmF1dGguYmFja2VuZHMuTW9kZWxCYWNrZW5kIiwiX2F1dGhfdXNlcl9oYXNoIjoiYTYzMDA4N2YzOWQ2NTIyOTFhOWYyNzUyZDk0Y2UxY2I5OTcyMDY5NyJ9', '2017-01-01 01:57:49', 'w4tgjtujjeyd180ml0np4gddec22fkrj')
2016-12-18 09:57:49,765 [Thread-14:8052] [django.db.backends:89] [utils:execute] [DEBUG]- (0.000) INSERT INTO `django_session` (`session_key`, `session_data`, `expire_date`) VALUES ('w4tgjtujjeyd180ml0np4gddec22fkrj', 'MTQ2MjQ1OGE1YTNiYmU3MmI1YTgxNjIzMWRlNmZiZGQ1NjhmOWE4MDp7Il9hdXRoX3VzZXJfaWQiOiIxOCIsIl9hdXRoX3VzZXJfYmFja2VuZCI6ImRqYW5nby5jb250cmliLmF1dGguYmFja2VuZHMuTW9kZWxCYWNrZW5kIiwiX2F1dGhfdXNlcl9oYXNoIjoiYTYzMDA4N2YzOWQ2NTIyOTFhOWYyNzUyZDk0Y2UxY2I5OTcyMDY5NyJ9', '2017-01-01 01:57:49'); args=('w4tgjtujjeyd180ml0np4gddec22fkrj', 'MTQ2MjQ1OGE1YTNiYmU3MmI1YTgxNjIzMWRlNmZiZGQ1NjhmOWE4MDp7Il9hdXRoX3VzZXJfaWQiOiIxOCIsIl9hdXRoX3VzZXJfYmFja2VuZCI6ImRqYW5nby5jb250cmliLmF1dGguYmFja2VuZHMuTW9kZWxCYWNrZW5kIiwiX2F1dGhfdXNlcl9oYXNoIjoiYTYzMDA4N2YzOWQ2NTIyOTFhOWYyNzUyZDk0Y2UxY2I5OTcyMDY5NyJ9', '2017-01-01 01:57:49')
2016-12-18 09:59:06,310 [Thread-15:7808] [django.db.backends:89] [utils:execute] [DEBUG]- (0.001) SET SQL_AUTO_IS_NULL = 0; args=None
2016-12-18 09:59:06,311 [Thread-15:7808] [django.db.backends:89] [utils:execute] [DEBUG]- (0.001) SELECT `autoo_user`.`username` FROM `autoo_user`; args=()
2016-12-18 09:59:06,312 [Thread-15:7808] [django.db.backends:89] [utils:execute] [DEBUG]- (0.001) SELECT `autoo_user`.`username` FROM `autoo_user`; args=()
2016-12-18 09:59:06,330 [Thread-15:7808] [django.db.backends:89] [utils:execute] [DEBUG]- (0.001) INSERT INTO `autoo_user` (`password`, `last_login`, `is_superuser`, `username`, `first_name`, `last_name`, `email`, `is_staff`, `is_active`, `date_joined`, `user_phone`, `user_role_name_id`, `user_describe`, `user_avatar`, `user_register_time`) VALUES ('pbkdf2_sha256$24000$DxR5MTUZil34$hOTXRd4gc81EJxb7ThIxQu/tozQC/SsqhlolvxAb8EE=', NULL, 0, 'uouououo', '', '', 'erw@123.com', 0, 1, '2016-12-18 01:59:06', NULL, NULL, NULL, 'avatar/default.png', '2016-12-18'); args=['pbkdf2_sha256$24000$DxR5MTUZil34$hOTXRd4gc81EJxb7ThIxQu/tozQC/SsqhlolvxAb8EE=', None, False, 'uouououo', '', '', 'erw@123.com', False, True, '2016-12-18 01:59:06', None, None, None, 'avatar/default.png', '2016-12-18']
2016-12-18 09:59:06,809 [Thread-15:7808] [django.db.backends:89] [utils:execute] [DEBUG]- (0.001) UPDATE `autoo_user` SET `password` = 'pbkdf2_sha256$24000$DxR5MTUZil34$hOTXRd4gc81EJxb7ThIxQu/tozQC/SsqhlolvxAb8EE=', `last_login` = NULL, `is_superuser` = 0, `username` = 'uouououo', `first_name` = '', `last_name` = '', `email` = 'erw@123.com', `is_staff` = 0, `is_active` = 1, `date_joined` = '2016-12-18 01:59:06', `user_phone` = NULL, `user_role_name_id` = NULL, `user_describe` = NULL, `user_avatar` = 'avatar/default.png', `user_register_time` = '2016-12-18' WHERE `autoo_user`.`id` = 19; args=('pbkdf2_sha256$24000$DxR5MTUZil34$hOTXRd4gc81EJxb7ThIxQu/tozQC/SsqhlolvxAb8EE=', False, 'uouououo', '', '', 'erw@123.com', False, True, '2016-12-18 01:59:06', 'avatar/default.png', '2016-12-18', 19)
2016-12-18 09:59:06,815 [Thread-15:7808] [django.db.backends:89] [utils:execute] [DEBUG]- (0.001) SELECT `django_session`.`session_key`, `django_session`.`session_data`, `django_session`.`expire_date` FROM `django_session` WHERE (`django_session`.`session_key` = 'w4tgjtujjeyd180ml0np4gddec22fkrj' AND `django_session`.`expire_date` > '2016-12-18 01:59:06'); args=('w4tgjtujjeyd180ml0np4gddec22fkrj', '2016-12-18 01:59:06')
2016-12-18 09:59:06,816 [Thread-15:7808] [django.db.backends:89] [utils:execute] [DEBUG]- (0.001) SELECT `django_session`.`session_key`, `django_session`.`session_data`, `django_session`.`expire_date` FROM `django_session` WHERE `django_session`.`session_key` = 'w4tgjtujjeyd180ml0np4gddec22fkrj'; args=('w4tgjtujjeyd180ml0np4gddec22fkrj',)
2016-12-18 09:59:06,817 [Thread-15:7808] [django.db.backends:89] [utils:execute] [DEBUG]- (0.001) DELETE FROM `django_session` WHERE `django_session`.`session_key` IN ('w4tgjtujjeyd180ml0np4gddec22fkrj'); args=('w4tgjtujjeyd180ml0np4gddec22fkrj',)
2016-12-18 09:59:06,821 [Thread-15:7808] [django.db.backends:89] [utils:execute] [DEBUG]- (0.001) UPDATE `autoo_user` SET `last_login` = '2016-12-18 01:59:06' WHERE `autoo_user`.`id` = 19; args=('2016-12-18 01:59:06', 19)
2016-12-18 09:59:06,824 [Thread-15:7808] [autoo.views:143] [views:register] [ERROR]- manager() missing 2 required positional arguments: 'request' and 'user_name'
2016-12-18 09:59:06,837 [Thread-15:7808] [django.template:927] [base:_resolve_lookup] [DEBUG]- Exception while resolving variable 'username' in template 'major/signup.html'.
Traceback (most recent call last):
  File "G:\python test\django_basic_venv\lib\site-packages\django\template\base.py", line 883, in _resolve_lookup
    current = current[bit]
KeyError: 'username'

During handling of the above exception, another exception occurred:

Traceback (most recent call last):
  File "G:\python test\django_basic_venv\lib\site-packages\django\template\base.py", line 891, in _resolve_lookup
    current = getattr(current, bit)
AttributeError: 'ErrorDict' object has no attribute 'username'

During handling of the above exception, another exception occurred:

Traceback (most recent call last):
  File "G:\python test\django_basic_venv\lib\site-packages\django\template\base.py", line 898, in _resolve_lookup
    current = current[int(bit)]
ValueError: invalid literal for int() with base 10: 'username'

During handling of the above exception, another exception occurred:

Traceback (most recent call last):
  File "G:\python test\django_basic_venv\lib\site-packages\django\template\base.py", line 905, in _resolve_lookup
    (bit, current))  # missing attribute
django.template.base.VariableDoesNotExist: Failed lookup for key [username] in ''
2016-12-18 09:59:06,838 [Thread-15:7808] [django.template:927] [base:_resolve_lookup] [DEBUG]- Exception while resolving variable 'form' in template 'major/signup.html'.
Traceback (most recent call last):
  File "G:\python test\django_basic_venv\lib\site-packages\django\template\base.py", line 883, in _resolve_lookup
    current = current[bit]
  File "G:\python test\django_basic_venv\lib\site-packages\django\template\context.py", line 77, in __getitem__
    raise KeyError(key)
KeyError: 'form'

During handling of the above exception, another exception occurred:

Traceback (most recent call last):
  File "G:\python test\django_basic_venv\lib\site-packages\django\template\base.py", line 889, in _resolve_lookup
    if isinstance(current, BaseContext) and getattr(type(current), bit):
AttributeError: type object 'RequestContext' has no attribute 'form'

During handling of the above exception, another exception occurred:

Traceback (most recent call last):
  File "G:\python test\django_basic_venv\lib\site-packages\django\template\base.py", line 898, in _resolve_lookup
    current = current[int(bit)]
ValueError: invalid literal for int() with base 10: 'form'

During handling of the above exception, another exception occurred:

Traceback (most recent call last):
  File "G:\python test\django_basic_venv\lib\site-packages\django\template\base.py", line 905, in _resolve_lookup
    (bit, current))  # missing attribute
django.template.base.VariableDoesNotExist: Failed lookup for key [form] in "[{'None': None, 'False': False, 'True': True}, {'perms': <django.contrib.auth.context_processors.PermWrapper object at 0x00000000048917F0>, 'user': <User: uouououo>, 'csrf_token': <SimpleLazyObject: 'if24rHjLjrKxtqOX1vN1Y9P90xRQ5D3E'>, 'MANAGER_DIR': 'http://127.0.0.1:8000/manager/', 'SITE_NAME': 'AutoOpe', 'SITE_DESC': '', 'INEDX_PAGE': 'http://127.0.0.1:8000', 'request': <WSGIRequest: POST '/register/'>, 'messages': <django.contrib.messages.storage.fallback.FallbackStorage object at 0x00000000048AA588>, 'PRO_EMAIL': 'xuezheng1226@126.com', 'DEFAULT_MESSAGE_LEVELS': {'INFO': 20, 'WARNING': 30, 'DEBUG': 10, 'ERROR': 40, 'SUCCESS': 25}}, {}, {'user': <User: uouououo>, 'request': <WSGIRequest: POST '/register/'>, 'reg_from': <RegForm bound=True, valid=True, fields=(username;password;user_password_2;email)>}]"
2016-12-18 09:59:06,839 [Thread-15:7808] [django.template:927] [base:_resolve_lookup] [DEBUG]- Exception while resolving variable 'email' in template 'major/signup.html'.
Traceback (most recent call last):
  File "G:\python test\django_basic_venv\lib\site-packages\django\template\base.py", line 883, in _resolve_lookup
    current = current[bit]
KeyError: 'email'

During handling of the above exception, another exception occurred:

Traceback (most recent call last):
  File "G:\python test\django_basic_venv\lib\site-packages\django\template\base.py", line 891, in _resolve_lookup
    current = getattr(current, bit)
AttributeError: 'ErrorDict' object has no attribute 'email'

During handling of the above exception, another exception occurred:

Traceback (most recent call last):
  File "G:\python test\django_basic_venv\lib\site-packages\django\template\base.py", line 898, in _resolve_lookup
    current = current[int(bit)]
ValueError: invalid literal for int() with base 10: 'email'

During handling of the above exception, another exception occurred:

Traceback (most recent call last):
  File "G:\python test\django_basic_venv\lib\site-packages\django\template\base.py", line 905, in _resolve_lookup
    (bit, current))  # missing attribute
django.template.base.VariableDoesNotExist: Failed lookup for key [email] in ''
2016-12-18 09:59:06,841 [Thread-15:7808] [django.db.backends:89] [utils:execute] [DEBUG]- (0.000) SELECT (1) AS `a` FROM `django_session` WHERE `django_session`.`session_key` = 'sjqtfd2n19bs4vi18yz66h06vfyvj73p' LIMIT 1; args=('sjqtfd2n19bs4vi18yz66h06vfyvj73p',)
2016-12-18 09:59:06,843 [Thread-15:7808] [django.db.backends:89] [utils:execute] [DEBUG]- (0.001) INSERT INTO `django_session` (`session_key`, `session_data`, `expire_date`) VALUES ('sjqtfd2n19bs4vi18yz66h06vfyvj73p', 'NzM4ZTA4OTc4NzkwMWUyMmZlYTFhNWE1YjZjYTM3ZTBmMTE4NWQwYzp7Il9hdXRoX3VzZXJfaWQiOiIxOSIsIl9hdXRoX3VzZXJfYmFja2VuZCI6ImRqYW5nby5jb250cmliLmF1dGguYmFja2VuZHMuTW9kZWxCYWNrZW5kIiwiX2F1dGhfdXNlcl9oYXNoIjoiNDBlYTYwMjM4MGE1NDY4MGQyMzk0YmE2NjlmMzE4Zjc5ZGE0YTQwMyJ9', '2017-01-01 01:59:06'); args=('sjqtfd2n19bs4vi18yz66h06vfyvj73p', 'NzM4ZTA4OTc4NzkwMWUyMmZlYTFhNWE1YjZjYTM3ZTBmMTE4NWQwYzp7Il9hdXRoX3VzZXJfaWQiOiIxOSIsIl9hdXRoX3VzZXJfYmFja2VuZCI6ImRqYW5nby5jb250cmliLmF1dGguYmFja2VuZHMuTW9kZWxCYWNrZW5kIiwiX2F1dGhfdXNlcl9oYXNoIjoiNDBlYTYwMjM4MGE1NDY4MGQyMzk0YmE2NjlmMzE4Zjc5ZGE0YTQwMyJ9', '2017-01-01 01:59:06')
2016-12-18 10:00:20,728 [Dummy-1:6708] [django.db.backends:89] [utils:execute] [DEBUG]- (0.001) SET SQL_AUTO_IS_NULL = 0; args=None
2016-12-18 10:00:20,784 [Dummy-1:6708] [django.db.backends:89] [utils:execute] [DEBUG]- (0.001) SET SQL_AUTO_IS_NULL = 0; args=None
2016-12-18 10:00:20,786 [Dummy-1:6708] [django.db.backends:89] [utils:execute] [DEBUG]- (0.002) SHOW FULL TABLES; args=None
2016-12-18 10:00:20,789 [Dummy-1:6708] [django.db.backends:89] [utils:execute] [DEBUG]- (0.001) SELECT `django_migrations`.`app`, `django_migrations`.`name` FROM `django_migrations`; args=()
2016-12-18 10:04:02,282 [Dummy-1:10812] [django.db.backends:89] [utils:execute] [DEBUG]- (0.000) SET SQL_AUTO_IS_NULL = 0; args=None
2016-12-18 10:04:02,339 [Dummy-1:10812] [django.db.backends:89] [utils:execute] [DEBUG]- (0.001) SET SQL_AUTO_IS_NULL = 0; args=None
2016-12-18 10:04:02,342 [Dummy-1:10812] [django.db.backends:89] [utils:execute] [DEBUG]- (0.003) SHOW FULL TABLES; args=None
2016-12-18 10:04:02,346 [Dummy-1:10812] [django.db.backends:89] [utils:execute] [DEBUG]- (0.002) SELECT `django_migrations`.`app`, `django_migrations`.`name` FROM `django_migrations`; args=()
2016-12-18 10:16:53,044 [Thread-2:12208] [django.db.backends:89] [utils:execute] [DEBUG]- (0.000) SET SQL_AUTO_IS_NULL = 0; args=None
2016-12-18 10:16:53,051 [Thread-2:12208] [django.db.backends:89] [utils:execute] [DEBUG]- (0.000) SET SQL_AUTO_IS_NULL = 0; args=None
2016-12-18 10:16:53,057 [Thread-2:12208] [django.db.backends:89] [utils:execute] [DEBUG]- (0.005) SELECT `django_session`.`session_key`, `django_session`.`session_data`, `django_session`.`expire_date` FROM `django_session` WHERE (`django_session`.`expire_date` > '2016-12-18 02:16:53' AND `django_session`.`session_key` = 'sjqtfd2n19bs4vi18yz66h06vfyvj73p'); args=('2016-12-18 02:16:53', 'sjqtfd2n19bs4vi18yz66h06vfyvj73p')
2016-12-18 10:16:53,060 [Thread-2:12208] [django.db.backends:89] [utils:execute] [DEBUG]- (0.002) SELECT `autoo_user`.`id`, `autoo_user`.`password`, `autoo_user`.`last_login`, `autoo_user`.`is_superuser`, `autoo_user`.`username`, `autoo_user`.`first_name`, `autoo_user`.`last_name`, `autoo_user`.`email`, `autoo_user`.`is_staff`, `autoo_user`.`is_active`, `autoo_user`.`date_joined`, `autoo_user`.`user_phone`, `autoo_user`.`user_role_name_id`, `autoo_user`.`user_describe`, `autoo_user`.`user_avatar`, `autoo_user`.`user_register_time` FROM `autoo_user` WHERE `autoo_user`.`id` = 19; args=(19,)
2016-12-18 10:16:53,130 [Thread-8:12308] [django.template:927] [base:_resolve_lookup] [DEBUG]- Exception while resolving variable 'name' in template 'unknown'.
Traceback (most recent call last):
  File "G:\python test\django_basic_venv\lib\site-packages\django\core\handlers\base.py", line 134, in get_response
    resolver_match = resolver.resolve(request.path_info)
  File "G:\python test\django_basic_venv\lib\site-packages\django\core\urlresolvers.py", line 404, in resolve
    raise Resolver404({'tried': tried, 'path': new_path})
django.core.urlresolvers.Resolver404: {'path': 'manager//uouououo', 'tried': [[<RegexURLResolver <RegexURLPattern list> (admin:admin) ^admin/>], [<RegexURLPattern upload_image ^admin/upload/(?P<dir_name>[^/]+)/>], [<RegexURLPattern None uploads/(?P<path>.*)$>], [<RegexURLPattern userlogin ^$>], [<RegexURLPattern manager ^manager/(?P<user_name>[^/]+)/$>], [<RegexURLPattern register register/>], [<RegexURLPattern logoutUser logoutUser/>], [<RegexURLPattern usermsg usermsg/>], [<RegexURLPattern userinfo userinfo/>], [<RegexURLPattern usersetting usersetting/>]]}

During handling of the above exception, another exception occurred:

Traceback (most recent call last):
  File "G:\python test\django_basic_venv\lib\site-packages\django\template\base.py", line 883, in _resolve_lookup
    current = current[bit]
TypeError: 'RegexURLResolver' object is not subscriptable

During handling of the above exception, another exception occurred:

Traceback (most recent call last):
  File "G:\python test\django_basic_venv\lib\site-packages\django\template\base.py", line 891, in _resolve_lookup
    current = getattr(current, bit)
AttributeError: 'RegexURLResolver' object has no attribute 'name'

During handling of the above exception, another exception occurred:

Traceback (most recent call last):
  File "G:\python test\django_basic_venv\lib\site-packages\django\template\base.py", line 898, in _resolve_lookup
    current = current[int(bit)]
ValueError: invalid literal for int() with base 10: 'name'

During handling of the above exception, another exception occurred:

Traceback (most recent call last):
  File "G:\python test\django_basic_venv\lib\site-packages\django\template\base.py", line 905, in _resolve_lookup
    (bit, current))  # missing attribute
django.template.base.VariableDoesNotExist: Failed lookup for key [name] in '<RegexURLResolver <RegexURLPattern list> (admin:admin) ^admin/>'
2016-12-18 10:18:18,026 [Dummy-1:9272] [django.db.backends:89] [utils:execute] [DEBUG]- (0.000) SET SQL_AUTO_IS_NULL = 0; args=None
2016-12-18 10:18:18,083 [Dummy-1:9272] [django.db.backends:89] [utils:execute] [DEBUG]- (0.000) SET SQL_AUTO_IS_NULL = 0; args=None
2016-12-18 10:18:18,088 [Dummy-1:9272] [django.db.backends:89] [utils:execute] [DEBUG]- (0.004) SHOW FULL TABLES; args=None
2016-12-18 10:18:18,092 [Dummy-1:9272] [django.db.backends:89] [utils:execute] [DEBUG]- (0.002) SELECT `django_migrations`.`app`, `django_migrations`.`name` FROM `django_migrations`; args=()
2016-12-18 10:18:21,036 [Thread-2:13188] [django.db.backends:89] [utils:execute] [DEBUG]- (0.001) SET SQL_AUTO_IS_NULL = 0; args=None
2016-12-18 10:18:21,040 [Thread-2:13188] [django.db.backends:89] [utils:execute] [DEBUG]- (0.000) SET SQL_AUTO_IS_NULL = 0; args=None
2016-12-18 10:18:21,041 [Thread-2:13188] [django.db.backends:89] [utils:execute] [DEBUG]- (0.001) SELECT `django_session`.`session_key`, `django_session`.`session_data`, `django_session`.`expire_date` FROM `django_session` WHERE (`django_session`.`session_key` = 'sjqtfd2n19bs4vi18yz66h06vfyvj73p' AND `django_session`.`expire_date` > '2016-12-18 02:18:21'); args=('sjqtfd2n19bs4vi18yz66h06vfyvj73p', '2016-12-18 02:18:21')
2016-12-18 10:18:21,043 [Thread-2:13188] [django.db.backends:89] [utils:execute] [DEBUG]- (0.001) SELECT `autoo_user`.`id`, `autoo_user`.`password`, `autoo_user`.`last_login`, `autoo_user`.`is_superuser`, `autoo_user`.`username`, `autoo_user`.`first_name`, `autoo_user`.`last_name`, `autoo_user`.`email`, `autoo_user`.`is_staff`, `autoo_user`.`is_active`, `autoo_user`.`date_joined`, `autoo_user`.`user_phone`, `autoo_user`.`user_role_name_id`, `autoo_user`.`user_describe`, `autoo_user`.`user_avatar`, `autoo_user`.`user_register_time` FROM `autoo_user` WHERE `autoo_user`.`id` = 19; args=(19,)
2016-12-18 10:18:21,094 [Thread-3:2184] [django.template:927] [base:_resolve_lookup] [DEBUG]- Exception while resolving variable 'name' in template 'unknown'.
Traceback (most recent call last):
  File "G:\python test\django_basic_venv\lib\site-packages\django\core\handlers\base.py", line 134, in get_response
    resolver_match = resolver.resolve(request.path_info)
  File "G:\python test\django_basic_venv\lib\site-packages\django\core\urlresolvers.py", line 404, in resolve
    raise Resolver404({'tried': tried, 'path': new_path})
django.core.urlresolvers.Resolver404: {'tried': [[<RegexURLResolver <RegexURLPattern list> (admin:admin) ^admin/>], [<RegexURLPattern upload_image ^admin/upload/(?P<dir_name>[^/]+)/>], [<RegexURLPattern None uploads/(?P<path>.*)$>], [<RegexURLPattern userlogin ^$>], [<RegexURLPattern manager ^manager/(?P<user_name>[^/]+)/$>], [<RegexURLPattern register register/>], [<RegexURLPattern logoutUser logoutUser/>], [<RegexURLPattern usermsg usermsg/>], [<RegexURLPattern userinfo userinfo/>], [<RegexURLPattern usersetting usersetting/>]], 'path': 'manager//uouououo'}

During handling of the above exception, another exception occurred:

Traceback (most recent call last):
  File "G:\python test\django_basic_venv\lib\site-packages\django\template\base.py", line 883, in _resolve_lookup
    current = current[bit]
TypeError: 'RegexURLResolver' object is not subscriptable

During handling of the above exception, another exception occurred:

Traceback (most recent call last):
  File "G:\python test\django_basic_venv\lib\site-packages\django\template\base.py", line 891, in _resolve_lookup
    current = getattr(current, bit)
AttributeError: 'RegexURLResolver' object has no attribute 'name'

During handling of the above exception, another exception occurred:

Traceback (most recent call last):
  File "G:\python test\django_basic_venv\lib\site-packages\django\template\base.py", line 898, in _resolve_lookup
    current = current[int(bit)]
ValueError: invalid literal for int() with base 10: 'name'

During handling of the above exception, another exception occurred:

Traceback (most recent call last):
  File "G:\python test\django_basic_venv\lib\site-packages\django\template\base.py", line 905, in _resolve_lookup
    (bit, current))  # missing attribute
django.template.base.VariableDoesNotExist: Failed lookup for key [name] in '<RegexURLResolver <RegexURLPattern list> (admin:admin) ^admin/>'
2016-12-18 10:18:24,158 [Thread-4:11676] [django.db.backends:89] [utils:execute] [DEBUG]- (0.000) SET SQL_AUTO_IS_NULL = 0; args=None
2016-12-18 10:18:24,162 [Thread-4:11676] [django.db.backends:89] [utils:execute] [DEBUG]- (0.001) SET SQL_AUTO_IS_NULL = 0; args=None
2016-12-18 10:18:24,163 [Thread-4:11676] [django.db.backends:89] [utils:execute] [DEBUG]- (0.001) SELECT `django_session`.`session_key`, `django_session`.`session_data`, `django_session`.`expire_date` FROM `django_session` WHERE (`django_session`.`session_key` = 'sjqtfd2n19bs4vi18yz66h06vfyvj73p' AND `django_session`.`expire_date` > '2016-12-18 02:18:24'); args=('sjqtfd2n19bs4vi18yz66h06vfyvj73p', '2016-12-18 02:18:24')
2016-12-18 10:18:24,166 [Thread-4:11676] [django.db.backends:89] [utils:execute] [DEBUG]- (0.002) SELECT `autoo_user`.`id`, `autoo_user`.`password`, `autoo_user`.`last_login`, `autoo_user`.`is_superuser`, `autoo_user`.`username`, `autoo_user`.`first_name`, `autoo_user`.`last_name`, `autoo_user`.`email`, `autoo_user`.`is_staff`, `autoo_user`.`is_active`, `autoo_user`.`date_joined`, `autoo_user`.`user_phone`, `autoo_user`.`user_role_name_id`, `autoo_user`.`user_describe`, `autoo_user`.`user_avatar`, `autoo_user`.`user_register_time` FROM `autoo_user` WHERE `autoo_user`.`id` = 19; args=(19,)
2016-12-18 10:18:24,204 [Thread-5:12172] [django.template:927] [base:_resolve_lookup] [DEBUG]- Exception while resolving variable 'name' in template 'unknown'.
Traceback (most recent call last):
  File "G:\python test\django_basic_venv\lib\site-packages\django\core\handlers\base.py", line 134, in get_response
    resolver_match = resolver.resolve(request.path_info)
  File "G:\python test\django_basic_venv\lib\site-packages\django\core\urlresolvers.py", line 404, in resolve
    raise Resolver404({'tried': tried, 'path': new_path})
django.core.urlresolvers.Resolver404: {'tried': [[<RegexURLResolver <RegexURLPattern list> (admin:admin) ^admin/>], [<RegexURLPattern upload_image ^admin/upload/(?P<dir_name>[^/]+)/>], [<RegexURLPattern None uploads/(?P<path>.*)$>], [<RegexURLPattern userlogin ^$>], [<RegexURLPattern manager ^manager/(?P<user_name>[^/]+)/$>], [<RegexURLPattern register register/>], [<RegexURLPattern logoutUser logoutUser/>], [<RegexURLPattern usermsg usermsg/>], [<RegexURLPattern userinfo userinfo/>], [<RegexURLPattern usersetting usersetting/>]], 'path': 'manager//uouououo'}

During handling of the above exception, another exception occurred:

Traceback (most recent call last):
  File "G:\python test\django_basic_venv\lib\site-packages\django\template\base.py", line 883, in _resolve_lookup
    current = current[bit]
TypeError: 'RegexURLResolver' object is not subscriptable

During handling of the above exception, another exception occurred:

Traceback (most recent call last):
  File "G:\python test\django_basic_venv\lib\site-packages\django\template\base.py", line 891, in _resolve_lookup
    current = getattr(current, bit)
AttributeError: 'RegexURLResolver' object has no attribute 'name'

During handling of the above exception, another exception occurred:

Traceback (most recent call last):
  File "G:\python test\django_basic_venv\lib\site-packages\django\template\base.py", line 898, in _resolve_lookup
    current = current[int(bit)]
ValueError: invalid literal for int() with base 10: 'name'

During handling of the above exception, another exception occurred:

Traceback (most recent call last):
  File "G:\python test\django_basic_venv\lib\site-packages\django\template\base.py", line 905, in _resolve_lookup
    (bit, current))  # missing attribute
django.template.base.VariableDoesNotExist: Failed lookup for key [name] in '<RegexURLResolver <RegexURLPattern list> (admin:admin) ^admin/>'
2016-12-18 10:18:41,158 [Thread-10:12796] [django.db.backends:89] [utils:execute] [DEBUG]- (0.000) SET SQL_AUTO_IS_NULL = 0; args=None
2016-12-18 10:18:41,161 [Thread-10:12796] [django.db.backends:89] [utils:execute] [DEBUG]- (0.000) SET SQL_AUTO_IS_NULL = 0; args=None
2016-12-18 10:18:41,162 [Thread-10:12796] [django.db.backends:89] [utils:execute] [DEBUG]- (0.001) SELECT `django_session`.`session_key`, `django_session`.`session_data`, `django_session`.`expire_date` FROM `django_session` WHERE (`django_session`.`session_key` = 'sjqtfd2n19bs4vi18yz66h06vfyvj73p' AND `django_session`.`expire_date` > '2016-12-18 02:18:41'); args=('sjqtfd2n19bs4vi18yz66h06vfyvj73p', '2016-12-18 02:18:41')
2016-12-18 10:18:41,164 [Thread-10:12796] [django.db.backends:89] [utils:execute] [DEBUG]- (0.001) SELECT `autoo_user`.`id`, `autoo_user`.`password`, `autoo_user`.`last_login`, `autoo_user`.`is_superuser`, `autoo_user`.`username`, `autoo_user`.`first_name`, `autoo_user`.`last_name`, `autoo_user`.`email`, `autoo_user`.`is_staff`, `autoo_user`.`is_active`, `autoo_user`.`date_joined`, `autoo_user`.`user_phone`, `autoo_user`.`user_role_name_id`, `autoo_user`.`user_describe`, `autoo_user`.`user_avatar`, `autoo_user`.`user_register_time` FROM `autoo_user` WHERE `autoo_user`.`id` = 19; args=(19,)
2016-12-18 10:18:41,223 [Thread-11:12296] [django.template:927] [base:_resolve_lookup] [DEBUG]- Exception while resolving variable 'name' in template 'unknown'.
Traceback (most recent call last):
  File "G:\python test\django_basic_venv\lib\site-packages\django\core\handlers\base.py", line 134, in get_response
    resolver_match = resolver.resolve(request.path_info)
  File "G:\python test\django_basic_venv\lib\site-packages\django\core\urlresolvers.py", line 404, in resolve
    raise Resolver404({'tried': tried, 'path': new_path})
django.core.urlresolvers.Resolver404: {'tried': [[<RegexURLResolver <RegexURLPattern list> (admin:admin) ^admin/>], [<RegexURLPattern upload_image ^admin/upload/(?P<dir_name>[^/]+)/>], [<RegexURLPattern None uploads/(?P<path>.*)$>], [<RegexURLPattern userlogin ^$>], [<RegexURLPattern manager ^manager/(?P<user_name>[^/]+)/$>], [<RegexURLPattern register register/>], [<RegexURLPattern logoutUser logoutUser/>], [<RegexURLPattern usermsg usermsg/>], [<RegexURLPattern userinfo userinfo/>], [<RegexURLPattern usersetting usersetting/>]], 'path': 'manager//uouououo'}

During handling of the above exception, another exception occurred:

Traceback (most recent call last):
  File "G:\python test\django_basic_venv\lib\site-packages\django\template\base.py", line 883, in _resolve_lookup
    current = current[bit]
TypeError: 'RegexURLResolver' object is not subscriptable

During handling of the above exception, another exception occurred:

Traceback (most recent call last):
  File "G:\python test\django_basic_venv\lib\site-packages\django\template\base.py", line 891, in _resolve_lookup
    current = getattr(current, bit)
AttributeError: 'RegexURLResolver' object has no attribute 'name'

During handling of the above exception, another exception occurred:

Traceback (most recent call last):
  File "G:\python test\django_basic_venv\lib\site-packages\django\template\base.py", line 898, in _resolve_lookup
    current = current[int(bit)]
ValueError: invalid literal for int() with base 10: 'name'

During handling of the above exception, another exception occurred:

Traceback (most recent call last):
  File "G:\python test\django_basic_venv\lib\site-packages\django\template\base.py", line 905, in _resolve_lookup
    (bit, current))  # missing attribute
django.template.base.VariableDoesNotExist: Failed lookup for key [name] in '<RegexURLResolver <RegexURLPattern list> (admin:admin) ^admin/>'
2016-12-18 10:18:41,253 [Thread-12:12692] [django.template:927] [base:_resolve_lookup] [DEBUG]- Exception while resolving variable 'name' in template 'unknown'.
Traceback (most recent call last):
  File "G:\python test\django_basic_venv\lib\site-packages\django\core\handlers\base.py", line 134, in get_response
    resolver_match = resolver.resolve(request.path_info)
  File "G:\python test\django_basic_venv\lib\site-packages\django\core\urlresolvers.py", line 404, in resolve
    raise Resolver404({'tried': tried, 'path': new_path})
django.core.urlresolvers.Resolver404: {'tried': [[<RegexURLResolver <RegexURLPattern list> (admin:admin) ^admin/>], [<RegexURLPattern upload_image ^admin/upload/(?P<dir_name>[^/]+)/>], [<RegexURLPattern None uploads/(?P<path>.*)$>], [<RegexURLPattern userlogin ^$>], [<RegexURLPattern manager ^manager/(?P<user_name>[^/]+)/$>], [<RegexURLPattern register register/>], [<RegexURLPattern logoutUser logoutUser/>], [<RegexURLPattern usermsg usermsg/>], [<RegexURLPattern userinfo userinfo/>], [<RegexURLPattern usersetting usersetting/>]], 'path': 'favicon.ico'}

During handling of the above exception, another exception occurred:

Traceback (most recent call last):
  File "G:\python test\django_basic_venv\lib\site-packages\django\template\base.py", line 883, in _resolve_lookup
    current = current[bit]
TypeError: 'RegexURLResolver' object is not subscriptable

During handling of the above exception, another exception occurred:

Traceback (most recent call last):
  File "G:\python test\django_basic_venv\lib\site-packages\django\template\base.py", line 891, in _resolve_lookup
    current = getattr(current, bit)
AttributeError: 'RegexURLResolver' object has no attribute 'name'

During handling of the above exception, another exception occurred:

Traceback (most recent call last):
  File "G:\python test\django_basic_venv\lib\site-packages\django\template\base.py", line 898, in _resolve_lookup
    current = current[int(bit)]
ValueError: invalid literal for int() with base 10: 'name'

During handling of the above exception, another exception occurred:

Traceback (most recent call last):
  File "G:\python test\django_basic_venv\lib\site-packages\django\template\base.py", line 905, in _resolve_lookup
    (bit, current))  # missing attribute
django.template.base.VariableDoesNotExist: Failed lookup for key [name] in '<RegexURLResolver <RegexURLPattern list> (admin:admin) ^admin/>'
2016-12-18 10:19:20,620 [Thread-16:12808] [django.db.backends:89] [utils:execute] [DEBUG]- (0.000) SET SQL_AUTO_IS_NULL = 0; args=None
2016-12-18 10:19:20,624 [Thread-16:12808] [django.db.backends:89] [utils:execute] [DEBUG]- (0.001) SET SQL_AUTO_IS_NULL = 0; args=None
2016-12-18 10:19:20,625 [Thread-16:12808] [django.db.backends:89] [utils:execute] [DEBUG]- (0.001) SELECT `django_session`.`session_key`, `django_session`.`session_data`, `django_session`.`expire_date` FROM `django_session` WHERE (`django_session`.`session_key` = 'sjqtfd2n19bs4vi18yz66h06vfyvj73p' AND `django_session`.`expire_date` > '2016-12-18 02:19:20'); args=('sjqtfd2n19bs4vi18yz66h06vfyvj73p', '2016-12-18 02:19:20')
2016-12-18 10:19:20,627 [Thread-16:12808] [django.db.backends:89] [utils:execute] [DEBUG]- (0.000) SELECT `autoo_user`.`id`, `autoo_user`.`password`, `autoo_user`.`last_login`, `autoo_user`.`is_superuser`, `autoo_user`.`username`, `autoo_user`.`first_name`, `autoo_user`.`last_name`, `autoo_user`.`email`, `autoo_user`.`is_staff`, `autoo_user`.`is_active`, `autoo_user`.`date_joined`, `autoo_user`.`user_phone`, `autoo_user`.`user_role_name_id`, `autoo_user`.`user_describe`, `autoo_user`.`user_avatar`, `autoo_user`.`user_register_time` FROM `autoo_user` WHERE `autoo_user`.`id` = 19; args=(19,)
2016-12-18 10:19:20,682 [Thread-18:7864] [django.db.backends:89] [utils:execute] [DEBUG]- (0.000) SET SQL_AUTO_IS_NULL = 0; args=None
2016-12-18 10:19:20,684 [Thread-18:7864] [django.db.backends:89] [utils:execute] [DEBUG]- (0.000) SET SQL_AUTO_IS_NULL = 0; args=None
2016-12-18 10:19:20,686 [Thread-18:7864] [django.db.backends:89] [utils:execute] [DEBUG]- (0.001) SELECT `django_session`.`session_key`, `django_session`.`session_data`, `django_session`.`expire_date` FROM `django_session` WHERE (`django_session`.`session_key` = 'sjqtfd2n19bs4vi18yz66h06vfyvj73p' AND `django_session`.`expire_date` > '2016-12-18 02:19:20'); args=('sjqtfd2n19bs4vi18yz66h06vfyvj73p', '2016-12-18 02:19:20')
2016-12-18 10:19:20,687 [Thread-18:7864] [django.db.backends:89] [utils:execute] [DEBUG]- (0.001) SELECT `autoo_user`.`id`, `autoo_user`.`password`, `autoo_user`.`last_login`, `autoo_user`.`is_superuser`, `autoo_user`.`username`, `autoo_user`.`first_name`, `autoo_user`.`last_name`, `autoo_user`.`email`, `autoo_user`.`is_staff`, `autoo_user`.`is_active`, `autoo_user`.`date_joined`, `autoo_user`.`user_phone`, `autoo_user`.`user_role_name_id`, `autoo_user`.`user_describe`, `autoo_user`.`user_avatar`, `autoo_user`.`user_register_time` FROM `autoo_user` WHERE `autoo_user`.`id` = 19; args=(19,)
2016-12-18 10:19:20,689 [Thread-18:7864] [django.db.backends:89] [utils:execute] [DEBUG]- (0.001) SELECT `autoo_user`.`id`, `autoo_user`.`password`, `autoo_user`.`last_login`, `autoo_user`.`is_superuser`, `autoo_user`.`username`, `autoo_user`.`first_name`, `autoo_user`.`last_name`, `autoo_user`.`email`, `autoo_user`.`is_staff`, `autoo_user`.`is_active`, `autoo_user`.`date_joined`, `autoo_user`.`user_phone`, `autoo_user`.`user_role_name_id`, `autoo_user`.`user_describe`, `autoo_user`.`user_avatar`, `autoo_user`.`user_register_time` FROM `autoo_user` WHERE `autoo_user`.`username` = 'uouououo'; args=('uouououo',)
2016-12-18 10:19:24,429 [Thread-26:692] [django.db.backends:89] [utils:execute] [DEBUG]- (0.000) SET SQL_AUTO_IS_NULL = 0; args=None
2016-12-18 10:19:24,432 [Thread-26:692] [django.db.backends:89] [utils:execute] [DEBUG]- (0.000) SET SQL_AUTO_IS_NULL = 0; args=None
2016-12-18 10:19:24,433 [Thread-26:692] [django.db.backends:89] [utils:execute] [DEBUG]- (0.001) SELECT `django_session`.`session_key`, `django_session`.`session_data`, `django_session`.`expire_date` FROM `django_session` WHERE (`django_session`.`session_key` = 'sjqtfd2n19bs4vi18yz66h06vfyvj73p' AND `django_session`.`expire_date` > '2016-12-18 02:19:24'); args=('sjqtfd2n19bs4vi18yz66h06vfyvj73p', '2016-12-18 02:19:24')
2016-12-18 10:19:24,450 [Thread-26:692] [django.db.backends:89] [utils:execute] [DEBUG]- (0.016) SELECT `autoo_user`.`id`, `autoo_user`.`password`, `autoo_user`.`last_login`, `autoo_user`.`is_superuser`, `autoo_user`.`username`, `autoo_user`.`first_name`, `autoo_user`.`last_name`, `autoo_user`.`email`, `autoo_user`.`is_staff`, `autoo_user`.`is_active`, `autoo_user`.`date_joined`, `autoo_user`.`user_phone`, `autoo_user`.`user_role_name_id`, `autoo_user`.`user_describe`, `autoo_user`.`user_avatar`, `autoo_user`.`user_register_time` FROM `autoo_user` WHERE `autoo_user`.`id` = 19; args=(19,)
2016-12-18 10:19:24,492 [Thread-27:12208] [django.db.backends:89] [utils:execute] [DEBUG]- (0.000) SET SQL_AUTO_IS_NULL = 0; args=None
2016-12-18 10:19:24,497 [Thread-27:12208] [django.db.backends:89] [utils:execute] [DEBUG]- (0.001) SET SQL_AUTO_IS_NULL = 0; args=None
2016-12-18 10:19:24,497 [Thread-27:12208] [django.db.backends:89] [utils:execute] [DEBUG]- (0.000) SELECT `django_session`.`session_key`, `django_session`.`session_data`, `django_session`.`expire_date` FROM `django_session` WHERE (`django_session`.`session_key` = 'sjqtfd2n19bs4vi18yz66h06vfyvj73p' AND `django_session`.`expire_date` > '2016-12-18 02:19:24'); args=('sjqtfd2n19bs4vi18yz66h06vfyvj73p', '2016-12-18 02:19:24')
2016-12-18 10:19:24,499 [Thread-27:12208] [django.db.backends:89] [utils:execute] [DEBUG]- (0.001) SELECT `autoo_user`.`id`, `autoo_user`.`password`, `autoo_user`.`last_login`, `autoo_user`.`is_superuser`, `autoo_user`.`username`, `autoo_user`.`first_name`, `autoo_user`.`last_name`, `autoo_user`.`email`, `autoo_user`.`is_staff`, `autoo_user`.`is_active`, `autoo_user`.`date_joined`, `autoo_user`.`user_phone`, `autoo_user`.`user_role_name_id`, `autoo_user`.`user_describe`, `autoo_user`.`user_avatar`, `autoo_user`.`user_register_time` FROM `autoo_user` WHERE `autoo_user`.`id` = 19; args=(19,)
2016-12-18 10:19:24,501 [Thread-27:12208] [django.db.backends:89] [utils:execute] [DEBUG]- (0.001) SELECT `autoo_user`.`id`, `autoo_user`.`password`, `autoo_user`.`last_login`, `autoo_user`.`is_superuser`, `autoo_user`.`username`, `autoo_user`.`first_name`, `autoo_user`.`last_name`, `autoo_user`.`email`, `autoo_user`.`is_staff`, `autoo_user`.`is_active`, `autoo_user`.`date_joined`, `autoo_user`.`user_phone`, `autoo_user`.`user_role_name_id`, `autoo_user`.`user_describe`, `autoo_user`.`user_avatar`, `autoo_user`.`user_register_time` FROM `autoo_user` WHERE `autoo_user`.`username` = 'uouououo'; args=('uouououo',)
2016-12-18 10:19:27,468 [Thread-28:10812] [django.db.backends:89] [utils:execute] [DEBUG]- (0.001) SET SQL_AUTO_IS_NULL = 0; args=None
2016-12-18 10:19:27,471 [Thread-28:10812] [django.db.backends:89] [utils:execute] [DEBUG]- (0.001) SET SQL_AUTO_IS_NULL = 0; args=None
2016-12-18 10:19:27,471 [Thread-28:10812] [django.db.backends:89] [utils:execute] [DEBUG]- (0.000) SELECT `django_session`.`session_key`, `django_session`.`session_data`, `django_session`.`expire_date` FROM `django_session` WHERE (`django_session`.`session_key` = 'sjqtfd2n19bs4vi18yz66h06vfyvj73p' AND `django_session`.`expire_date` > '2016-12-18 02:19:27'); args=('sjqtfd2n19bs4vi18yz66h06vfyvj73p', '2016-12-18 02:19:27')
2016-12-18 10:19:27,473 [Thread-28:10812] [django.db.backends:89] [utils:execute] [DEBUG]- (0.001) SELECT `autoo_user`.`id`, `autoo_user`.`password`, `autoo_user`.`last_login`, `autoo_user`.`is_superuser`, `autoo_user`.`username`, `autoo_user`.`first_name`, `autoo_user`.`last_name`, `autoo_user`.`email`, `autoo_user`.`is_staff`, `autoo_user`.`is_active`, `autoo_user`.`date_joined`, `autoo_user`.`user_phone`, `autoo_user`.`user_role_name_id`, `autoo_user`.`user_describe`, `autoo_user`.`user_avatar`, `autoo_user`.`user_register_time` FROM `autoo_user` WHERE `autoo_user`.`id` = 19; args=(19,)
2016-12-18 10:19:27,475 [Thread-28:10812] [django.db.backends:89] [utils:execute] [DEBUG]- (0.001) SELECT `django_session`.`session_key`, `django_session`.`session_data`, `django_session`.`expire_date` FROM `django_session` WHERE `django_session`.`session_key` = 'sjqtfd2n19bs4vi18yz66h06vfyvj73p'; args=('sjqtfd2n19bs4vi18yz66h06vfyvj73p',)
2016-12-18 10:19:27,478 [Thread-28:10812] [django.db.backends:89] [utils:execute] [DEBUG]- (0.002) DELETE FROM `django_session` WHERE `django_session`.`session_key` IN ('sjqtfd2n19bs4vi18yz66h06vfyvj73p'); args=('sjqtfd2n19bs4vi18yz66h06vfyvj73p',)
2016-12-18 10:19:29,194 [Thread-30:7424] [django.template:927] [base:_resolve_lookup] [DEBUG]- Exception while resolving variable 'name' in template 'unknown'.
Traceback (most recent call last):
  File "G:\python test\django_basic_venv\lib\site-packages\django\core\handlers\base.py", line 134, in get_response
    resolver_match = resolver.resolve(request.path_info)
  File "G:\python test\django_basic_venv\lib\site-packages\django\core\urlresolvers.py", line 404, in resolve
    raise Resolver404({'tried': tried, 'path': new_path})
django.core.urlresolvers.Resolver404: {'tried': [[<RegexURLResolver <RegexURLPattern list> (admin:admin) ^admin/>], [<RegexURLPattern upload_image ^admin/upload/(?P<dir_name>[^/]+)/>], [<RegexURLPattern None uploads/(?P<path>.*)$>], [<RegexURLPattern userlogin ^$>], [<RegexURLPattern manager ^manager/(?P<user_name>[^/]+)/$>], [<RegexURLPattern register register/>], [<RegexURLPattern logoutUser logoutUser/>], [<RegexURLPattern usermsg usermsg/>], [<RegexURLPattern userinfo userinfo/>], [<RegexURLPattern usersetting usersetting/>]], 'path': 'manager/'}

During handling of the above exception, another exception occurred:

Traceback (most recent call last):
  File "G:\python test\django_basic_venv\lib\site-packages\django\template\base.py", line 883, in _resolve_lookup
    current = current[bit]
TypeError: 'RegexURLResolver' object is not subscriptable

During handling of the above exception, another exception occurred:

Traceback (most recent call last):
  File "G:\python test\django_basic_venv\lib\site-packages\django\template\base.py", line 891, in _resolve_lookup
    current = getattr(current, bit)
AttributeError: 'RegexURLResolver' object has no attribute 'name'

During handling of the above exception, another exception occurred:

Traceback (most recent call last):
  File "G:\python test\django_basic_venv\lib\site-packages\django\template\base.py", line 898, in _resolve_lookup
    current = current[int(bit)]
ValueError: invalid literal for int() with base 10: 'name'

During handling of the above exception, another exception occurred:

Traceback (most recent call last):
  File "G:\python test\django_basic_venv\lib\site-packages\django\template\base.py", line 905, in _resolve_lookup
    (bit, current))  # missing attribute
django.template.base.VariableDoesNotExist: Failed lookup for key [name] in '<RegexURLResolver <RegexURLPattern list> (admin:admin) ^admin/>'
2016-12-18 10:20:11,824 [Dummy-1:10432] [django.db.backends:89] [utils:execute] [DEBUG]- (0.001) SET SQL_AUTO_IS_NULL = 0; args=None
2016-12-18 10:20:11,882 [Dummy-1:10432] [django.db.backends:89] [utils:execute] [DEBUG]- (0.001) SET SQL_AUTO_IS_NULL = 0; args=None
2016-12-18 10:20:11,884 [Dummy-1:10432] [django.db.backends:89] [utils:execute] [DEBUG]- (0.002) SHOW FULL TABLES; args=None
2016-12-18 10:20:11,887 [Dummy-1:10432] [django.db.backends:89] [utils:execute] [DEBUG]- (0.001) SELECT `django_migrations`.`app`, `django_migrations`.`name` FROM `django_migrations`; args=()
2016-12-18 10:20:25,811 [Dummy-1:13188] [django.db.backends:89] [utils:execute] [DEBUG]- (0.000) SET SQL_AUTO_IS_NULL = 0; args=None
2016-12-18 10:20:25,875 [Dummy-1:13188] [django.db.backends:89] [utils:execute] [DEBUG]- (0.002) SET SQL_AUTO_IS_NULL = 0; args=None
2016-12-18 10:20:25,876 [Dummy-1:13188] [django.db.backends:89] [utils:execute] [DEBUG]- (0.001) SHOW FULL TABLES; args=None
2016-12-18 10:20:25,883 [Dummy-1:13188] [django.db.backends:89] [utils:execute] [DEBUG]- (0.004) SELECT `django_migrations`.`app`, `django_migrations`.`name` FROM `django_migrations`; args=()
2016-12-18 10:20:29,113 [Thread-3:7908] [django.template:927] [base:_resolve_lookup] [DEBUG]- Exception while resolving variable 'form' in template 'major/signup.html'.
Traceback (most recent call last):
  File "G:\python test\django_basic_venv\lib\site-packages\django\template\base.py", line 883, in _resolve_lookup
    current = current[bit]
  File "G:\python test\django_basic_venv\lib\site-packages\django\template\context.py", line 77, in __getitem__
    raise KeyError(key)
KeyError: 'form'

During handling of the above exception, another exception occurred:

Traceback (most recent call last):
  File "G:\python test\django_basic_venv\lib\site-packages\django\template\base.py", line 889, in _resolve_lookup
    if isinstance(current, BaseContext) and getattr(type(current), bit):
AttributeError: type object 'RequestContext' has no attribute 'form'

During handling of the above exception, another exception occurred:

Traceback (most recent call last):
  File "G:\python test\django_basic_venv\lib\site-packages\django\template\base.py", line 898, in _resolve_lookup
    current = current[int(bit)]
ValueError: invalid literal for int() with base 10: 'form'

During handling of the above exception, another exception occurred:

Traceback (most recent call last):
  File "G:\python test\django_basic_venv\lib\site-packages\django\template\base.py", line 905, in _resolve_lookup
    (bit, current))  # missing attribute
django.template.base.VariableDoesNotExist: Failed lookup for key [form] in "[{'False': False, 'True': True, 'None': None}, {'SITE_NAME': 'AutoOpe', 'DEFAULT_MESSAGE_LEVELS': {'DEBUG': 10, 'WARNING': 30, 'INFO': 20, 'SUCCESS': 25, 'ERROR': 40}, 'messages': <django.contrib.messages.storage.fallback.FallbackStorage object at 0x00000000049346A0>, 'perms': <django.contrib.auth.context_processors.PermWrapper object at 0x000000000495E208>, 'user': <SimpleLazyObject: <function AuthenticationMiddleware.process_request.<locals>.<lambda> at 0x0000000004630510>>, 'SITE_DESC': '', 'csrf_token': <SimpleLazyObject: 'if24rHjLjrKxtqOX1vN1Y9P90xRQ5D3E'>, 'MANAGER_DIR': 'http://127.0.0.1:8000/manager/', 'request': <WSGIRequest: GET '/register/'>, 'PRO_EMAIL': 'xuezheng1226@126.com', 'INEDX_PAGE': 'http://127.0.0.1:8000'}, {}, {'reg_from': <RegForm bound=True, valid=False, fields=(username;password;user_password_2;email)>, 'request': <WSGIRequest: GET '/register/'>}]"
2016-12-18 10:20:29,115 [Thread-3:7908] [django.template:927] [base:_resolve_lookup] [DEBUG]- Exception while resolving variable 'form' in template 'major/signup.html'.
Traceback (most recent call last):
  File "G:\python test\django_basic_venv\lib\site-packages\django\template\base.py", line 883, in _resolve_lookup
    current = current[bit]
  File "G:\python test\django_basic_venv\lib\site-packages\django\template\context.py", line 77, in __getitem__
    raise KeyError(key)
KeyError: 'form'

During handling of the above exception, another exception occurred:

Traceback (most recent call last):
  File "G:\python test\django_basic_venv\lib\site-packages\django\template\base.py", line 889, in _resolve_lookup
    if isinstance(current, BaseContext) and getattr(type(current), bit):
AttributeError: type object 'RequestContext' has no attribute 'form'

During handling of the above exception, another exception occurred:

Traceback (most recent call last):
  File "G:\python test\django_basic_venv\lib\site-packages\django\template\base.py", line 898, in _resolve_lookup
    current = current[int(bit)]
ValueError: invalid literal for int() with base 10: 'form'

During handling of the above exception, another exception occurred:

Traceback (most recent call last):
  File "G:\python test\django_basic_venv\lib\site-packages\django\template\base.py", line 905, in _resolve_lookup
    (bit, current))  # missing attribute
django.template.base.VariableDoesNotExist: Failed lookup for key [form] in "[{'False': False, 'True': True, 'None': None}, {'SITE_NAME': 'AutoOpe', 'DEFAULT_MESSAGE_LEVELS': {'DEBUG': 10, 'WARNING': 30, 'INFO': 20, 'SUCCESS': 25, 'ERROR': 40}, 'messages': <django.contrib.messages.storage.fallback.FallbackStorage object at 0x00000000049346A0>, 'perms': <django.contrib.auth.context_processors.PermWrapper object at 0x000000000495E208>, 'user': <SimpleLazyObject: <function AuthenticationMiddleware.process_request.<locals>.<lambda> at 0x0000000004630510>>, 'SITE_DESC': '', 'csrf_token': <SimpleLazyObject: 'if24rHjLjrKxtqOX1vN1Y9P90xRQ5D3E'>, 'MANAGER_DIR': 'http://127.0.0.1:8000/manager/', 'request': <WSGIRequest: GET '/register/'>, 'PRO_EMAIL': 'xuezheng1226@126.com', 'INEDX_PAGE': 'http://127.0.0.1:8000'}, {}, {'reg_from': <RegForm bound=True, valid=False, fields=(username;password;user_password_2;email)>, 'request': <WSGIRequest: GET '/register/'>}]"
2016-12-18 10:20:43,562 [Thread-8:12568] [autoo.views:143] [views:register] [ERROR]- ['']
2016-12-18 10:20:43,579 [Thread-8:12568] [django.template:927] [base:_resolve_lookup] [DEBUG]- Exception while resolving variable 'username' in template 'major/signup.html'.
Traceback (most recent call last):
  File "G:\python test\django_basic_venv\lib\site-packages\django\template\base.py", line 883, in _resolve_lookup
    current = current[bit]
KeyError: 'username'

During handling of the above exception, another exception occurred:

Traceback (most recent call last):
  File "G:\python test\django_basic_venv\lib\site-packages\django\template\base.py", line 891, in _resolve_lookup
    current = getattr(current, bit)
AttributeError: 'ErrorDict' object has no attribute 'username'

During handling of the above exception, another exception occurred:

Traceback (most recent call last):
  File "G:\python test\django_basic_venv\lib\site-packages\django\template\base.py", line 898, in _resolve_lookup
    current = current[int(bit)]
ValueError: invalid literal for int() with base 10: 'username'

During handling of the above exception, another exception occurred:

Traceback (most recent call last):
  File "G:\python test\django_basic_venv\lib\site-packages\django\template\base.py", line 905, in _resolve_lookup
    (bit, current))  # missing attribute
django.template.base.VariableDoesNotExist: Failed lookup for key [username] in '<ul class="errorlist"><li>__all__<ul class="errorlist nonfield"><li></li></ul></li><li>email<ul class="errorlist"><li></li></ul></li></ul>'
2016-12-18 10:20:43,580 [Thread-8:12568] [django.template:927] [base:_resolve_lookup] [DEBUG]- Exception while resolving variable 'form' in template 'major/signup.html'.
Traceback (most recent call last):
  File "G:\python test\django_basic_venv\lib\site-packages\django\template\base.py", line 883, in _resolve_lookup
    current = current[bit]
  File "G:\python test\django_basic_venv\lib\site-packages\django\template\context.py", line 77, in __getitem__
    raise KeyError(key)
KeyError: 'form'

During handling of the above exception, another exception occurred:

Traceback (most recent call last):
  File "G:\python test\django_basic_venv\lib\site-packages\django\template\base.py", line 889, in _resolve_lookup
    if isinstance(current, BaseContext) and getattr(type(current), bit):
AttributeError: type object 'RequestContext' has no attribute 'form'

During handling of the above exception, another exception occurred:

Traceback (most recent call last):
  File "G:\python test\django_basic_venv\lib\site-packages\django\template\base.py", line 898, in _resolve_lookup
    current = current[int(bit)]
ValueError: invalid literal for int() with base 10: 'form'

During handling of the above exception, another exception occurred:

Traceback (most recent call last):
  File "G:\python test\django_basic_venv\lib\site-packages\django\template\base.py", line 905, in _resolve_lookup
    (bit, current))  # missing attribute
django.template.base.VariableDoesNotExist: Failed lookup for key [form] in "[{'False': False, 'True': True, 'None': None}, {'SITE_NAME': 'AutoOpe', 'DEFAULT_MESSAGE_LEVELS': {'DEBUG': 10, 'WARNING': 30, 'INFO': 20, 'SUCCESS': 25, 'ERROR': 40}, 'messages': <django.contrib.messages.storage.fallback.FallbackStorage object at 0x000000000495E518>, 'perms': <django.contrib.auth.context_processors.PermWrapper object at 0x00000000049A0160>, 'user': <SimpleLazyObject: <function AuthenticationMiddleware.process_request.<locals>.<lambda> at 0x000000000464F730>>, 'SITE_DESC': '', 'csrf_token': <SimpleLazyObject: 'if24rHjLjrKxtqOX1vN1Y9P90xRQ5D3E'>, 'MANAGER_DIR': 'http://127.0.0.1:8000/manager/', 'request': <WSGIRequest: POST '/register/'>, 'PRO_EMAIL': 'xuezheng1226@126.com', 'INEDX_PAGE': 'http://127.0.0.1:8000'}, {}, {'reg_from': <RegForm bound=True, valid=False, fields=(username;password;user_password_2;email)>, 'request': <WSGIRequest: POST '/register/'>}]"
2016-12-18 10:23:32,655 [Thread-9:13160] [django.db.backends:89] [utils:execute] [DEBUG]- (0.001) SET SQL_AUTO_IS_NULL = 0; args=None
2016-12-18 10:23:32,657 [Thread-9:13160] [django.db.backends:89] [utils:execute] [DEBUG]- (0.002) SELECT `autoo_user`.`username` FROM `autoo_user`; args=()
2016-12-18 10:23:32,658 [Thread-9:13160] [django.db.backends:89] [utils:execute] [DEBUG]- (0.001) SELECT `autoo_user`.`username` FROM `autoo_user`; args=()
2016-12-18 10:23:32,693 [Thread-9:13160] [django.db.backends:89] [utils:execute] [DEBUG]- (0.002) INSERT INTO `autoo_user` (`password`, `last_login`, `is_superuser`, `username`, `first_name`, `last_name`, `email`, `is_staff`, `is_active`, `date_joined`, `user_phone`, `user_role_name_id`, `user_describe`, `user_avatar`, `user_register_time`) VALUES ('pbkdf2_sha256$24000$2UArzk3sGHD8$Hfi7Kksfqoq0AcjoUegYLyk6/xQFkdEQ4OrZkvsxsRw=', NULL, 0, 'oioioioi', '', '', '123456@132.bo', 0, 1, '2016-12-18 02:23:32', NULL, NULL, NULL, 'avatar/default.png', '2016-12-18'); args=['pbkdf2_sha256$24000$2UArzk3sGHD8$Hfi7Kksfqoq0AcjoUegYLyk6/xQFkdEQ4OrZkvsxsRw=', None, False, 'oioioioi', '', '', '123456@132.bo', False, True, '2016-12-18 02:23:32', None, None, None, 'avatar/default.png', '2016-12-18']
2016-12-18 10:23:33,177 [Thread-9:13160] [django.db.backends:89] [utils:execute] [DEBUG]- (0.002) UPDATE `autoo_user` SET `password` = 'pbkdf2_sha256$24000$2UArzk3sGHD8$Hfi7Kksfqoq0AcjoUegYLyk6/xQFkdEQ4OrZkvsxsRw=', `last_login` = NULL, `is_superuser` = 0, `username` = 'oioioioi', `first_name` = '', `last_name` = '', `email` = '123456@132.bo', `is_staff` = 0, `is_active` = 1, `date_joined` = '2016-12-18 02:23:32', `user_phone` = NULL, `user_role_name_id` = NULL, `user_describe` = NULL, `user_avatar` = 'avatar/default.png', `user_register_time` = '2016-12-18' WHERE `autoo_user`.`id` = 20; args=('pbkdf2_sha256$24000$2UArzk3sGHD8$Hfi7Kksfqoq0AcjoUegYLyk6/xQFkdEQ4OrZkvsxsRw=', False, 'oioioioi', '', '', '123456@132.bo', False, True, '2016-12-18 02:23:32', 'avatar/default.png', '2016-12-18', 20)
2016-12-18 10:23:33,182 [Thread-9:13160] [django.db.backends:89] [utils:execute] [DEBUG]- (0.001) SELECT (1) AS `a` FROM `django_session` WHERE `django_session`.`session_key` = 'hdcuh6vm4e2a7lfl8ubmg2878eoi5c83' LIMIT 1; args=('hdcuh6vm4e2a7lfl8ubmg2878eoi5c83',)
2016-12-18 10:23:33,183 [Thread-9:13160] [django.db.backends:89] [utils:execute] [DEBUG]- (0.001) INSERT INTO `django_session` (`session_key`, `session_data`, `expire_date`) VALUES ('hdcuh6vm4e2a7lfl8ubmg2878eoi5c83', 'ZWRmZTQ4MjQ3YTczNGE0MzUwNTE1ODI4OWM2MzIzNGI5YTBlY2IwYzp7fQ==', '2017-01-01 02:23:33'); args=('hdcuh6vm4e2a7lfl8ubmg2878eoi5c83', 'ZWRmZTQ4MjQ3YTczNGE0MzUwNTE1ODI4OWM2MzIzNGI5YTBlY2IwYzp7fQ==', '2017-01-01 02:23:33')
2016-12-18 10:23:33,186 [Thread-9:13160] [django.db.backends:89] [utils:execute] [DEBUG]- (0.000) SELECT `django_session`.`session_key`, `django_session`.`session_data`, `django_session`.`expire_date` FROM `django_session` WHERE `django_session`.`session_key` = 'hdcuh6vm4e2a7lfl8ubmg2878eoi5c83'; args=('hdcuh6vm4e2a7lfl8ubmg2878eoi5c83',)
2016-12-18 10:23:33,189 [Thread-9:13160] [django.db.backends:89] [utils:execute] [DEBUG]- (0.001) DELETE FROM `django_session` WHERE `django_session`.`session_key` IN ('hdcuh6vm4e2a7lfl8ubmg2878eoi5c83'); args=('hdcuh6vm4e2a7lfl8ubmg2878eoi5c83',)
2016-12-18 10:23:33,195 [Thread-9:13160] [django.db.backends:89] [utils:execute] [DEBUG]- (0.002) UPDATE `autoo_user` SET `last_login` = '2016-12-18 02:23:33' WHERE `autoo_user`.`id` = 20; args=('2016-12-18 02:23:33', 20)
2016-12-18 10:23:33,201 [Thread-9:13160] [django.db.backends:89] [utils:execute] [DEBUG]- (0.000) UPDATE `django_session` SET `session_data` = 'MDJmNjBiZGE1OGJmNjNjMTVlMjA5NjZhYjYyMzE5Nzg1ZDM5OGVhZTp7Il9hdXRoX3VzZXJfYmFja2VuZCI6ImRqYW5nby5jb250cmliLmF1dGguYmFja2VuZHMuTW9kZWxCYWNrZW5kIiwiX2F1dGhfdXNlcl9pZCI6IjIwIiwiX2F1dGhfdXNlcl9oYXNoIjoiMWViNzRjOWY3NmYwMTIwNDE5NDQ5ZTlmNzg4N2Y3YjdlNjVjNTJmMCJ9', `expire_date` = '2017-01-01 02:23:33' WHERE `django_session`.`session_key` = 'hdcuh6vm4e2a7lfl8ubmg2878eoi5c83'; args=('MDJmNjBiZGE1OGJmNjNjMTVlMjA5NjZhYjYyMzE5Nzg1ZDM5OGVhZTp7Il9hdXRoX3VzZXJfYmFja2VuZCI6ImRqYW5nby5jb250cmliLmF1dGguYmFja2VuZHMuTW9kZWxCYWNrZW5kIiwiX2F1dGhfdXNlcl9pZCI6IjIwIiwiX2F1dGhfdXNlcl9oYXNoIjoiMWViNzRjOWY3NmYwMTIwNDE5NDQ5ZTlmNzg4N2Y3YjdlNjVjNTJmMCJ9', '2017-01-01 02:23:33', 'hdcuh6vm4e2a7lfl8ubmg2878eoi5c83')
2016-12-18 10:23:33,202 [Thread-9:13160] [django.db.backends:89] [utils:execute] [DEBUG]- (0.001) INSERT INTO `django_session` (`session_key`, `session_data`, `expire_date`) VALUES ('hdcuh6vm4e2a7lfl8ubmg2878eoi5c83', 'MDJmNjBiZGE1OGJmNjNjMTVlMjA5NjZhYjYyMzE5Nzg1ZDM5OGVhZTp7Il9hdXRoX3VzZXJfYmFja2VuZCI6ImRqYW5nby5jb250cmliLmF1dGguYmFja2VuZHMuTW9kZWxCYWNrZW5kIiwiX2F1dGhfdXNlcl9pZCI6IjIwIiwiX2F1dGhfdXNlcl9oYXNoIjoiMWViNzRjOWY3NmYwMTIwNDE5NDQ5ZTlmNzg4N2Y3YjdlNjVjNTJmMCJ9', '2017-01-01 02:23:33'); args=('hdcuh6vm4e2a7lfl8ubmg2878eoi5c83', 'MDJmNjBiZGE1OGJmNjNjMTVlMjA5NjZhYjYyMzE5Nzg1ZDM5OGVhZTp7Il9hdXRoX3VzZXJfYmFja2VuZCI6ImRqYW5nby5jb250cmliLmF1dGguYmFja2VuZHMuTW9kZWxCYWNrZW5kIiwiX2F1dGhfdXNlcl9pZCI6IjIwIiwiX2F1dGhfdXNlcl9oYXNoIjoiMWViNzRjOWY3NmYwMTIwNDE5NDQ5ZTlmNzg4N2Y3YjdlNjVjNTJmMCJ9', '2017-01-01 02:23:33')
2016-12-18 10:23:33,263 [Thread-11:11556] [django.db.backends:89] [utils:execute] [DEBUG]- (0.001) SET SQL_AUTO_IS_NULL = 0; args=None
2016-12-18 10:23:33,266 [Thread-11:11556] [django.db.backends:89] [utils:execute] [DEBUG]- (0.000) SET SQL_AUTO_IS_NULL = 0; args=None
2016-12-18 10:23:33,267 [Thread-11:11556] [django.db.backends:89] [utils:execute] [DEBUG]- (0.001) SELECT `django_session`.`session_key`, `django_session`.`session_data`, `django_session`.`expire_date` FROM `django_session` WHERE (`django_session`.`expire_date` > '2016-12-18 02:23:33' AND `django_session`.`session_key` = 'hdcuh6vm4e2a7lfl8ubmg2878eoi5c83'); args=('2016-12-18 02:23:33', 'hdcuh6vm4e2a7lfl8ubmg2878eoi5c83')
2016-12-18 10:23:33,269 [Thread-11:11556] [django.db.backends:89] [utils:execute] [DEBUG]- (0.001) SELECT `autoo_user`.`id`, `autoo_user`.`password`, `autoo_user`.`last_login`, `autoo_user`.`is_superuser`, `autoo_user`.`username`, `autoo_user`.`first_name`, `autoo_user`.`last_name`, `autoo_user`.`email`, `autoo_user`.`is_staff`, `autoo_user`.`is_active`, `autoo_user`.`date_joined`, `autoo_user`.`user_phone`, `autoo_user`.`user_role_name_id`, `autoo_user`.`user_describe`, `autoo_user`.`user_avatar`, `autoo_user`.`user_register_time` FROM `autoo_user` WHERE `autoo_user`.`id` = 20; args=(20,)
2016-12-18 10:23:33,271 [Thread-11:11556] [django.db.backends:89] [utils:execute] [DEBUG]- (0.001) SELECT `autoo_user`.`id`, `autoo_user`.`password`, `autoo_user`.`last_login`, `autoo_user`.`is_superuser`, `autoo_user`.`username`, `autoo_user`.`first_name`, `autoo_user`.`last_name`, `autoo_user`.`email`, `autoo_user`.`is_staff`, `autoo_user`.`is_active`, `autoo_user`.`date_joined`, `autoo_user`.`user_phone`, `autoo_user`.`user_role_name_id`, `autoo_user`.`user_describe`, `autoo_user`.`user_avatar`, `autoo_user`.`user_register_time` FROM `autoo_user` WHERE `autoo_user`.`username` = 'oioioioi'; args=('oioioioi',)
